#
# There is insufficient memory for the Java Runtime Environment to continue.
# Native memory allocation (malloc) failed to allocate 1034736 bytes for Chunk::new
# Possible reasons:
#   The system is out of physical RAM or swap space
#   The process is running with CompressedOops enabled, and the Java Heap may be blocking the growth of the native heap
# Possible solutions:
#   Reduce memory load on the system
#   Increase physical memory or swap space
#   Check if swap backing store is full
#   Decrease Java heap size (-Xmx/-Xms)
#   Decrease number of Java threads
#   Decrease Java thread stack sizes (-Xss)
#   Set larger code cache with -XX:ReservedCodeCacheSize=
#   JVM is running with Unscaled Compressed Oops mode in which the Java heap is
#     placed in the first 4GB address space. The Java Heap base address is the
#     maximum limit for the native heap growth. Please use -XX:HeapBaseMinAddress
#     to set the Java Heap base and to place the Java Heap above 4GB virtual address.
# This output file may be truncated or incomplete.
#
#  Out of Memory Error (./src/hotspot/share/memory/arena.cpp:197), pid=1836, tid=18184
#
# JRE version: OpenJDK Runtime Environment (11.0.11+9) (build 11.0.11+9-b60-7590822)
# Java VM: OpenJDK 64-Bit Server VM (11.0.11+9-b60-7590822, mixed mode, tiered, compressed oops, g1 gc, windows-amd64)
# No core dump will be written. Minidumps are not enabled by default on client versions of Windows
#

---------------  S U M M A R Y ------------

Command Line: --add-opens=java.base/java.util=ALL-UNNAMED --add-opens=java.base/java.lang=ALL-UNNAMED --add-opens=java.base/java.lang.invoke=ALL-UNNAMED --add-opens=java.base/java.util=ALL-UNNAMED --add-opens=java.prefs/java.util.prefs=ALL-UNNAMED --add-opens=java.prefs/java.util.prefs=ALL-UNNAMED --add-opens=java.base/java.nio.charset=ALL-UNNAMED --add-opens=java.base/java.net=ALL-UNNAMED --add-opens=java.base/java.util.concurrent.atomic=ALL-UNNAMED -Xmx2048m -Dfile.encoding=UTF-8 -Duser.country=ID -Duser.language=en -Duser.variant org.gradle.launcher.daemon.bootstrap.GradleDaemon 7.2

Host: Intel(R) Core(TM) i5-10300H CPU @ 2.50GHz, 8 cores, 7G,  Windows 10 , 64 bit Build 22621 (10.0.22621.1635)
Time: Tue May 16 23:24:43 2023 SE Asia Standard Time elapsed time: 11.259123 seconds (0d 0h 0m 11s)

---------------  T H R E A D  ---------------

Current thread (0x000001f4d41f8800):  JavaThread "C2 CompilerThread0" daemon [_thread_in_native, id=18184, stack(0x0000003fd3700000,0x0000003fd3800000)]


Current CompileTask:
C2:  11259 9553       4       java.lang.reflect.AccessibleObject::checkAccess (40 bytes)

Stack: [0x0000003fd3700000,0x0000003fd3800000]
Native frames: (J=compiled Java code, j=interpreted, Vv=VM code, C=native code)
V  [jvm.dll+0x5f214a]
V  [jvm.dll+0x726fb5]
V  [jvm.dll+0x7285cd]
V  [jvm.dll+0x728c83]
V  [jvm.dll+0x243278]
V  [jvm.dll+0xbc53c]
V  [jvm.dll+0xbca3c]
V  [jvm.dll+0x353e3b]
V  [jvm.dll+0x19875c]
V  [jvm.dll+0x1fc2ee]
V  [jvm.dll+0x1fb3d4]
V  [jvm.dll+0x183d6c]
V  [jvm.dll+0x209a57]
V  [jvm.dll+0x2082a1]
V  [jvm.dll+0x6ef58f]
V  [jvm.dll+0x6e80b5]
V  [jvm.dll+0x5f1036]
C  [ucrtbase.dll+0x29363]
C  [KERNEL32.DLL+0x126ad]
C  [ntdll.dll+0x5a9f8]


---------------  P R O C E S S  ---------------

Threads class SMR info:
_java_thread_list=0x000001f4d4927210, length=133, elements={
0x000001f4b953c000, 0x000001f4d39cd800, 0x000001f4d39dc000, 0x000001f4d41f3000,
0x000001f4d41f4000, 0x000001f4d41f7000, 0x000001f4d41f8800, 0x000001f4d41fa800,
0x000001f4d41ff000, 0x000001f4d43ba800, 0x000001f4d5dd5800, 0x000001f4d43e0000,
0x000001f4d6491000, 0x000001f4d5c0a800, 0x000001f4d5c14000, 0x000001f4d6af3800,
0x000001f4d6216800, 0x000001f4d5833800, 0x000001f4d6c0e000, 0x000001f4d69c1800,
0x000001f4d6fc9800, 0x000001f4d6fc7000, 0x000001f4d6fc8000, 0x000001f4d6fc8800,
0x000001f4d6fc3800, 0x000001f4d6fc6000, 0x000001f4d6fca000, 0x000001f4d6fc4800,
0x000001f4d6fc5800, 0x000001f4d7e0d000, 0x000001f4d7e0e000, 0x000001f4d7e0f800,
0x000001f4d7e14800, 0x000001f4d7e10800, 0x000001f4d7e16000, 0x000001f4d7e15800,
0x000001f4d7e17000, 0x000001f4d7e18000, 0x000001f4d7e12000, 0x000001f4d7e18800,
0x000001f4d7e19800, 0x000001f4d7e1b000, 0x000001f4d7e1a000, 0x000001f4d9a11000,
0x000001f4d9a10000, 0x000001f4d9a0e800, 0x000001f4d9a14000, 0x000001f4d9a0f000,
0x000001f4d9a12800, 0x000001f4d9a15000, 0x000001f4d9a16800, 0x000001f4d9a15800,
0x000001f4d9a17800, 0x000001f4d9a13000, 0x000001f4d9a11800, 0x000001f4d9a1b800,
0x000001f4d9a1a800, 0x000001f4d9a18000, 0x000001f4d9a1d000, 0x000001f4d9a19000,
0x000001f4d9a1a000, 0x000001f4d9a1c000, 0x000001f4da3ba000, 0x000001f4da3bb000,
0x000001f4da3b6800, 0x000001f4da3b5000, 0x000001f4da3b6000, 0x000001f4da3bb800,
0x000001f4da3b9000, 0x000001f4da3bc800, 0x000001f4da3bd800, 0x000001f4da3b7800,
0x000001f4da3be000, 0x000001f4da3b8800, 0x000001f4da3c3000, 0x000001f4da3c2000,
0x000001f4da3c4000, 0x000001f4da3bf000, 0x000001f4da3bf800, 0x000001f4da3c0800,
0x000001f4da3c1800, 0x000001f4da4a6800, 0x000001f4da4a5800, 0x000001f4da4a7000,
0x000001f4da4a8000, 0x000001f4da4a9000, 0x000001f4da4a9800, 0x000001f4da4a4000,
0x000001f4da4aa800, 0x000001f4da4a5000, 0x000001f4da4ae800, 0x000001f4da4af800,
0x000001f4da4ad800, 0x000001f4da4b0000, 0x000001f4da4b1000, 0x000001f4da4ab800,
0x000001f4da4b2000, 0x000001f4da4ac000, 0x000001f4da4b2800, 0x000001f4da4ad000,
0x000001f4da2aa000, 0x000001f4da2af000, 0x000001f4da2ac000, 0x000001f4da2a9800,
0x000001f4da2ad800, 0x000001f4da2b0800, 0x000001f4da2ae800, 0x000001f4da2b0000,
0x000001f4da2ab000, 0x000001f4da2b2800, 0x000001f4da2b1800, 0x000001f4da2ac800,
0x000001f4da2b3000, 0x000001f4da2b4000, 0x000001f4da2b8000, 0x000001f4da2b5000,
0x000001f4da2b7800, 0x000001f4da2b5800, 0x000001f4da2b6800, 0x000001f4da322000,
0x000001f4da320800, 0x000001f4da31e000, 0x000001f4da31d800, 0x000001f4da324000,
0x000001f4da321800, 0x000001f4da324800, 0x000001f4da31f000, 0x000001f4da325800,
0x000001f4da31f800, 0x000001f4da329800, 0x000001f4da327000, 0x000001f4da32a800,
0x000001f4da32b000
}

Java Threads: ( => current thread )
  0x000001f4b953c000 JavaThread "main" [_thread_blocked, id=23500, stack(0x0000003fd2b00000,0x0000003fd2c00000)]
  0x000001f4d39cd800 JavaThread "Reference Handler" daemon [_thread_blocked, id=2836, stack(0x0000003fd3200000,0x0000003fd3300000)]
  0x000001f4d39dc000 JavaThread "Finalizer" daemon [_thread_blocked, id=6756, stack(0x0000003fd3300000,0x0000003fd3400000)]
  0x000001f4d41f3000 JavaThread "Signal Dispatcher" daemon [_thread_blocked, id=2404, stack(0x0000003fd3400000,0x0000003fd3500000)]
  0x000001f4d41f4000 JavaThread "Attach Listener" daemon [_thread_blocked, id=20264, stack(0x0000003fd3500000,0x0000003fd3600000)]
  0x000001f4d41f7000 JavaThread "Service Thread" daemon [_thread_blocked, id=3476, stack(0x0000003fd3600000,0x0000003fd3700000)]
=>0x000001f4d41f8800 JavaThread "C2 CompilerThread0" daemon [_thread_in_native, id=18184, stack(0x0000003fd3700000,0x0000003fd3800000)]
  0x000001f4d41fa800 JavaThread "C1 CompilerThread0" daemon [_thread_blocked, id=6732, stack(0x0000003fd3800000,0x0000003fd3900000)]
  0x000001f4d41ff000 JavaThread "Sweeper thread" daemon [_thread_blocked, id=9816, stack(0x0000003fd3900000,0x0000003fd3a00000)]
  0x000001f4d43ba800 JavaThread "Common-Cleaner" daemon [_thread_blocked, id=23396, stack(0x0000003fd3a00000,0x0000003fd3b00000)]
  0x000001f4d5dd5800 JavaThread "Daemon health stats" [_thread_blocked, id=20244, stack(0x0000003fd3f00000,0x0000003fd4000000)]
  0x000001f4d43e0000 JavaThread "Incoming local TCP Connector on port 18429" [_thread_in_native, id=13528, stack(0x0000003fd3c00000,0x0000003fd3d00000)]
  0x000001f4d6491000 JavaThread "Daemon periodic checks" [_thread_blocked, id=10844, stack(0x0000003fd4000000,0x0000003fd4100000)]
  0x000001f4d5c0a800 JavaThread "Daemon" [_thread_blocked, id=4076, stack(0x0000003fd4100000,0x0000003fd4200000)]
  0x000001f4d5c14000 JavaThread "Handler for socket connection from /127.0.0.1:18429 to /127.0.0.1:18430" [_thread_in_native, id=14840, stack(0x0000003fd4200000,0x0000003fd4300000)]
  0x000001f4d6af3800 JavaThread "Cancel handler" [_thread_blocked, id=21780, stack(0x0000003fd4300000,0x0000003fd4400000)]
  0x000001f4d6216800 JavaThread "Daemon worker" [_thread_blocked, id=17524, stack(0x0000003fd4400000,0x0000003fd4500000)]
  0x000001f4d5833800 JavaThread "C2 CompilerThread1" daemon [_thread_in_native, id=1148, stack(0x0000003fd4500000,0x0000003fd4600000)]
  0x000001f4d6c0e000 JavaThread "Asynchronous log dispatcher for DefaultDaemonConnection: socket connection from /127.0.0.1:18429 to /127.0.0.1:18430" [_thread_blocked, id=21104, stack(0x0000003fd4600000,0x0000003fd4700000)]
  0x000001f4d69c1800 JavaThread "Stdin handler" [_thread_blocked, id=21036, stack(0x0000003fd4700000,0x0000003fd4800000)]
  0x000001f4d6fc9800 JavaThread "Daemon client event forwarder" [_thread_blocked, id=6632, stack(0x0000003fd4800000,0x0000003fd4900000)]
  0x000001f4d6fc7000 JavaThread "Cache worker for journal cache (F:\AndroidStudio\Coffee\app\src\main\res\drawable\caches\journal-1)" [_thread_blocked, id=20604, stack(0x0000003fd4f00000,0x0000003fd5000000)]
  0x000001f4d6fc8000 JavaThread "File lock request listener" [_thread_in_native, id=18068, stack(0x0000003fd5000000,0x0000003fd5100000)]
  0x000001f4d6fc8800 JavaThread "Cache worker for file hash cache (F:\AndroidStudio\Coffee\app\src\main\res\drawable\caches\7.2\fileHashes)" [_thread_blocked, id=14976, stack(0x0000003fd5100000,0x0000003fd5200000)]
  0x000001f4d6fc3800 JavaThread "Cache worker for file hash cache (F:\AndroidStudio\MoCalc\.gradle\7.2\fileHashes)" [_thread_blocked, id=20368, stack(0x0000003fd5300000,0x0000003fd5400000)]
  0x000001f4d6fc6000 JavaThread "File watcher server" daemon [_thread_in_native, id=10720, stack(0x0000003fd5400000,0x0000003fd5500000)]
  0x000001f4d6fca000 JavaThread "File watcher consumer" daemon [_thread_blocked, id=20996, stack(0x0000003fd5500000,0x0000003fd5600000)]
  0x000001f4d6fc4800 JavaThread "Cache worker for checksums cache (F:\AndroidStudio\MoCalc\.gradle\checksums)" [_thread_blocked, id=11320, stack(0x0000003fd5600000,0x0000003fd5700000)]
  0x000001f4d6fc5800 JavaThread "Cache worker for cache directory md-supplier (F:\AndroidStudio\Coffee\app\src\main\res\drawable\caches\7.2\md-supplier)" [_thread_blocked, id=19812, stack(0x0000003fd5700000,0x0000003fd5800000)]
  0x000001f4d7e0d000 JavaThread "Cache worker for cache directory md-rule (F:\AndroidStudio\Coffee\app\src\main\res\drawable\caches\7.2\md-rule)" [_thread_blocked, id=8472, stack(0x0000003fd5800000,0x0000003fd5900000)]
  0x000001f4d7e0e000 JavaThread "Cache worker for execution history cache (F:\AndroidStudio\Coffee\app\src\main\res\drawable\caches\7.2\executionHistory)" [_thread_blocked, id=19656, stack(0x0000003fd5900000,0x0000003fd5a00000)]
  0x000001f4d7e0f800 JavaThread "jar transforms" [_thread_blocked, id=23112, stack(0x0000003fd5a00000,0x0000003fd5b00000)]
  0x000001f4d7e14800 JavaThread "jar transforms Thread 2" [_thread_blocked, id=20460, stack(0x0000003fd5b00000,0x0000003fd5c00000)]
  0x000001f4d7e10800 JavaThread "Cache worker for file content cache (F:\AndroidStudio\Coffee\app\src\main\res\drawable\caches\7.2\fileContent)" [_thread_blocked, id=10500, stack(0x0000003fd5c00000,0x0000003fd5d00000)]
  0x000001f4d7e16000 JavaThread "Cache worker for dependencies-accessors (F:\AndroidStudio\MoCalc\.gradle\7.2\dependencies-accessors)" [_thread_blocked, id=24456, stack(0x0000003fd5d00000,0x0000003fd5e00000)]
  0x000001f4d7e15800 JavaThread "jar transforms Thread 3" [_thread_blocked, id=12312, stack(0x0000003fd5e00000,0x0000003fd5f00000)]
  0x000001f4d7e17000 JavaThread "Cache worker for Build Output Cleanup Cache (F:\AndroidStudio\MoCalc\.gradle\buildOutputCleanup)" [_thread_blocked, id=14608, stack(0x0000003fd5f00000,0x0000003fd6000000)]
  0x000001f4d7e18000 JavaThread "Unconstrained build operations" [_thread_blocked, id=19136, stack(0x0000003fd6000000,0x0000003fd6100000)]
  0x000001f4d7e12000 JavaThread "Unconstrained build operations Thread 2" [_thread_blocked, id=7832, stack(0x0000003fd6100000,0x0000003fd6200000)]
  0x000001f4d7e18800 JavaThread "Unconstrained build operations Thread 3" [_thread_blocked, id=5880, stack(0x0000003fd6200000,0x0000003fd6300000)]
  0x000001f4d7e19800 JavaThread "Unconstrained build operations Thread 4" [_thread_blocked, id=22208, stack(0x0000003fd6300000,0x0000003fd6400000)]
  0x000001f4d7e1b000 JavaThread "Unconstrained build operations Thread 5" [_thread_blocked, id=2976, stack(0x0000003fd6400000,0x0000003fd6500000)]
  0x000001f4d7e1a000 JavaThread "Unconstrained build operations Thread 6" [_thread_blocked, id=5036, stack(0x0000003fd6500000,0x0000003fd6600000)]
  0x000001f4d9a11000 JavaThread "Unconstrained build operations Thread 7" [_thread_blocked, id=2116, stack(0x0000003fd6600000,0x0000003fd6700000)]
  0x000001f4d9a10000 JavaThread "Unconstrained build operations Thread 8" [_thread_blocked, id=11428, stack(0x0000003fd6700000,0x0000003fd6800000)]
  0x000001f4d9a0e800 JavaThread "Unconstrained build operations Thread 9" [_thread_blocked, id=24116, stack(0x0000003fd6800000,0x0000003fd6900000)]
  0x000001f4d9a14000 JavaThread "Unconstrained build operations Thread 10" [_thread_blocked, id=18960, stack(0x0000003fd6900000,0x0000003fd6a00000)]
  0x000001f4d9a0f000 JavaThread "Unconstrained build operations Thread 11" [_thread_blocked, id=16472, stack(0x0000003fd6a00000,0x0000003fd6b00000)]
  0x000001f4d9a12800 JavaThread "Unconstrained build operations Thread 12" [_thread_blocked, id=24292, stack(0x0000003fd6b00000,0x0000003fd6c00000)]
  0x000001f4d9a15000 JavaThread "Unconstrained build operations Thread 13" [_thread_blocked, id=3092, stack(0x0000003fd6c00000,0x0000003fd6d00000)]
  0x000001f4d9a16800 JavaThread "Unconstrained build operations Thread 14" [_thread_blocked, id=19488, stack(0x0000003fd6d00000,0x0000003fd6e00000)]
  0x000001f4d9a15800 JavaThread "Unconstrained build operations Thread 15" [_thread_blocked, id=7372, stack(0x0000003fd6e00000,0x0000003fd6f00000)]
  0x000001f4d9a17800 JavaThread "Unconstrained build operations Thread 16" [_thread_blocked, id=16860, stack(0x0000003fd6f00000,0x0000003fd7000000)]
  0x000001f4d9a13000 JavaThread "Unconstrained build operations Thread 17" [_thread_blocked, id=19008, stack(0x0000003fd7000000,0x0000003fd7100000)]
  0x000001f4d9a11800 JavaThread "Unconstrained build operations Thread 18" [_thread_blocked, id=23760, stack(0x0000003fd7100000,0x0000003fd7200000)]
  0x000001f4d9a1b800 JavaThread "Unconstrained build operations Thread 19" [_thread_blocked, id=4812, stack(0x0000003fd7200000,0x0000003fd7300000)]
  0x000001f4d9a1a800 JavaThread "Unconstrained build operations Thread 20" [_thread_blocked, id=21580, stack(0x0000003fd7300000,0x0000003fd7400000)]
  0x000001f4d9a18000 JavaThread "Unconstrained build operations Thread 21" [_thread_blocked, id=8568, stack(0x0000003fd7400000,0x0000003fd7500000)]
  0x000001f4d9a1d000 JavaThread "Unconstrained build operations Thread 22" [_thread_blocked, id=18868, stack(0x0000003fd7500000,0x0000003fd7600000)]
  0x000001f4d9a19000 JavaThread "Unconstrained build operations Thread 23" [_thread_blocked, id=17596, stack(0x0000003fd7600000,0x0000003fd7700000)]
  0x000001f4d9a1a000 JavaThread "Unconstrained build operations Thread 24" [_thread_blocked, id=24072, stack(0x0000003fd7700000,0x0000003fd7800000)]
  0x000001f4d9a1c000 JavaThread "Unconstrained build operations Thread 25" [_thread_blocked, id=20848, stack(0x0000003fd7800000,0x0000003fd7900000)]
  0x000001f4da3ba000 JavaThread "Unconstrained build operations Thread 26" [_thread_blocked, id=24156, stack(0x0000003fd7900000,0x0000003fd7a00000)]
  0x000001f4da3bb000 JavaThread "Unconstrained build operations Thread 27" [_thread_blocked, id=20188, stack(0x0000003fd7a00000,0x0000003fd7b00000)]
  0x000001f4da3b6800 JavaThread "Unconstrained build operations Thread 28" [_thread_blocked, id=10312, stack(0x0000003fd7b00000,0x0000003fd7c00000)]
  0x000001f4da3b5000 JavaThread "Unconstrained build operations Thread 29" [_thread_blocked, id=14636, stack(0x0000003fd7c00000,0x0000003fd7d00000)]
  0x000001f4da3b6000 JavaThread "Unconstrained build operations Thread 30" [_thread_blocked, id=12444, stack(0x0000003fd7d00000,0x0000003fd7e00000)]
  0x000001f4da3bb800 JavaThread "Unconstrained build operations Thread 31" [_thread_blocked, id=15824, stack(0x0000003fd7e00000,0x0000003fd7f00000)]
  0x000001f4da3b9000 JavaThread "Unconstrained build operations Thread 32" [_thread_blocked, id=22964, stack(0x0000003fd7f00000,0x0000003fd8000000)]
  0x000001f4da3bc800 JavaThread "Unconstrained build operations Thread 33" [_thread_blocked, id=3556, stack(0x0000003fd8000000,0x0000003fd8100000)]
  0x000001f4da3bd800 JavaThread "Unconstrained build operations Thread 34" [_thread_blocked, id=20692, stack(0x0000003fd8100000,0x0000003fd8200000)]
  0x000001f4da3b7800 JavaThread "Unconstrained build operations Thread 35" [_thread_blocked, id=24016, stack(0x0000003fd8200000,0x0000003fd8300000)]
  0x000001f4da3be000 JavaThread "Unconstrained build operations Thread 36" [_thread_blocked, id=8040, stack(0x0000003fd8300000,0x0000003fd8400000)]
  0x000001f4da3b8800 JavaThread "Unconstrained build operations Thread 37" [_thread_blocked, id=22292, stack(0x0000003fd8400000,0x0000003fd8500000)]
  0x000001f4da3c3000 JavaThread "Unconstrained build operations Thread 38" [_thread_blocked, id=20240, stack(0x0000003fd8500000,0x0000003fd8600000)]
  0x000001f4da3c2000 JavaThread "Unconstrained build operations Thread 39" [_thread_blocked, id=20024, stack(0x0000003fd8600000,0x0000003fd8700000)]
  0x000001f4da3c4000 JavaThread "Unconstrained build operations Thread 40" [_thread_blocked, id=16928, stack(0x0000003fd8700000,0x0000003fd8800000)]
  0x000001f4da3bf000 JavaThread "Unconstrained build operations Thread 41" [_thread_blocked, id=22124, stack(0x0000003fd8800000,0x0000003fd8900000)]
  0x000001f4da3bf800 JavaThread "Unconstrained build operations Thread 42" [_thread_blocked, id=18896, stack(0x0000003fd8900000,0x0000003fd8a00000)]
  0x000001f4da3c0800 JavaThread "Unconstrained build operations Thread 43" [_thread_blocked, id=11996, stack(0x0000003fd8a00000,0x0000003fd8b00000)]
  0x000001f4da3c1800 JavaThread "Unconstrained build operations Thread 44" [_thread_blocked, id=23448, stack(0x0000003fd8b00000,0x0000003fd8c00000)]
  0x000001f4da4a6800 JavaThread "Unconstrained build operations Thread 45" [_thread_blocked, id=14852, stack(0x0000003fd8c00000,0x0000003fd8d00000)]
  0x000001f4da4a5800 JavaThread "Unconstrained build operations Thread 46" [_thread_blocked, id=20404, stack(0x0000003fd8d00000,0x0000003fd8e00000)]
  0x000001f4da4a7000 JavaThread "Unconstrained build operations Thread 47" [_thread_blocked, id=13304, stack(0x0000003fd8e00000,0x0000003fd8f00000)]
  0x000001f4da4a8000 JavaThread "Unconstrained build operations Thread 48" [_thread_blocked, id=14764, stack(0x0000003fd8f00000,0x0000003fd9000000)]
  0x000001f4da4a9000 JavaThread "Unconstrained build operations Thread 49" [_thread_blocked, id=3132, stack(0x0000003fd9000000,0x0000003fd9100000)]
  0x000001f4da4a9800 JavaThread "Unconstrained build operations Thread 50" [_thread_blocked, id=23568, stack(0x0000003fd9100000,0x0000003fd9200000)]
  0x000001f4da4a4000 JavaThread "Unconstrained build operations Thread 51" [_thread_blocked, id=8356, stack(0x0000003fd9200000,0x0000003fd9300000)]
  0x000001f4da4aa800 JavaThread "Unconstrained build operations Thread 52" [_thread_blocked, id=1076, stack(0x0000003fd9300000,0x0000003fd9400000)]
  0x000001f4da4a5000 JavaThread "Unconstrained build operations Thread 53" [_thread_blocked, id=24320, stack(0x0000003fd9400000,0x0000003fd9500000)]
  0x000001f4da4ae800 JavaThread "Unconstrained build operations Thread 54" [_thread_blocked, id=13416, stack(0x0000003fd9500000,0x0000003fd9600000)]
  0x000001f4da4af800 JavaThread "Unconstrained build operations Thread 55" [_thread_blocked, id=24472, stack(0x0000003fd9600000,0x0000003fd9700000)]
  0x000001f4da4ad800 JavaThread "Unconstrained build operations Thread 56" [_thread_blocked, id=7384, stack(0x0000003fd9700000,0x0000003fd9800000)]
  0x000001f4da4b0000 JavaThread "Unconstrained build operations Thread 57" [_thread_blocked, id=23796, stack(0x0000003fd9800000,0x0000003fd9900000)]
  0x000001f4da4b1000 JavaThread "Unconstrained build operations Thread 58" [_thread_blocked, id=12804, stack(0x0000003fd9900000,0x0000003fd9a00000)]
  0x000001f4da4ab800 JavaThread "Unconstrained build operations Thread 59" [_thread_blocked, id=20156, stack(0x0000003fd9a00000,0x0000003fd9b00000)]
  0x000001f4da4b2000 JavaThread "Unconstrained build operations Thread 60" [_thread_blocked, id=6664, stack(0x0000003fd9b00000,0x0000003fd9c00000)]
  0x000001f4da4ac000 JavaThread "Unconstrained build operations Thread 61" [_thread_blocked, id=7496, stack(0x0000003fd9c00000,0x0000003fd9d00000)]
  0x000001f4da4b2800 JavaThread "Unconstrained build operations Thread 62" [_thread_blocked, id=20316, stack(0x0000003fd9d00000,0x0000003fd9e00000)]
  0x000001f4da4ad000 JavaThread "Unconstrained build operations Thread 63" [_thread_blocked, id=24024, stack(0x0000003fd9e00000,0x0000003fd9f00000)]
  0x000001f4da2aa000 JavaThread "Unconstrained build operations Thread 64" [_thread_blocked, id=22736, stack(0x0000003fd9f00000,0x0000003fda000000)]
  0x000001f4da2af000 JavaThread "Unconstrained build operations Thread 65" [_thread_blocked, id=13864, stack(0x0000003fda000000,0x0000003fda100000)]
  0x000001f4da2ac000 JavaThread "Unconstrained build operations Thread 66" [_thread_blocked, id=16692, stack(0x0000003fda100000,0x0000003fda200000)]
  0x000001f4da2a9800 JavaThread "Unconstrained build operations Thread 67" [_thread_blocked, id=22504, stack(0x0000003fda200000,0x0000003fda300000)]
  0x000001f4da2ad800 JavaThread "Unconstrained build operations Thread 68" [_thread_blocked, id=18144, stack(0x0000003fda300000,0x0000003fda400000)]
  0x000001f4da2b0800 JavaThread "Unconstrained build operations Thread 69" [_thread_blocked, id=10524, stack(0x0000003fda400000,0x0000003fda500000)]
  0x000001f4da2ae800 JavaThread "Unconstrained build operations Thread 70" [_thread_blocked, id=11844, stack(0x0000003fda500000,0x0000003fda600000)]
  0x000001f4da2b0000 JavaThread "Unconstrained build operations Thread 71" [_thread_blocked, id=14300, stack(0x0000003fda600000,0x0000003fda700000)]
  0x000001f4da2ab000 JavaThread "Unconstrained build operations Thread 72" [_thread_blocked, id=4320, stack(0x0000003fda700000,0x0000003fda800000)]
  0x000001f4da2b2800 JavaThread "Unconstrained build operations Thread 73" [_thread_blocked, id=2256, stack(0x0000003fda800000,0x0000003fda900000)]
  0x000001f4da2b1800 JavaThread "Unconstrained build operations Thread 74" [_thread_blocked, id=21236, stack(0x0000003fda900000,0x0000003fdaa00000)]
  0x000001f4da2ac800 JavaThread "Unconstrained build operations Thread 75" [_thread_blocked, id=6520, stack(0x0000003fdaa00000,0x0000003fdab00000)]
  0x000001f4da2b3000 JavaThread "Unconstrained build operations Thread 76" [_thread_blocked, id=4352, stack(0x0000003fdab00000,0x0000003fdac00000)]
  0x000001f4da2b4000 JavaThread "Unconstrained build operations Thread 77" [_thread_blocked, id=22884, stack(0x0000003fdac00000,0x0000003fdad00000)]
  0x000001f4da2b8000 JavaThread "Unconstrained build operations Thread 78" [_thread_blocked, id=23676, stack(0x0000003fdad00000,0x0000003fdae00000)]
  0x000001f4da2b5000 JavaThread "Unconstrained build operations Thread 79" [_thread_blocked, id=4028, stack(0x0000003fdae00000,0x0000003fdaf00000)]
  0x000001f4da2b7800 JavaThread "Unconstrained build operations Thread 80" [_thread_blocked, id=23988, stack(0x0000003fdaf00000,0x0000003fdb000000)]
  0x000001f4da2b5800 JavaThread "jar transforms Thread 4" [_thread_blocked, id=5260, stack(0x0000003fdb000000,0x0000003fdb100000)]
  0x000001f4da2b6800 JavaThread "jar transforms Thread 5" [_thread_blocked, id=16292, stack(0x0000003fdb100000,0x0000003fdb200000)]
  0x000001f4da322000 JavaThread "jar transforms Thread 6" [_thread_blocked, id=5368, stack(0x0000003fdb200000,0x0000003fdb300000)]
  0x000001f4da320800 JavaThread "jar transforms Thread 7" [_thread_blocked, id=9824, stack(0x0000003fdb300000,0x0000003fdb400000)]
  0x000001f4da31e000 JavaThread "jar transforms Thread 8" [_thread_blocked, id=8364, stack(0x0000003fdb400000,0x0000003fdb500000)]
  0x000001f4da31d800 JavaThread "Memory manager" [_thread_blocked, id=7564, stack(0x0000003fdb500000,0x0000003fdb600000)]
  0x000001f4da324000 JavaThread "build event listener" [_thread_blocked, id=8516, stack(0x0000003fdb600000,0x0000003fdb700000)]
  0x000001f4da321800 JavaThread "Execution worker for ':'" [_thread_blocked, id=8620, stack(0x0000003fdb700000,0x0000003fdb800000)]
  0x000001f4da324800 JavaThread "Execution worker for ':' Thread 2" [_thread_blocked, id=22256, stack(0x0000003fdb800000,0x0000003fdb900000)]
  0x000001f4da31f000 JavaThread "Execution worker for ':' Thread 3" [_thread_blocked, id=14000, stack(0x0000003fdb900000,0x0000003fdba00000)]
  0x000001f4da325800 JavaThread "Execution worker for ':' Thread 4" [_thread_blocked, id=13828, stack(0x0000003fdba00000,0x0000003fdbb00000)]
  0x000001f4da31f800 JavaThread "Execution worker for ':' Thread 5" [_thread_blocked, id=15704, stack(0x0000003fdbb00000,0x0000003fdbc00000)]
  0x000001f4da329800 JavaThread "Execution worker for ':' Thread 6" [_thread_blocked, id=1176, stack(0x0000003fdbc00000,0x0000003fdbd00000)]
  0x000001f4da327000 JavaThread "Execution worker for ':' Thread 7" [_thread_in_Java, id=22092, stack(0x0000003fdbd00000,0x0000003fdbe00000)]
  0x000001f4da32a800 JavaThread "Cache worker for execution history cache (F:\AndroidStudio\MoCalc\.gradle\7.2\executionHistory)" [_thread_blocked, id=23464, stack(0x0000003fdbe00000,0x0000003fdbf00000)]
  0x000001f4da32b000 JavaThread "WorkerExecutor Queue" [_thread_blocked, id=8792, stack(0x0000003fdbf00000,0x0000003fdc000000)]

Other Threads:
  0x000001f4d41e7800 VMThread "VM Thread" [stack: 0x0000003fd3100000,0x0000003fd3200000] [id=20556]
  0x000001f4d4421000 WatcherThread [stack: 0x0000003fd3b00000,0x0000003fd3c00000] [id=20704]
  0x000001f4b9556800 GCTaskThread "GC Thread#0" [stack: 0x0000003fd2c00000,0x0000003fd2d00000] [id=22892]
  0x000001f4d54c2800 GCTaskThread "GC Thread#1" [stack: 0x0000003fd3d00000,0x0000003fd3e00000] [id=22516]
  0x000001f4d54c3800 GCTaskThread "GC Thread#2" [stack: 0x0000003fd3e00000,0x0000003fd3f00000] [id=10476]
  0x000001f4d6217800 GCTaskThread "GC Thread#3" [stack: 0x0000003fd4900000,0x0000003fd4a00000] [id=13720]
  0x000001f4d5834800 GCTaskThread "GC Thread#4" [stack: 0x0000003fd4a00000,0x0000003fd4b00000] [id=18524]
  0x000001f4d5631000 GCTaskThread "GC Thread#5" [stack: 0x0000003fd4b00000,0x0000003fd4c00000] [id=10684]
  0x000001f4d61b0800 GCTaskThread "GC Thread#6" [stack: 0x0000003fd4c00000,0x0000003fd4d00000] [id=19832]
  0x000001f4d6802800 GCTaskThread "GC Thread#7" [stack: 0x0000003fd4d00000,0x0000003fd4e00000] [id=10268]
  0x000001f4b95a3800 ConcurrentGCThread "G1 Main Marker" [stack: 0x0000003fd2d00000,0x0000003fd2e00000] [id=22336]
  0x000001f4b95a4800 ConcurrentGCThread "G1 Conc#0" [stack: 0x0000003fd2e00000,0x0000003fd2f00000] [id=17292]
  0x000001f4d619d000 ConcurrentGCThread "G1 Conc#1" [stack: 0x0000003fd5200000,0x0000003fd5300000] [id=14688]
  0x000001f4b960e000 ConcurrentGCThread "G1 Refine#0" [stack: 0x0000003fd2f00000,0x0000003fd3000000] [id=18164]
  0x000001f4d4b38000 ConcurrentGCThread "G1 Refine#1" [stack: 0x0000003fd4e00000,0x0000003fd4f00000] [id=9848]
  0x000001f4d381a800 ConcurrentGCThread "G1 Young RemSet Sampling" [stack: 0x0000003fd3000000,0x0000003fd3100000] [id=16740]

Threads with active compile tasks:
C2 CompilerThread0  11295 9553       4       java.lang.reflect.AccessibleObject::checkAccess (40 bytes)
C2 CompilerThread1  11295 9410       4       java.lang.reflect.Method::invoke (65 bytes)

VM state:not at safepoint (normal execution)

VM Mutex/Monitor currently owned by a thread: None

Heap address: 0x0000000080000000, size: 2048 MB, Compressed Oops mode: 32-bit
Narrow klass base: 0x0000000000000000, Narrow klass shift: 3
Compressed class space size: 1073741824 Address: 0x0000000100000000

Heap:
 garbage-first heap   total 187392K, used 108003K [0x0000000080000000, 0x0000000100000000)
  region size 1024K, 49 young (50176K), 9 survivors (9216K)
 Metaspace       used 86555K, capacity 88902K, committed 89164K, reserved 1126400K
  class space    used 11277K, capacity 12080K, committed 12108K, reserved 1048576K
Heap Regions: E=young(eden), S=young(survivor), O=old, HS=humongous(starts), HC=humongous(continues), CS=collection set, F=free, A=archive, TAMS=top-at-mark-start (previous, next)
|   0|0x0000000080000000, 0x0000000080100000, 0x0000000080100000|100%| O|  |TAMS 0x0000000080100000, 0x0000000080000000| Untracked 
|   1|0x0000000080100000, 0x0000000080200000, 0x0000000080200000|100%| O|  |TAMS 0x0000000080200000, 0x0000000080100000| Untracked 
|   2|0x0000000080200000, 0x0000000080300000, 0x0000000080300000|100%| O|  |TAMS 0x0000000080300000, 0x0000000080200000| Untracked 
|   3|0x0000000080300000, 0x0000000080400000, 0x0000000080400000|100%|HS|  |TAMS 0x0000000080400000, 0x0000000080300000| Complete 
|   4|0x0000000080400000, 0x0000000080500000, 0x0000000080500000|100%|HC|  |TAMS 0x0000000080500000, 0x0000000080400000| Complete 
|   5|0x0000000080500000, 0x0000000080600000, 0x0000000080600000|100%|HC|  |TAMS 0x0000000080600000, 0x0000000080500000| Complete 
|   6|0x0000000080600000, 0x0000000080700000, 0x0000000080700000|100%| O|  |TAMS 0x0000000080700000, 0x0000000080600000| Untracked 
|   7|0x0000000080700000, 0x0000000080800000, 0x0000000080800000|100%| O|  |TAMS 0x0000000080800000, 0x0000000080700000| Untracked 
|   8|0x0000000080800000, 0x0000000080900000, 0x0000000080900000|100%| O|  |TAMS 0x0000000080900000, 0x0000000080800000| Untracked 
|   9|0x0000000080900000, 0x0000000080a00000, 0x0000000080a00000|100%| O|  |TAMS 0x0000000080a00000, 0x0000000080900000| Untracked 
|  10|0x0000000080a00000, 0x0000000080b00000, 0x0000000080b00000|100%| O|  |TAMS 0x0000000080b00000, 0x0000000080a00000| Untracked 
|  11|0x0000000080b00000, 0x0000000080c00000, 0x0000000080c00000|100%| O|  |TAMS 0x0000000080c00000, 0x0000000080b00000| Untracked 
|  12|0x0000000080c00000, 0x0000000080d00000, 0x0000000080d00000|100%| O|  |TAMS 0x0000000080d00000, 0x0000000080c00000| Untracked 
|  13|0x0000000080d00000, 0x0000000080e00000, 0x0000000080e00000|100%| O|  |TAMS 0x0000000080e00000, 0x0000000080d00000| Untracked 
|  14|0x0000000080e00000, 0x0000000080f00000, 0x0000000080f00000|100%| O|  |TAMS 0x0000000080f00000, 0x0000000080e00000| Untracked 
|  15|0x0000000080f00000, 0x0000000081000000, 0x0000000081000000|100%| O|  |TAMS 0x0000000081000000, 0x0000000080f00000| Untracked 
|  16|0x0000000081000000, 0x0000000081100000, 0x0000000081100000|100%|HS|  |TAMS 0x0000000081100000, 0x0000000081000000| Complete 
|  17|0x0000000081100000, 0x0000000081200000, 0x0000000081200000|100%| O|  |TAMS 0x0000000081200000, 0x0000000081100000| Untracked 
|  18|0x0000000081200000, 0x0000000081300000, 0x0000000081300000|100%| O|  |TAMS 0x0000000081300000, 0x0000000081200000| Untracked 
|  19|0x0000000081300000, 0x0000000081400000, 0x0000000081400000|100%| O|  |TAMS 0x0000000081400000, 0x0000000081300000| Untracked 
|  20|0x0000000081400000, 0x0000000081500000, 0x0000000081500000|100%| O|  |TAMS 0x0000000081500000, 0x0000000081400000| Untracked 
|  21|0x0000000081500000, 0x0000000081600000, 0x0000000081600000|100%| O|  |TAMS 0x0000000081600000, 0x0000000081500000| Untracked 
|  22|0x0000000081600000, 0x0000000081700000, 0x0000000081700000|100%| O|  |TAMS 0x0000000081700000, 0x0000000081600000| Untracked 
|  23|0x0000000081700000, 0x0000000081800000, 0x0000000081800000|100%| O|  |TAMS 0x0000000081800000, 0x0000000081700000| Untracked 
|  24|0x0000000081800000, 0x0000000081900000, 0x0000000081900000|100%|HS|  |TAMS 0x0000000081900000, 0x0000000081800000| Complete 
|  25|0x0000000081900000, 0x0000000081a00000, 0x0000000081a00000|100%|HS|  |TAMS 0x0000000081a00000, 0x0000000081900000| Complete 
|  26|0x0000000081a00000, 0x0000000081b00000, 0x0000000081b00000|100%|HS|  |TAMS 0x0000000081b00000, 0x0000000081a00000| Complete 
|  27|0x0000000081b00000, 0x0000000081c00000, 0x0000000081c00000|100%|HC|  |TAMS 0x0000000081c00000, 0x0000000081b00000| Complete 
|  28|0x0000000081c00000, 0x0000000081d00000, 0x0000000081d00000|100%| O|  |TAMS 0x0000000081d00000, 0x0000000081c00000| Untracked 
|  29|0x0000000081d00000, 0x0000000081e00000, 0x0000000081e00000|100%| O|  |TAMS 0x0000000081e00000, 0x0000000081d00000| Untracked 
|  30|0x0000000081e00000, 0x0000000081f00000, 0x0000000081f00000|100%| O|  |TAMS 0x0000000081f00000, 0x0000000081e00000| Untracked 
|  31|0x0000000081f00000, 0x0000000082000000, 0x0000000082000000|100%| O|  |TAMS 0x0000000082000000, 0x0000000081f00000| Untracked 
|  32|0x0000000082000000, 0x0000000082100000, 0x0000000082100000|100%| O|  |TAMS 0x0000000082100000, 0x0000000082000000| Untracked 
|  33|0x0000000082100000, 0x0000000082200000, 0x0000000082200000|100%| O|  |TAMS 0x0000000082200000, 0x0000000082100000| Untracked 
|  34|0x0000000082200000, 0x0000000082300000, 0x0000000082300000|100%| O|  |TAMS 0x0000000082300000, 0x0000000082200000| Untracked 
|  35|0x0000000082300000, 0x0000000082400000, 0x0000000082400000|100%| O|  |TAMS 0x0000000082400000, 0x0000000082300000| Untracked 
|  36|0x0000000082400000, 0x0000000082500000, 0x0000000082500000|100%| O|  |TAMS 0x0000000082500000, 0x0000000082400000| Untracked 
|  37|0x0000000082500000, 0x0000000082600000, 0x0000000082600000|100%| O|  |TAMS 0x0000000082600000, 0x0000000082500000| Untracked 
|  38|0x0000000082600000, 0x0000000082700000, 0x0000000082700000|100%| O|  |TAMS 0x0000000082700000, 0x0000000082600000| Untracked 
|  39|0x0000000082700000, 0x0000000082800000, 0x0000000082800000|100%| O|  |TAMS 0x0000000082800000, 0x0000000082700000| Untracked 
|  40|0x0000000082800000, 0x0000000082900000, 0x0000000082900000|100%| O|  |TAMS 0x0000000082900000, 0x0000000082800000| Untracked 
|  41|0x0000000082900000, 0x0000000082a00000, 0x0000000082a00000|100%| O|  |TAMS 0x0000000082a00000, 0x0000000082900000| Untracked 
|  42|0x0000000082a00000, 0x0000000082b00000, 0x0000000082b00000|100%| O|  |TAMS 0x0000000082acac00, 0x0000000082a00000| Untracked 
|  43|0x0000000082b00000, 0x0000000082c00000, 0x0000000082c00000|100%| O|  |TAMS 0x0000000082b00000, 0x0000000082b00000| Untracked 
|  44|0x0000000082c00000, 0x0000000082d00000, 0x0000000082d00000|100%| O|  |TAMS 0x0000000082c00000, 0x0000000082c00000| Untracked 
|  45|0x0000000082d00000, 0x0000000082e00000, 0x0000000082e00000|100%| O|  |TAMS 0x0000000082d00000, 0x0000000082d00000| Untracked 
|  46|0x0000000082e00000, 0x0000000082f00000, 0x0000000082f00000|100%| O|  |TAMS 0x0000000082e00000, 0x0000000082e00000| Untracked 
|  47|0x0000000082f00000, 0x0000000083000000, 0x0000000083000000|100%| O|  |TAMS 0x0000000082f00000, 0x0000000082f00000| Untracked 
|  48|0x0000000083000000, 0x0000000083100000, 0x0000000083100000|100%| O|  |TAMS 0x0000000083000000, 0x0000000083000000| Untracked 
|  49|0x0000000083100000, 0x0000000083200000, 0x0000000083200000|100%| O|  |TAMS 0x0000000083100000, 0x0000000083100000| Untracked 
|  50|0x0000000083200000, 0x0000000083300000, 0x0000000083300000|100%| O|  |TAMS 0x0000000083200000, 0x0000000083200000| Untracked 
|  51|0x0000000083300000, 0x0000000083400000, 0x0000000083400000|100%| O|  |TAMS 0x0000000083300000, 0x0000000083300000| Untracked 
|  52|0x0000000083400000, 0x0000000083500000, 0x0000000083500000|100%| O|  |TAMS 0x0000000083400000, 0x0000000083400000| Untracked 
|  53|0x0000000083500000, 0x0000000083600000, 0x0000000083600000|100%| O|  |TAMS 0x0000000083500000, 0x0000000083500000| Untracked 
|  54|0x0000000083600000, 0x0000000083700000, 0x0000000083700000|100%| O|  |TAMS 0x0000000083600000, 0x0000000083600000| Untracked 
|  55|0x0000000083700000, 0x0000000083800000, 0x0000000083800000|100%| O|  |TAMS 0x0000000083700000, 0x0000000083700000| Untracked 
|  56|0x0000000083800000, 0x0000000083900000, 0x0000000083900000|100%| O|  |TAMS 0x0000000083800000, 0x0000000083800000| Untracked 
|  57|0x0000000083900000, 0x00000000839a8000, 0x0000000083a00000| 65%| O|  |TAMS 0x0000000083900000, 0x0000000083900000| Untracked 
|  58|0x0000000083a00000, 0x0000000083a00000, 0x0000000083b00000|  0%| F|  |TAMS 0x0000000083a00000, 0x0000000083a00000| Untracked 
|  59|0x0000000083b00000, 0x0000000083b00000, 0x0000000083c00000|  0%| F|  |TAMS 0x0000000083b00000, 0x0000000083b00000| Untracked 
|  60|0x0000000083c00000, 0x0000000083c00000, 0x0000000083d00000|  0%| F|  |TAMS 0x0000000083c00000, 0x0000000083c00000| Untracked 
|  61|0x0000000083d00000, 0x0000000083d00000, 0x0000000083e00000|  0%| F|  |TAMS 0x0000000083d00000, 0x0000000083d00000| Untracked 
|  62|0x0000000083e00000, 0x0000000083e00000, 0x0000000083f00000|  0%| F|  |TAMS 0x0000000083e00000, 0x0000000083e00000| Untracked 
|  63|0x0000000083f00000, 0x0000000083f00000, 0x0000000084000000|  0%| F|  |TAMS 0x0000000083f00000, 0x0000000083f00000| Untracked 
|  64|0x0000000084000000, 0x0000000084000000, 0x0000000084100000|  0%| F|  |TAMS 0x0000000084000000, 0x0000000084000000| Untracked 
|  65|0x0000000084100000, 0x0000000084100000, 0x0000000084200000|  0%| F|  |TAMS 0x0000000084100000, 0x0000000084100000| Untracked 
|  66|0x0000000084200000, 0x0000000084200000, 0x0000000084300000|  0%| F|  |TAMS 0x0000000084200000, 0x0000000084200000| Untracked 
|  67|0x0000000084300000, 0x0000000084300000, 0x0000000084400000|  0%| F|  |TAMS 0x0000000084300000, 0x0000000084300000| Untracked 
|  68|0x0000000084400000, 0x0000000084400000, 0x0000000084500000|  0%| F|  |TAMS 0x0000000084400000, 0x0000000084400000| Untracked 
|  69|0x0000000084500000, 0x0000000084500000, 0x0000000084600000|  0%| F|  |TAMS 0x0000000084500000, 0x0000000084500000| Untracked 
|  70|0x0000000084600000, 0x0000000084600000, 0x0000000084700000|  0%| F|  |TAMS 0x0000000084600000, 0x0000000084600000| Untracked 
|  71|0x0000000084700000, 0x0000000084700000, 0x0000000084800000|  0%| F|  |TAMS 0x0000000084700000, 0x0000000084700000| Untracked 
|  72|0x0000000084800000, 0x0000000084800000, 0x0000000084900000|  0%| F|  |TAMS 0x0000000084800000, 0x0000000084800000| Untracked 
|  73|0x0000000084900000, 0x0000000084900000, 0x0000000084a00000|  0%| F|  |TAMS 0x0000000084900000, 0x0000000084900000| Untracked 
|  74|0x0000000084a00000, 0x0000000084a00000, 0x0000000084b00000|  0%| F|  |TAMS 0x0000000084a00000, 0x0000000084a00000| Untracked 
|  75|0x0000000084b00000, 0x0000000084b00000, 0x0000000084c00000|  0%| F|  |TAMS 0x0000000084b00000, 0x0000000084b00000| Untracked 
|  76|0x0000000084c00000, 0x0000000084c00000, 0x0000000084d00000|  0%| F|  |TAMS 0x0000000084c00000, 0x0000000084c00000| Untracked 
|  77|0x0000000084d00000, 0x0000000084d00000, 0x0000000084e00000|  0%| F|  |TAMS 0x0000000084d00000, 0x0000000084d00000| Untracked 
|  78|0x0000000084e00000, 0x0000000084e00000, 0x0000000084f00000|  0%| F|  |TAMS 0x0000000084e00000, 0x0000000084e00000| Untracked 
|  79|0x0000000084f00000, 0x0000000084f00000, 0x0000000085000000|  0%| F|  |TAMS 0x0000000084f00000, 0x0000000084f00000| Untracked 
|  80|0x0000000085000000, 0x0000000085000000, 0x0000000085100000|  0%| F|  |TAMS 0x0000000085000000, 0x0000000085000000| Untracked 
|  81|0x0000000085100000, 0x0000000085100000, 0x0000000085200000|  0%| F|  |TAMS 0x0000000085100000, 0x0000000085100000| Untracked 
|  82|0x0000000085200000, 0x0000000085200000, 0x0000000085300000|  0%| F|  |TAMS 0x0000000085200000, 0x0000000085200000| Untracked 
|  83|0x0000000085300000, 0x0000000085300000, 0x0000000085400000|  0%| F|  |TAMS 0x0000000085300000, 0x0000000085300000| Untracked 
|  84|0x0000000085400000, 0x0000000085400000, 0x0000000085500000|  0%| F|  |TAMS 0x0000000085400000, 0x0000000085400000| Untracked 
|  85|0x0000000085500000, 0x0000000085500000, 0x0000000085600000|  0%| F|  |TAMS 0x0000000085500000, 0x0000000085500000| Untracked 
|  86|0x0000000085600000, 0x0000000085600000, 0x0000000085700000|  0%| F|  |TAMS 0x0000000085600000, 0x0000000085600000| Untracked 
|  87|0x0000000085700000, 0x0000000085700000, 0x0000000085800000|  0%| F|  |TAMS 0x0000000085700000, 0x0000000085700000| Untracked 
|  88|0x0000000085800000, 0x0000000085800000, 0x0000000085900000|  0%| F|  |TAMS 0x0000000085800000, 0x0000000085800000| Untracked 
|  89|0x0000000085900000, 0x0000000085900000, 0x0000000085a00000|  0%| F|  |TAMS 0x0000000085900000, 0x0000000085900000| Untracked 
|  90|0x0000000085a00000, 0x0000000085a00000, 0x0000000085b00000|  0%| F|  |TAMS 0x0000000085a00000, 0x0000000085a00000| Untracked 
|  91|0x0000000085b00000, 0x0000000085b00000, 0x0000000085c00000|  0%| F|  |TAMS 0x0000000085b00000, 0x0000000085b00000| Untracked 
|  92|0x0000000085c00000, 0x0000000085cd0c00, 0x0000000085d00000| 81%| S|CS|TAMS 0x0000000085c00000, 0x0000000085c00000| Complete 
|  93|0x0000000085d00000, 0x0000000085e00000, 0x0000000085e00000|100%| S|CS|TAMS 0x0000000085d00000, 0x0000000085d00000| Complete 
|  94|0x0000000085e00000, 0x0000000085f00000, 0x0000000085f00000|100%| S|CS|TAMS 0x0000000085e00000, 0x0000000085e00000| Complete 
|  95|0x0000000085f00000, 0x0000000086000000, 0x0000000086000000|100%| S|CS|TAMS 0x0000000085f00000, 0x0000000085f00000| Complete 
|  96|0x0000000086000000, 0x0000000086100000, 0x0000000086100000|100%| S|CS|TAMS 0x0000000086000000, 0x0000000086000000| Complete 
|  97|0x0000000086100000, 0x0000000086200000, 0x0000000086200000|100%| S|CS|TAMS 0x0000000086100000, 0x0000000086100000| Complete 
|  98|0x0000000086200000, 0x0000000086300000, 0x0000000086300000|100%| S|CS|TAMS 0x0000000086200000, 0x0000000086200000| Complete 
|  99|0x0000000086300000, 0x0000000086400000, 0x0000000086400000|100%| S|CS|TAMS 0x0000000086300000, 0x0000000086300000| Complete 
| 100|0x0000000086400000, 0x0000000086400000, 0x0000000086500000|  0%| F|  |TAMS 0x0000000086400000, 0x0000000086400000| Untracked 
| 101|0x0000000086500000, 0x0000000086500000, 0x0000000086600000|  0%| F|  |TAMS 0x0000000086500000, 0x0000000086500000| Untracked 
| 102|0x0000000086600000, 0x0000000086600000, 0x0000000086700000|  0%| F|  |TAMS 0x0000000086600000, 0x0000000086600000| Untracked 
| 103|0x0000000086700000, 0x0000000086700000, 0x0000000086800000|  0%| F|  |TAMS 0x0000000086700000, 0x0000000086700000| Untracked 
| 104|0x0000000086800000, 0x0000000086800000, 0x0000000086900000|  0%| F|  |TAMS 0x0000000086800000, 0x0000000086800000| Untracked 
| 105|0x0000000086900000, 0x0000000086900000, 0x0000000086a00000|  0%| F|  |TAMS 0x0000000086900000, 0x0000000086900000| Untracked 
| 106|0x0000000086a00000, 0x0000000086a00000, 0x0000000086b00000|  0%| F|  |TAMS 0x0000000086a00000, 0x0000000086a00000| Untracked 
| 107|0x0000000086b00000, 0x0000000086b00000, 0x0000000086c00000|  0%| F|  |TAMS 0x0000000086b00000, 0x0000000086b00000| Untracked 
| 108|0x0000000086c00000, 0x0000000086c00000, 0x0000000086d00000|  0%| F|  |TAMS 0x0000000086c00000, 0x0000000086c00000| Untracked 
| 109|0x0000000086d00000, 0x0000000086d00000, 0x0000000086e00000|  0%| F|  |TAMS 0x0000000086d00000, 0x0000000086d00000| Untracked 
| 110|0x0000000086e00000, 0x0000000086f00000, 0x0000000086f00000|100%| S|CS|TAMS 0x0000000086e00000, 0x0000000086e00000| Complete 
| 111|0x0000000086f00000, 0x0000000086f00000, 0x0000000087000000|  0%| F|  |TAMS 0x0000000086f00000, 0x0000000086f00000| Untracked 
| 112|0x0000000087000000, 0x0000000087000000, 0x0000000087100000|  0%| F|  |TAMS 0x0000000087000000, 0x0000000087000000| Untracked 
| 113|0x0000000087100000, 0x0000000087100000, 0x0000000087200000|  0%| F|  |TAMS 0x0000000087100000, 0x0000000087100000| Untracked 
| 114|0x0000000087200000, 0x0000000087200000, 0x0000000087300000|  0%| F|  |TAMS 0x0000000087200000, 0x0000000087200000| Untracked 
| 115|0x0000000087300000, 0x0000000087300000, 0x0000000087400000|  0%| F|  |TAMS 0x0000000087300000, 0x0000000087300000| Untracked 
| 116|0x0000000087400000, 0x0000000087400000, 0x0000000087500000|  0%| F|  |TAMS 0x0000000087400000, 0x0000000087400000| Untracked 
| 117|0x0000000087500000, 0x0000000087500000, 0x0000000087600000|  0%| F|  |TAMS 0x0000000087500000, 0x0000000087500000| Untracked 
| 118|0x0000000087600000, 0x0000000087600000, 0x0000000087700000|  0%| F|  |TAMS 0x0000000087600000, 0x0000000087600000| Untracked 
| 119|0x0000000087700000, 0x0000000087700000, 0x0000000087800000|  0%| F|  |TAMS 0x0000000087700000, 0x0000000087700000| Untracked 
| 120|0x0000000087800000, 0x0000000087800000, 0x0000000087900000|  0%| F|  |TAMS 0x0000000087800000, 0x0000000087800000| Untracked 
| 121|0x0000000087900000, 0x0000000087900000, 0x0000000087a00000|  0%| F|  |TAMS 0x0000000087900000, 0x0000000087900000| Untracked 
| 122|0x0000000087a00000, 0x0000000087a00000, 0x0000000087b00000|  0%| F|  |TAMS 0x0000000087a00000, 0x0000000087a00000| Untracked 
| 123|0x0000000087b00000, 0x0000000087b00000, 0x0000000087c00000|  0%| F|  |TAMS 0x0000000087b00000, 0x0000000087b00000| Untracked 
| 124|0x0000000087c00000, 0x0000000087c00000, 0x0000000087d00000|  0%| F|  |TAMS 0x0000000087c00000, 0x0000000087c00000| Untracked 
| 125|0x0000000087d00000, 0x0000000087d00000, 0x0000000087e00000|  0%| F|  |TAMS 0x0000000087d00000, 0x0000000087d00000| Untracked 
| 126|0x0000000087e00000, 0x0000000087e00000, 0x0000000087f00000|  0%| F|  |TAMS 0x0000000087e00000, 0x0000000087e00000| Untracked 
| 127|0x0000000087f00000, 0x0000000087f00000, 0x0000000088000000|  0%| F|  |TAMS 0x0000000087f00000, 0x0000000087f00000| Untracked 
| 128|0x0000000088000000, 0x0000000088000000, 0x0000000088100000|  0%| F|  |TAMS 0x0000000088000000, 0x0000000088000000| Untracked 
| 129|0x0000000088100000, 0x0000000088100000, 0x0000000088200000|  0%| F|  |TAMS 0x0000000088100000, 0x0000000088100000| Untracked 
| 130|0x0000000088200000, 0x0000000088200000, 0x0000000088300000|  0%| F|  |TAMS 0x0000000088200000, 0x0000000088200000| Untracked 
| 131|0x0000000088300000, 0x0000000088300000, 0x0000000088400000|  0%| F|  |TAMS 0x0000000088300000, 0x0000000088300000| Untracked 
| 132|0x0000000088400000, 0x0000000088400000, 0x0000000088500000|  0%| F|  |TAMS 0x0000000088400000, 0x0000000088400000| Untracked 
| 133|0x0000000088500000, 0x0000000088500000, 0x0000000088600000|  0%| F|  |TAMS 0x0000000088500000, 0x0000000088500000| Untracked 
| 134|0x0000000088600000, 0x0000000088600000, 0x0000000088700000|  0%| F|  |TAMS 0x0000000088600000, 0x0000000088600000| Untracked 
| 135|0x0000000088700000, 0x0000000088700000, 0x0000000088800000|  0%| F|  |TAMS 0x0000000088700000, 0x0000000088700000| Untracked 
| 136|0x0000000088800000, 0x0000000088800000, 0x0000000088900000|  0%| F|  |TAMS 0x0000000088800000, 0x0000000088800000| Untracked 
| 137|0x0000000088900000, 0x0000000088900000, 0x0000000088a00000|  0%| F|  |TAMS 0x0000000088900000, 0x0000000088900000| Untracked 
| 138|0x0000000088a00000, 0x0000000088a00000, 0x0000000088b00000|  0%| F|  |TAMS 0x0000000088a00000, 0x0000000088a00000| Untracked 
| 139|0x0000000088b00000, 0x0000000088b00000, 0x0000000088c00000|  0%| F|  |TAMS 0x0000000088b00000, 0x0000000088b00000| Untracked 
| 140|0x0000000088c00000, 0x0000000088c00000, 0x0000000088d00000|  0%| F|  |TAMS 0x0000000088c00000, 0x0000000088c00000| Untracked 
| 141|0x0000000088d00000, 0x0000000088d00000, 0x0000000088e00000|  0%| F|  |TAMS 0x0000000088d00000, 0x0000000088d00000| Untracked 
| 142|0x0000000088e00000, 0x0000000088e2dff0, 0x0000000088f00000| 17%| E|  |TAMS 0x0000000088e00000, 0x0000000088e00000| Complete 
| 143|0x0000000088f00000, 0x0000000089000000, 0x0000000089000000|100%| E|CS|TAMS 0x0000000088f00000, 0x0000000088f00000| Complete 
| 144|0x0000000089000000, 0x0000000089100000, 0x0000000089100000|100%| E|CS|TAMS 0x0000000089000000, 0x0000000089000000| Complete 
| 145|0x0000000089100000, 0x0000000089200000, 0x0000000089200000|100%| E|CS|TAMS 0x0000000089100000, 0x0000000089100000| Complete 
| 146|0x0000000089200000, 0x0000000089300000, 0x0000000089300000|100%| E|CS|TAMS 0x0000000089200000, 0x0000000089200000| Complete 
| 147|0x0000000089300000, 0x0000000089400000, 0x0000000089400000|100%| E|CS|TAMS 0x0000000089300000, 0x0000000089300000| Complete 
| 148|0x0000000089400000, 0x0000000089500000, 0x0000000089500000|100%| E|CS|TAMS 0x0000000089400000, 0x0000000089400000| Complete 
| 149|0x0000000089500000, 0x0000000089600000, 0x0000000089600000|100%| E|CS|TAMS 0x0000000089500000, 0x0000000089500000| Complete 
| 150|0x0000000089600000, 0x0000000089700000, 0x0000000089700000|100%| E|CS|TAMS 0x0000000089600000, 0x0000000089600000| Complete 
| 151|0x0000000089700000, 0x0000000089800000, 0x0000000089800000|100%| E|CS|TAMS 0x0000000089700000, 0x0000000089700000| Complete 
| 152|0x0000000089800000, 0x0000000089900000, 0x0000000089900000|100%| E|CS|TAMS 0x0000000089800000, 0x0000000089800000| Complete 
| 153|0x0000000089900000, 0x0000000089a00000, 0x0000000089a00000|100%| E|CS|TAMS 0x0000000089900000, 0x0000000089900000| Complete 
| 154|0x0000000089a00000, 0x0000000089b00000, 0x0000000089b00000|100%| E|CS|TAMS 0x0000000089a00000, 0x0000000089a00000| Complete 
| 155|0x0000000089b00000, 0x0000000089c00000, 0x0000000089c00000|100%| E|CS|TAMS 0x0000000089b00000, 0x0000000089b00000| Complete 
| 156|0x0000000089c00000, 0x0000000089d00000, 0x0000000089d00000|100%| E|CS|TAMS 0x0000000089c00000, 0x0000000089c00000| Complete 
| 157|0x0000000089d00000, 0x0000000089e00000, 0x0000000089e00000|100%| E|CS|TAMS 0x0000000089d00000, 0x0000000089d00000| Complete 
| 158|0x0000000089e00000, 0x0000000089f00000, 0x0000000089f00000|100%| E|CS|TAMS 0x0000000089e00000, 0x0000000089e00000| Complete 
| 159|0x0000000089f00000, 0x000000008a000000, 0x000000008a000000|100%| E|CS|TAMS 0x0000000089f00000, 0x0000000089f00000| Complete 
| 160|0x000000008a000000, 0x000000008a100000, 0x000000008a100000|100%| E|CS|TAMS 0x000000008a000000, 0x000000008a000000| Complete 
| 161|0x000000008a100000, 0x000000008a200000, 0x000000008a200000|100%| E|CS|TAMS 0x000000008a100000, 0x000000008a100000| Complete 
| 162|0x000000008a200000, 0x000000008a300000, 0x000000008a300000|100%| E|CS|TAMS 0x000000008a200000, 0x000000008a200000| Complete 
| 163|0x000000008a300000, 0x000000008a400000, 0x000000008a400000|100%| E|CS|TAMS 0x000000008a300000, 0x000000008a300000| Complete 
| 164|0x000000008a400000, 0x000000008a500000, 0x000000008a500000|100%| E|CS|TAMS 0x000000008a400000, 0x000000008a400000| Complete 
| 165|0x000000008a500000, 0x000000008a600000, 0x000000008a600000|100%| E|CS|TAMS 0x000000008a500000, 0x000000008a500000| Complete 
| 166|0x000000008a600000, 0x000000008a700000, 0x000000008a700000|100%| E|CS|TAMS 0x000000008a600000, 0x000000008a600000| Complete 
| 167|0x000000008a700000, 0x000000008a800000, 0x000000008a800000|100%| E|CS|TAMS 0x000000008a700000, 0x000000008a700000| Complete 
| 168|0x000000008a800000, 0x000000008a900000, 0x000000008a900000|100%| E|CS|TAMS 0x000000008a800000, 0x000000008a800000| Complete 
| 169|0x000000008a900000, 0x000000008aa00000, 0x000000008aa00000|100%| E|CS|TAMS 0x000000008a900000, 0x000000008a900000| Complete 
| 170|0x000000008aa00000, 0x000000008ab00000, 0x000000008ab00000|100%| E|CS|TAMS 0x000000008aa00000, 0x000000008aa00000| Complete 
| 171|0x000000008ab00000, 0x000000008ac00000, 0x000000008ac00000|100%| E|CS|TAMS 0x000000008ab00000, 0x000000008ab00000| Complete 
| 172|0x000000008ac00000, 0x000000008ad00000, 0x000000008ad00000|100%| E|CS|TAMS 0x000000008ac00000, 0x000000008ac00000| Complete 
| 173|0x000000008ad00000, 0x000000008ae00000, 0x000000008ae00000|100%| E|CS|TAMS 0x000000008ad00000, 0x000000008ad00000| Complete 
| 174|0x000000008ae00000, 0x000000008af00000, 0x000000008af00000|100%| E|CS|TAMS 0x000000008ae00000, 0x000000008ae00000| Complete 
| 175|0x000000008af00000, 0x000000008b000000, 0x000000008b000000|100%| E|CS|TAMS 0x000000008af00000, 0x000000008af00000| Complete 
| 176|0x000000008b000000, 0x000000008b100000, 0x000000008b100000|100%| E|CS|TAMS 0x000000008b000000, 0x000000008b000000| Complete 
| 177|0x000000008b100000, 0x000000008b200000, 0x000000008b200000|100%| E|CS|TAMS 0x000000008b100000, 0x000000008b100000| Complete 
| 178|0x000000008b200000, 0x000000008b300000, 0x000000008b300000|100%| E|CS|TAMS 0x000000008b200000, 0x000000008b200000| Complete 
| 179|0x000000008b300000, 0x000000008b400000, 0x000000008b400000|100%| E|CS|TAMS 0x000000008b300000, 0x000000008b300000| Complete 
| 180|0x000000008b400000, 0x000000008b500000, 0x000000008b500000|100%| E|CS|TAMS 0x000000008b400000, 0x000000008b400000| Complete 
| 181|0x000000008b500000, 0x000000008b600000, 0x000000008b600000|100%| E|CS|TAMS 0x000000008b500000, 0x000000008b500000| Complete 
| 182|0x000000008b600000, 0x000000008b700000, 0x000000008b700000|100%| E|CS|TAMS 0x000000008b600000, 0x000000008b600000| Complete 

Card table byte_map: [0x000001f4cc760000,0x000001f4ccb60000] _byte_map_base: 0x000001f4cc360000

Marking Bits (Prev, Next): (CMBitMap*) 0x000001f4b959ad60, (CMBitMap*) 0x000001f4b959ad28
 Prev Bits: [0x000001f4cef60000, 0x000001f4d0f60000)
 Next Bits: [0x000001f4ccf60000, 0x000001f4cef60000)

Polling page: 0x000001f4b7490000

Metaspace:

Usage:
  Non-class:     75.02 MB capacity,    73.52 MB ( 98%) used,     1.26 MB (  2%) free+waste,   244.19 KB ( <1%) overhead. 
      Class:     11.80 MB capacity,    11.01 MB ( 93%) used,   690.38 KB (  6%) free+waste,   112.06 KB ( <1%) overhead. 
       Both:     86.82 MB capacity,    84.53 MB ( 97%) used,     1.94 MB (  2%) free+waste,   356.25 KB ( <1%) overhead. 

Virtual space:
  Non-class space:       76.00 MB reserved,      75.25 MB (>99%) committed 
      Class space:        1.00 GB reserved,      11.82 MB (  1%) committed 
             Both:        1.07 GB reserved,      87.07 MB (  8%) committed 

Chunk freelists:
   Non-Class:  41.00 KB
       Class:  16.00 KB
        Both:  57.00 KB

MaxMetaspaceSize: 17179869184.00 GB
CompressedClassSpaceSize: 1.00 GB

CodeHeap 'non-profiled nmethods': size=120000Kb used=5347Kb max_used=5347Kb free=114653Kb
 bounds [0x000001f4c4b00000, 0x000001f4c5040000, 0x000001f4cc030000]
CodeHeap 'profiled nmethods': size=120000Kb used=21164Kb max_used=21164Kb free=98835Kb
 bounds [0x000001f4bd5d0000, 0x000001f4bea80000, 0x000001f4c4b00000]
CodeHeap 'non-nmethods': size=5760Kb used=2286Kb max_used=2324Kb free=3473Kb
 bounds [0x000001f4bd030000, 0x000001f4bd2a0000, 0x000001f4bd5d0000]
 total_blobs=10500 nmethods=9612 adapters=799
 compilation: enabled
              stopped_count=0, restarted_count=0
 full_count=0

Compilation events (20 events):
Event: 11.234 Thread 0x000001f4d41fa800 9624       1       com.google.common.cache.LocalCache$WeakValueReference::getEntry (5 bytes)
Event: 11.234 Thread 0x000001f4d41fa800 nmethod 9624 0x000001f4c5037710 code [0x000001f4c50378c0, 0x000001f4c5037978]
Event: 11.234 Thread 0x000001f4d41fa800 9625       1       com.google.common.cache.LocalCache$WeakValueReference::getWeight (2 bytes)
Event: 11.234 Thread 0x000001f4d41fa800 nmethod 9625 0x000001f4c5037a10 code [0x000001f4c5037bc0, 0x000001f4c5037c78]
Event: 11.234 Thread 0x000001f4d41fa800 9626       1       com.google.common.cache.RemovalCause$3::wasEvicted (2 bytes)
Event: 11.234 Thread 0x000001f4d41fa800 nmethod 9626 0x000001f4c5037d10 code [0x000001f4c5037ec0, 0x000001f4c5037f78]
Event: 11.243 Thread 0x000001f4d41fa800 9627       3       org.objectweb.asm.AnnotationWriter::computeAnnotationsSize (42 bytes)
Event: 11.243 Thread 0x000001f4d41fa800 nmethod 9627 0x000001f4bea5a110 code [0x000001f4bea5a2e0, 0x000001f4bea5a528]
Event: 11.248 Thread 0x000001f4d41fa800 9628       3       org.gradle.internal.classloader.ClassLoaderVisitor::<init> (21 bytes)
Event: 11.249 Thread 0x000001f4d41fa800 nmethod 9628 0x000001f4bea5a690 code [0x000001f4bea5a900, 0x000001f4bea5b3b8]
Event: 11.249 Thread 0x000001f4d41fa800 9629       3       org.gradle.internal.classloader.ClassLoaderVisitor::<init> (10 bytes)
Event: 11.249 Thread 0x000001f4d41fa800 nmethod 9629 0x000001f4bea5b790 code [0x000001f4bea5b940, 0x000001f4bea5baf8]
Event: 11.249 Thread 0x000001f4d41fa800 9630       3       org.apache.xerces.impl.XMLNSDocumentScannerImpl::scanAttribute (586 bytes)
Event: 11.252 Thread 0x000001f4d41fa800 nmethod 9630 0x000001f4bea5bb90 code [0x000001f4bea5c180, 0x000001f4bea5fab8]
Event: 11.252 Thread 0x000001f4d41fa800 9632       3       org.apache.xerces.parsers.AbstractSAXParser$AttributesProxy::getLength (10 bytes)
Event: 11.252 Thread 0x000001f4d41fa800 nmethod 9632 0x000001f4bea60f10 code [0x000001f4bea610c0, 0x000001f4bea61218]
Event: 11.252 Thread 0x000001f4d41fa800 9631       3       org.apache.xerces.util.XMLAttributesImpl::getName (14 bytes)
Event: 11.252 Thread 0x000001f4d41fa800 nmethod 9631 0x000001f4bea61310 code [0x000001f4bea614e0, 0x000001f4bea61818]
Event: 11.252 Thread 0x000001f4d41fa800 9633       3       org.apache.xerces.dom.AttrImpl::setValue (369 bytes)
Event: 11.254 Thread 0x000001f4d41fa800 nmethod 9633 0x000001f4bea61990 code [0x000001f4bea61ea0, 0x000001f4bea65728]

GC Heap History (20 events):
Event: 2.982 GC heap before
{Heap before GC invocations=5 (full 0):
 garbage-first heap   total 129024K, used 68527K [0x0000000080000000, 0x0000000100000000)
  region size 1024K, 53 young (54272K), 4 survivors (4096K)
 Metaspace       used 35009K, capacity 35792K, committed 35840K, reserved 1081344K
  class space    used 4555K, capacity 4864K, committed 4864K, reserved 1048576K
}
Event: 2.989 GC heap after
{Heap after GC invocations=6 (full 0):
 garbage-first heap   total 129024K, used 22711K [0x0000000080000000, 0x0000000100000000)
  region size 1024K, 7 young (7168K), 7 survivors (7168K)
 Metaspace       used 35009K, capacity 35792K, committed 35840K, reserved 1081344K
  class space    used 4555K, capacity 4864K, committed 4864K, reserved 1048576K
}
Event: 3.533 GC heap before
{Heap before GC invocations=7 (full 0):
 garbage-first heap   total 129024K, used 92343K [0x0000000080000000, 0x0000000100000000)
  region size 1024K, 73 young (74752K), 7 survivors (7168K)
 Metaspace       used 41237K, capacity 42212K, committed 42316K, reserved 1085440K
  class space    used 5337K, capacity 5691K, committed 5708K, reserved 1048576K
}
Event: 3.540 GC heap after
{Heap after GC invocations=8 (full 0):
 garbage-first heap   total 129024K, used 26883K [0x0000000080000000, 0x0000000100000000)
  region size 1024K, 8 young (8192K), 8 survivors (8192K)
 Metaspace       used 41237K, capacity 42212K, committed 42316K, reserved 1085440K
  class space    used 5337K, capacity 5691K, committed 5708K, reserved 1048576K
}
Event: 4.246 GC heap before
{Heap before GC invocations=8 (full 0):
 garbage-first heap   total 129024K, used 93443K [0x0000000080000000, 0x0000000100000000)
  region size 1024K, 73 young (74752K), 8 survivors (8192K)
 Metaspace       used 46280K, capacity 47431K, committed 47692K, reserved 1091584K
  class space    used 5948K, capacity 6365K, committed 6476K, reserved 1048576K
}
Event: 4.253 GC heap after
{Heap after GC invocations=9 (full 0):
 garbage-first heap   total 155648K, used 30083K [0x0000000080000000, 0x0000000100000000)
  region size 1024K, 8 young (8192K), 8 survivors (8192K)
 Metaspace       used 46280K, capacity 47431K, committed 47692K, reserved 1091584K
  class space    used 5948K, capacity 6365K, committed 6476K, reserved 1048576K
}
Event: 5.449 GC heap before
{Heap before GC invocations=9 (full 0):
 garbage-first heap   total 155648K, used 114051K [0x0000000080000000, 0x0000000100000000)
  region size 1024K, 86 young (88064K), 8 survivors (8192K)
 Metaspace       used 50547K, capacity 51927K, committed 52044K, reserved 1093632K
  class space    used 6447K, capacity 6954K, committed 6988K, reserved 1048576K
}
Event: 5.458 GC heap after
{Heap after GC invocations=10 (full 0):
 garbage-first heap   total 155648K, used 43600K [0x0000000080000000, 0x0000000100000000)
  region size 1024K, 11 young (11264K), 11 survivors (11264K)
 Metaspace       used 50547K, capacity 51927K, committed 52044K, reserved 1093632K
  class space    used 6447K, capacity 6954K, committed 6988K, reserved 1048576K
}
Event: 6.083 GC heap before
{Heap before GC invocations=10 (full 0):
 garbage-first heap   total 155648K, used 96848K [0x0000000080000000, 0x0000000100000000)
  region size 1024K, 64 young (65536K), 11 survivors (11264K)
 Metaspace       used 58501K, capacity 60043K, committed 60236K, reserved 1101824K
  class space    used 7450K, capacity 7993K, committed 8012K, reserved 1048576K
}
Event: 6.097 GC heap after
{Heap after GC invocations=11 (full 0):
 garbage-first heap   total 155648K, used 46476K [0x0000000080000000, 0x0000000100000000)
  region size 1024K, 3 young (3072K), 3 survivors (3072K)
 Metaspace       used 58501K, capacity 60043K, committed 60236K, reserved 1101824K
  class space    used 7450K, capacity 7993K, committed 8012K, reserved 1048576K
}
Event: 6.809 GC heap before
{Heap before GC invocations=12 (full 0):
 garbage-first heap   total 155648K, used 110988K [0x0000000080000000, 0x0000000100000000)
  region size 1024K, 66 young (67584K), 3 survivors (3072K)
 Metaspace       used 64418K, capacity 66088K, committed 66252K, reserved 1105920K
  class space    used 8202K, capacity 8798K, committed 8908K, reserved 1048576K
}
Event: 6.815 GC heap after
{Heap after GC invocations=13 (full 0):
 garbage-first heap   total 155648K, used 50987K [0x0000000080000000, 0x0000000100000000)
  region size 1024K, 7 young (7168K), 7 survivors (7168K)
 Metaspace       used 64418K, capacity 66088K, committed 66252K, reserved 1105920K
  class space    used 8202K, capacity 8798K, committed 8908K, reserved 1048576K
}
Event: 7.461 GC heap before
{Heap before GC invocations=13 (full 0):
 garbage-first heap   total 155648K, used 114475K [0x0000000080000000, 0x0000000100000000)
  region size 1024K, 69 young (70656K), 7 survivors (7168K)
 Metaspace       used 68926K, capacity 70593K, committed 70860K, reserved 1110016K
  class space    used 8946K, capacity 9552K, committed 9676K, reserved 1048576K
}
Event: 7.469 GC heap after
{Heap after GC invocations=14 (full 0):
 garbage-first heap   total 155648K, used 55725K [0x0000000080000000, 0x0000000100000000)
  region size 1024K, 5 young (5120K), 5 survivors (5120K)
 Metaspace       used 68926K, capacity 70593K, committed 70860K, reserved 1110016K
  class space    used 8946K, capacity 9552K, committed 9676K, reserved 1048576K
}
Event: 8.159 GC heap before
{Heap before GC invocations=14 (full 0):
 garbage-first heap   total 155648K, used 118189K [0x0000000080000000, 0x0000000100000000)
  region size 1024K, 66 young (67584K), 5 survivors (5120K)
 Metaspace       used 75577K, capacity 77430K, committed 77644K, reserved 1116160K
  class space    used 9881K, capacity 10547K, committed 10572K, reserved 1048576K
}
Event: 8.165 GC heap after
{Heap after GC invocations=15 (full 0):
 garbage-first heap   total 187392K, used 59189K [0x0000000080000000, 0x0000000100000000)
  region size 1024K, 9 young (9216K), 9 survivors (9216K)
 Metaspace       used 75577K, capacity 77430K, committed 77644K, reserved 1116160K
  class space    used 9881K, capacity 10547K, committed 10572K, reserved 1048576K
}
Event: 9.052 GC heap before
{Heap before GC invocations=15 (full 0):
 garbage-first heap   total 187392K, used 132917K [0x0000000080000000, 0x0000000100000000)
  region size 1024K, 82 young (83968K), 9 survivors (9216K)
 Metaspace       used 80108K, capacity 82288K, committed 82508K, reserved 1120256K
  class space    used 10538K, capacity 11325K, committed 11340K, reserved 1048576K
}
Event: 9.065 GC heap after
{Heap after GC invocations=16 (full 0):
 garbage-first heap   total 187392K, used 65009K [0x0000000080000000, 0x0000000100000000)
  region size 1024K, 10 young (10240K), 10 survivors (10240K)
 Metaspace       used 80108K, capacity 82288K, committed 82508K, reserved 1120256K
  class space    used 10538K, capacity 11325K, committed 11340K, reserved 1048576K
}
Event: 10.192 GC heap before
{Heap before GC invocations=16 (full 0):
 garbage-first heap   total 187392K, used 137713K [0x0000000080000000, 0x0000000100000000)
  region size 1024K, 82 young (83968K), 10 survivors (10240K)
 Metaspace       used 83845K, capacity 86084K, committed 86348K, reserved 1124352K
  class space    used 10936K, capacity 11739K, committed 11852K, reserved 1048576K
}
Event: 10.201 GC heap after
{Heap after GC invocations=17 (full 0):
 garbage-first heap   total 187392K, used 68067K [0x0000000080000000, 0x0000000100000000)
  region size 1024K, 9 young (9216K), 9 survivors (9216K)
 Metaspace       used 83845K, capacity 86084K, committed 86348K, reserved 1124352K
  class space    used 10936K, capacity 11739K, committed 11852K, reserved 1048576K
}

Deoptimization events (20 events):
Event: 11.101 Thread 0x000001f4da31f000 Uncommon trap: trap_request=0xffffffcc fr.pc=0x000001f4c502d35c relative=0x000000000000241c
Event: 11.102 Thread 0x000001f4da31f000 Uncommon trap: reason=intrinsic_or_type_checked_inlining action=make_not_entrant pc=0x000001f4c502d35c method=java.util.ArrayList$SubList.toArray([Ljava/lang/Object;)[Ljava/lang/Object; @ 58 c2
Event: 11.102 Thread 0x000001f4da31f000 DEOPT PACKING pc=0x000001f4c502d35c sp=0x0000003fdb9f95b0
Event: 11.102 Thread 0x000001f4da31f000 DEOPT UNPACKING pc=0x000001f4bd05662f sp=0x0000003fdb9f9558 mode 2
Event: 11.141 Thread 0x000001f4da31f000 Uncommon trap: trap_request=0xffffff4d fr.pc=0x000001f4c4fed854 relative=0x0000000000000034
Event: 11.141 Thread 0x000001f4da31f000 Uncommon trap: reason=unstable_if action=reinterpret pc=0x000001f4c4fed854 method=java.util.Formatter$Conversion.isGeneral(C)Z @ 1 c2
Event: 11.141 Thread 0x000001f4da31f000 DEOPT PACKING pc=0x000001f4c4fed854 sp=0x0000003fdb9f9d90
Event: 11.141 Thread 0x000001f4da31f000 DEOPT UNPACKING pc=0x000001f4bd05662f sp=0x0000003fdb9f9d18 mode 2
Event: 11.157 Thread 0x000001f4da32a800 Uncommon trap: trap_request=0xffffff4d fr.pc=0x000001f4c4f9ba90 relative=0x00000000000007d0
Event: 11.157 Thread 0x000001f4da32a800 Uncommon trap: reason=unstable_if action=reinterpret pc=0x000001f4c4f9ba90 method=com.google.common.collect.MapMakerInternalMap$Segment.drainKeyReferenceQueue(Ljava/lang/ref/ReferenceQueue;)V @ 8 c2
Event: 11.157 Thread 0x000001f4da32a800 DEOPT PACKING pc=0x000001f4c4f9ba90 sp=0x0000003fdbefdb90
Event: 11.157 Thread 0x000001f4da32a800 DEOPT UNPACKING pc=0x000001f4bd05662f sp=0x0000003fdbefd7e8 mode 2
Event: 11.158 Thread 0x000001f4da32a800 Uncommon trap: trap_request=0xffffff4d fr.pc=0x000001f4c4f89228 relative=0x0000000000000708
Event: 11.158 Thread 0x000001f4da32a800 Uncommon trap: reason=unstable_if action=reinterpret pc=0x000001f4c4f89228 method=com.google.common.collect.MapMakerInternalMap$Segment.drainKeyReferenceQueue(Ljava/lang/ref/ReferenceQueue;)V @ 8 c2
Event: 11.158 Thread 0x000001f4da32a800 DEOPT PACKING pc=0x000001f4c4f89228 sp=0x0000003fdbefdac0
Event: 11.158 Thread 0x000001f4da32a800 DEOPT UNPACKING pc=0x000001f4bd05662f sp=0x0000003fdbefd7e8 mode 2
Event: 11.210 Thread 0x000001f4da31f000 Uncommon trap: trap_request=0xffffff4d fr.pc=0x000001f4c4bdd418 relative=0x0000000000000078
Event: 11.210 Thread 0x000001f4da31f000 Uncommon trap: reason=unstable_if action=reinterpret pc=0x000001f4c4bdd418 method=java.lang.Integer.stringSize(I)I @ 19 c2
Event: 11.210 Thread 0x000001f4da31f000 DEOPT PACKING pc=0x000001f4c4bdd418 sp=0x0000003fdb9fa890
Event: 11.210 Thread 0x000001f4da31f000 DEOPT UNPACKING pc=0x000001f4bd05662f sp=0x0000003fdb9fa810 mode 2

Classes redefined (0 events):
No events

Internal exceptions (20 events):
Event: 8.532 Thread 0x000001f4d6fc9800 Exception <a 'java/lang/NoSuchMethodError'{0x0000000089612c40}: <clinit>> (0x0000000089612c40) thrown at [./src/hotspot/share/prims/jni.cpp, line 1362]
Event: 8.533 Thread 0x000001f4d6fc9800 Exception <a 'java/lang/NoSuchMethodError'{0x000000008966d410}: <clinit>> (0x000000008966d410) thrown at [./src/hotspot/share/prims/jni.cpp, line 1362]
Event: 8.533 Thread 0x000001f4d6fc9800 Exception <a 'java/lang/NoSuchMethodError'{0x0000000089680bc8}: <clinit>> (0x0000000089680bc8) thrown at [./src/hotspot/share/prims/jni.cpp, line 1362]
Event: 8.549 Thread 0x000001f4da324000 Exception <a 'java/lang/NoSuchMethodError'{0x000000008949da88}: <clinit>> (0x000000008949da88) thrown at [./src/hotspot/share/prims/jni.cpp, line 1362]
Event: 8.552 Thread 0x000001f4da324000 Exception <a 'java/lang/NoSuchMethodError'{0x00000000894b8e80}: <clinit>> (0x00000000894b8e80) thrown at [./src/hotspot/share/prims/jni.cpp, line 1362]
Event: 8.555 Thread 0x000001f4da324000 Exception <a 'java/lang/NoSuchMethodError'{0x00000000894faa08}: <clinit>> (0x00000000894faa08) thrown at [./src/hotspot/share/prims/jni.cpp, line 1362]
Event: 8.558 Thread 0x000001f4da324000 Exception <a 'java/lang/NoSuchMethodError'{0x00000000893246d0}: 'void java.lang.invoke.DirectMethodHandle$Holder.invokeSpecial(java.lang.Object, java.lang.Object, java.lang.Object, int)'> (0x00000000893246d0) thrown at [./src/hotspot/share/interpreter/linkResolver.cpp, line 773]
Event: 8.558 Thread 0x000001f4da324800 Exception <a 'java/lang/IncompatibleClassChangeError'{0x0000000089306cd8}: Found class java.lang.Object, but interface was expected> (0x0000000089306cd8) thrown at [./src/hotspot/share/interpreter/linkResolver.cpp, line 839]
Event: 8.581 Thread 0x000001f4d6fc9800 Exception <a 'java/lang/NoSuchMethodError'{0x0000000089286ed8}: <clinit>> (0x0000000089286ed8) thrown at [./src/hotspot/share/prims/jni.cpp, line 1362]
Event: 8.581 Thread 0x000001f4da324800 Exception <a 'java/lang/NoSuchMethodError'{0x000000008925d050}: 'java.lang.Object java.lang.invoke.DirectMethodHandle$Holder.invokeInterface(java.lang.Object, java.lang.Object, int)'> (0x000000008925d050) thrown at [./src/hotspot/share/interpreter/linkResolver.cpp, line 773]
Event: 8.583 Thread 0x000001f4da324800 Exception <a 'java/lang/NoSuchMethodError'{0x00000000892989b8}: 'void java.lang.invoke.DirectMethodHandle$Holder.invokeStatic(java.lang.Object, java.lang.Object, java.lang.Object, int)'> (0x00000000892989b8) thrown at [./src/hotspot/share/interpreter/linkResolver.cpp, line 773]
Event: 8.611 Thread 0x000001f4da324800 Exception <a 'java/lang/IncompatibleClassChangeError'{0x0000000089002ca0}: Found class java.lang.Object, but interface was expected> (0x0000000089002ca0) thrown at [./src/hotspot/share/interpreter/linkResolver.cpp, line 839]
Event: 8.615 Thread 0x000001f4da324800 Exception <a 'java/lang/IncompatibleClassChangeError'{0x0000000089045468}: Found class java.lang.Object, but interface was expected> (0x0000000089045468) thrown at [./src/hotspot/share/interpreter/linkResolver.cpp, line 839]
Event: 8.645 Thread 0x000001f4da324800 Exception <a 'java/lang/NoSuchMethodError'{0x0000000088e83750}: 'int java.lang.invoke.DirectMethodHandle$Holder.invokeStaticInit(java.lang.Object, java.lang.Object, java.lang.Object, java.lang.Object, java.lang.Object)'> (0x0000000088e83750) thrown at [./src/hotspot/share/interpreter/linkResolver.cpp, line 773]
Event: 8.826 Thread 0x000001f4da31f000 Exception <a 'java/lang/NoSuchMethodError'{0x00000000886ecec8}: 'void java.lang.invoke.DirectMethodHandle$Holder.invokeStatic(java.lang.Object, java.lang.Object, java.lang.Object, java.lang.Object, int, java.lang.Object, java.lang.Object)'> (0x00000000886ecec8) thrown at [./src/hotspot/share/interpreter/linkResolver.cpp, line 773]
Event: 8.852 Thread 0x000001f4d7e12000 Exception <a 'java/lang/NoSuchMethodError'{0x000000008800b3c8}: 'java.lang.Object java.lang.invoke.DirectMethodHandle$Holder.invokeSpecialIFC(java.lang.Object, java.lang.Object, java.lang.Object)'> (0x000000008800b3c8) thrown at [./src/hotspot/share/interpreter/linkResolver.cpp, line 773]
Event: 8.947 Thread 0x000001f4d9a16800 Exception <a 'java/lang/NoSuchMethodError'{0x0000000088130438}: 'void java.lang.invoke.DirectMethodHandle$Holder.invokeVirtual(java.lang.Object, java.lang.Object)'> (0x0000000088130438) thrown at [./src/hotspot/share/interpreter/linkResolver.cpp, line 773]
Event: 9.789 Thread 0x000001f4da31f000 Implicit null exception at 0x000001f4c4e87bf4 to 0x000001f4c4e88210
Event: 9.866 Thread 0x000001f4da31f000 Exception <a 'java/lang/NoSuchMethodError'{0x0000000087edcdb8}: 'void java.lang.invoke.DirectMethodHandle$Holder.invokeStatic(java.lang.Object, java.lang.Object, java.lang.Object, java.lang.Object, java.lang.Object, java.lang.Object, java.lang.Object)'> (0x0000000087edcdb8) thrown at [./src/hotspot/share/interpreter/linkResolver.cpp, line 773]
Event: 9.886 Thread 0x000001f4d6fc9800 Exception <a 'java/lang/NoSuchMethodError'{0x0000000087daef90}: <clinit>> (0x0000000087daef90) thrown at [./src/hotspot/share/prims/jni.cpp, line 1362]

Events (20 events):
Event: 11.237 loading class org/gradle/workers/internal/AbstractWorker$1
Event: 11.237 loading class org/gradle/workers/internal/AbstractWorker$1 done
Event: 11.237 loading class org/gradle/workers/internal/AbstractWorker$Details
Event: 11.237 loading class org/gradle/workers/internal/AbstractWorker$Details done
Event: 11.237 loading class org/gradle/workers/internal/ExecuteWorkItemBuildOperationType$Details
Event: 11.237 loading class org/gradle/workers/internal/ExecuteWorkItemBuildOperationType$Details done
Event: 11.238 loading class org/gradle/workers/internal/NoIsolationWorkerFactory$1$1
Event: 11.238 loading class org/gradle/workers/internal/NoIsolationWorkerFactory$1$1 done
Event: 11.240 loading class org/gradle/workers/internal/SimpleActionExecutionSpec
Event: 11.240 loading class org/gradle/workers/internal/SimpleActionExecutionSpec done
Event: 11.240 loading class org/gradle/api/specs/Spec
Event: 11.240 loading class org/gradle/api/specs/Spec done
Event: 11.241 loading class kotlin/jvm/JvmDefault
Event: 11.241 loading class kotlin/jvm/JvmDefault done
Event: 11.241 loading class kotlin/jvm/JvmDefault
Event: 11.241 loading class kotlin/jvm/JvmDefault done
Event: 11.244 Executing VM operation: RevokeBias
Event: 11.244 Executing VM operation: RevokeBias done
Event: 11.252 loading class com/android/build/gradle/tasks/XmlDocumentUtilsKt
Event: 11.252 loading class com/android/build/gradle/tasks/XmlDocumentUtilsKt done


Dynamic libraries:
0x00007ff70c1e0000 - 0x00007ff70c1ea000 	C:\Program Files\Android\Android Studio\jre\bin\java.exe
0x00007ff951370000 - 0x00007ff951584000 	C:\WINDOWS\SYSTEM32\ntdll.dll
0x00007ff950a80000 - 0x00007ff950b42000 	C:\WINDOWS\System32\KERNEL32.DLL
0x00007ff94ed10000 - 0x00007ff94f0b3000 	C:\WINDOWS\System32\KERNELBASE.dll
0x00007ff94e8a0000 - 0x00007ff94e9b1000 	C:\WINDOWS\System32\ucrtbase.dll
0x00007ff948050000 - 0x00007ff948069000 	C:\Program Files\Android\Android Studio\jre\bin\jli.dll
0x00007ff948410000 - 0x00007ff948427000 	C:\Program Files\Android\Android Studio\jre\bin\VCRUNTIME140.dll
0x00007ff94fcf0000 - 0x00007ff94fe9b000 	C:\WINDOWS\System32\USER32.dll
0x00007ff94f0c0000 - 0x00007ff94f0e6000 	C:\WINDOWS\System32\win32u.dll
0x00007ff939080000 - 0x00007ff93930e000 	C:\WINDOWS\WinSxS\amd64_microsoft.windows.common-controls_6595b64144ccf1df_6.0.22621.1635_none_270f70857386168e\COMCTL32.dll
0x00007ff94fec0000 - 0x00007ff94fee9000 	C:\WINDOWS\System32\GDI32.dll
0x00007ff94f430000 - 0x00007ff94f4d7000 	C:\WINDOWS\System32\msvcrt.dll
0x00007ff94ebf0000 - 0x00007ff94ed08000 	C:\WINDOWS\System32\gdi32full.dll
0x00007ff94e800000 - 0x00007ff94e89a000 	C:\WINDOWS\System32\msvcp_win.dll
0x00007ff950d40000 - 0x00007ff950d71000 	C:\WINDOWS\System32\IMM32.DLL
0x00007ff921810000 - 0x00007ff9218ad000 	C:\Program Files\Android\Android Studio\jre\bin\msvcp140.dll
0x00007ff904250000 - 0x00007ff904d25000 	C:\Program Files\Android\Android Studio\jre\bin\server\jvm.dll
0x00007ff950e00000 - 0x00007ff950eae000 	C:\WINDOWS\System32\ADVAPI32.dll
0x00007ff94f250000 - 0x00007ff94f2f4000 	C:\WINDOWS\System32\sechost.dll
0x00007ff94f300000 - 0x00007ff94f417000 	C:\WINDOWS\System32\RPCRT4.dll
0x00007ff951180000 - 0x00007ff951188000 	C:\WINDOWS\System32\PSAPI.DLL
0x00007ff949c50000 - 0x00007ff949c59000 	C:\WINDOWS\SYSTEM32\WSOCK32.dll
0x00007ff946360000 - 0x00007ff946394000 	C:\WINDOWS\SYSTEM32\WINMM.dll
0x00007ff940470000 - 0x00007ff94047a000 	C:\WINDOWS\SYSTEM32\VERSION.dll
0x00007ff950bb0000 - 0x00007ff950c21000 	C:\WINDOWS\System32\WS2_32.dll
0x00007ff94d8d0000 - 0x00007ff94d8e8000 	C:\WINDOWS\SYSTEM32\kernel.appcore.dll
0x00007ff9483c0000 - 0x00007ff9483d1000 	C:\Program Files\Android\Android Studio\jre\bin\verify.dll
0x00007ff94bd10000 - 0x00007ff94bf3e000 	C:\WINDOWS\SYSTEM32\DBGHELP.DLL
0x00007ff950530000 - 0x00007ff9508b9000 	C:\WINDOWS\System32\combase.dll
0x00007ff950450000 - 0x00007ff950527000 	C:\WINDOWS\System32\OLEAUT32.dll
0x00007ff936740000 - 0x00007ff936772000 	C:\WINDOWS\SYSTEM32\dbgcore.DLL
0x00007ff94f0f0000 - 0x00007ff94f16b000 	C:\WINDOWS\System32\bcryptPrimitives.dll
0x00007ff948390000 - 0x00007ff9483b9000 	C:\Program Files\Android\Android Studio\jre\bin\java.dll
0x00007ff949c20000 - 0x00007ff949c2b000 	C:\Program Files\Android\Android Studio\jre\bin\jimage.dll
0x00007ff948370000 - 0x00007ff948388000 	C:\Program Files\Android\Android Studio\jre\bin\zip.dll
0x00007ff94f4e0000 - 0x00007ff94fcda000 	C:\WINDOWS\System32\SHELL32.dll
0x00007ff94c7a0000 - 0x00007ff94d06e000 	C:\WINDOWS\SYSTEM32\windows.storage.dll
0x00007ff94c660000 - 0x00007ff94c79e000 	C:\WINDOWS\SYSTEM32\wintypes.dll
0x00007ff951080000 - 0x00007ff951171000 	C:\WINDOWS\System32\SHCORE.dll
0x00007ff94fef0000 - 0x00007ff94ff4e000 	C:\WINDOWS\System32\shlwapi.dll
0x00007ff94e6c0000 - 0x00007ff94e6e1000 	C:\WINDOWS\SYSTEM32\profapi.dll
0x00007ff948350000 - 0x00007ff94836a000 	C:\Program Files\Android\Android Studio\jre\bin\net.dll
0x00007ff9476c0000 - 0x00007ff9477f7000 	C:\WINDOWS\SYSTEM32\WINHTTP.dll
0x00007ff94dd40000 - 0x00007ff94dda9000 	C:\WINDOWS\system32\mswsock.dll
0x00007ff948330000 - 0x00007ff948344000 	C:\Program Files\Android\Android Studio\jre\bin\nio.dll
0x00007ff93baa0000 - 0x00007ff93bac7000 	F:\AndroidStudio\Coffee\app\src\main\res\drawable\native\e1d6ef7f7dcc3fd88c89a11ec53ec762bb8ba0a96d01ffa2cd45eb1d1d8dd5c5\windows-amd64\native-platform.dll
0x00007ff91f8f0000 - 0x00007ff91fa34000 	F:\AndroidStudio\Coffee\app\src\main\res\drawable\native\5664cfc778a61ccfe75a443a1ab52a65af34e5dc3c78e0209fed803814484fcb\windows-amd64\native-platform-file-events.dll
0x00007ff949000000 - 0x00007ff94900a000 	C:\Program Files\Android\Android Studio\jre\bin\management.dll
0x00007ff948d90000 - 0x00007ff948d9d000 	C:\Program Files\Android\Android Studio\jre\bin\management_ext.dll
0x00007ff94dfa0000 - 0x00007ff94dfbb000 	C:\WINDOWS\SYSTEM32\CRYPTSP.dll
0x00007ff94d840000 - 0x00007ff94d875000 	C:\WINDOWS\system32\rsaenh.dll
0x00007ff94de40000 - 0x00007ff94de68000 	C:\WINDOWS\SYSTEM32\USERENV.dll
0x00007ff94e140000 - 0x00007ff94e168000 	C:\WINDOWS\SYSTEM32\bcrypt.dll
0x00007ff94dfc0000 - 0x00007ff94dfcc000 	C:\WINDOWS\SYSTEM32\CRYPTBASE.dll
0x00007ff94d340000 - 0x00007ff94d36d000 	C:\WINDOWS\SYSTEM32\IPHLPAPI.DLL
0x00007ff950c30000 - 0x00007ff950c39000 	C:\WINDOWS\System32\NSI.dll
0x00007ff947820000 - 0x00007ff947839000 	C:\WINDOWS\SYSTEM32\dhcpcsvc6.DLL
0x00007ff947340000 - 0x00007ff94735f000 	C:\WINDOWS\SYSTEM32\dhcpcsvc.DLL
0x00007ff94d370000 - 0x00007ff94d463000 	C:\WINDOWS\SYSTEM32\DNSAPI.dll

dbghelp: loaded successfully - version: 4.0.5 - missing functions: none
symbol engine: initialized successfully - sym options: 0x614 - pdb path: .;C:\Program Files\Android\Android Studio\jre\bin;C:\WINDOWS\SYSTEM32;C:\WINDOWS\WinSxS\amd64_microsoft.windows.common-controls_6595b64144ccf1df_6.0.22621.1635_none_270f70857386168e;C:\Program Files\Android\Android Studio\jre\bin\server;F:\AndroidStudio\Coffee\app\src\main\res\drawable\native\e1d6ef7f7dcc3fd88c89a11ec53ec762bb8ba0a96d01ffa2cd45eb1d1d8dd5c5\windows-amd64;F:\AndroidStudio\Coffee\app\src\main\res\drawable\native\5664cfc778a61ccfe75a443a1ab52a65af34e5dc3c78e0209fed803814484fcb\windows-amd64

VM Arguments:
jvm_args: --add-opens=java.base/java.util=ALL-UNNAMED --add-opens=java.base/java.lang=ALL-UNNAMED --add-opens=java.base/java.lang.invoke=ALL-UNNAMED --add-opens=java.base/java.util=ALL-UNNAMED --add-opens=java.prefs/java.util.prefs=ALL-UNNAMED --add-opens=java.prefs/java.util.prefs=ALL-UNNAMED --add-opens=java.base/java.nio.charset=ALL-UNNAMED --add-opens=java.base/java.net=ALL-UNNAMED --add-opens=java.base/java.util.concurrent.atomic=ALL-UNNAMED -Xmx2048m -Dfile.encoding=UTF-8 -Duser.country=ID -Duser.language=en -Duser.variant 
java_command: org.gradle.launcher.daemon.bootstrap.GradleDaemon 7.2
java_class_path (initial): F:\AndroidStudio\Coffee\app\src\main\res\drawable\wrapper\dists\gradle-7.2-all\260hg96vuh6ex27h9vo47iv4d\gradle-7.2\lib\gradle-launcher-7.2.jar
Launcher Type: SUN_STANDARD

[Global flags]
     intx CICompilerCount                          = 4                                         {product} {ergonomic}
     uint ConcGCThreads                            = 2                                         {product} {ergonomic}
     uint G1ConcRefinementThreads                  = 8                                         {product} {ergonomic}
   size_t G1HeapRegionSize                         = 1048576                                   {product} {ergonomic}
    uintx GCDrainStackTargetSize                   = 64                                        {product} {ergonomic}
   size_t InitialHeapSize                          = 132120576                                 {product} {ergonomic}
   size_t MarkStackSize                            = 4194304                                   {product} {ergonomic}
   size_t MaxHeapSize                              = 2147483648                                {product} {command line}
   size_t MaxNewSize                               = 1287651328                                {product} {ergonomic}
   size_t MinHeapDeltaBytes                        = 1048576                                   {product} {ergonomic}
    uintx NonNMethodCodeHeapSize                   = 5836300                                {pd product} {ergonomic}
    uintx NonProfiledCodeHeapSize                  = 122910970                              {pd product} {ergonomic}
    uintx ProfiledCodeHeapSize                     = 122910970                              {pd product} {ergonomic}
    uintx ReservedCodeCacheSize                    = 251658240                              {pd product} {ergonomic}
     bool SegmentedCodeCache                       = true                                      {product} {ergonomic}
     bool UseCompressedClassPointers               = true                                 {lp64_product} {ergonomic}
     bool UseCompressedOops                        = true                                 {lp64_product} {ergonomic}
     bool UseG1GC                                  = true                                      {product} {ergonomic}
     bool UseLargePagesIndividualAllocation        = false                                  {pd product} {ergonomic}

Logging:
Log output configuration:
 #0: stdout all=warning uptime,level,tags
 #1: stderr all=off uptime,level,tags

Environment Variables:
JAVA_HOME=C:\Program Files (x86)\Java\jdk1.8.0_31\bin
PATH=C:\Program Files (x86)\VMware\VMware Player\bin\;C:\Program Files (x86)\Common Files\Intel\Shared Libraries\redist\intel64\compiler;C:\Program Files (x86)\Common Files\Oracle\Java\javapath;C:\ProgramData\Oracle\Java\javapath;C:\Windows\system32;C:\Windows;C:\Windows\System32\Wbem;C:\Windows\System32\WindowsPowerShell\v1.0\;C:\Windows\System32\OpenSSH\;C:\Program Files (x86)\NVIDIA Corporation\PhysX\Common;C:\Program Files\NVIDIA Corporation\NVIDIA NvDLISR;C:\Program Files\Microsoft\Web Platform Installer\;C:\Program Files (x86)\Microsoft ASP.NET\ASP.NET Web Pages\v1.0\;C:\Program Files (x86)\Windows Kits\8.0\Windows Performance Toolkit\;C:\Program Files\Microsoft SQL Server\110\Tools\Binn\;C:\Users\Tomo\AppData\Local\Programs\Python\Python39\Scripts;C:\WINDOWS\system32;C:\WINDOWS;C:\WINDOWS\System32\Wbem;C:\WINDOWS\System32\WindowsPowerShell\v1.0\;C:\WINDOWS\System32\OpenSSH\;C:\Program Files (x86)\Java\jdk1.8.0_31\bin;C:\Program Files\MySQL\MySQL Server 8.0\bin;C:\Program Files\MySQL\MySQL Shell 8.0\bin\;C:\Users\Tomo\AppData\Local\Microsoft\WindowsApps;C:\Users\Tomo\AppData\Local\Programs\Microsoft VS Code\bin;F:\php-8.1.11-Win32-vs16-x64;
USERNAME=Tomo
OS=Windows_NT
PROCESSOR_IDENTIFIER=Intel64 Family 6 Model 165 Stepping 2, GenuineIntel



---------------  S Y S T E M  ---------------

OS: Windows 10 , 64 bit Build 22621 (10.0.22621.1635)
OS uptime: 1 days 8:58 hours

CPU:total 8 (initial active 8) (4 cores per cpu, 2 threads per core) family 6 model 165 stepping 2 microcode 0xe2, cmov, cx8, fxsr, mmx, sse, sse2, sse3, ssse3, sse4.1, sse4.2, popcnt, avx, avx2, aes, clmul, erms, 3dnowpref, lzcnt, ht, tsc, tscinvbit, bmi1, bmi2, adx, fma

Memory: 4k page, system-wide physical 8060M (67M free)
TotalPageFile size 20560M (AvailPageFile size 6M)
current process WorkingSet (physical memory assigned to process): 438M, peak: 442M
current process commit charge ("private bytes"): 475M, peak: 479M

vm_info: OpenJDK 64-Bit Server VM (11.0.11+9-b60-7590822) for windows-amd64 JRE (11.0.11+9-b60-7590822), built on Jul 29 2021 21:43:44 by "builder" with MS VC++ 14.0 (VS2015)

END.
