#
# There is insufficient memory for the Java Runtime Environment to continue.
# Native memory allocation (malloc) failed to allocate 45536 bytes for Chunk::new
# Possible reasons:
#   The system is out of physical RAM or swap space
#   The process is running with CompressedOops enabled, and the Java Heap may be blocking the growth of the native heap
# Possible solutions:
#   Reduce memory load on the system
#   Increase physical memory or swap space
#   Check if swap backing store is full
#   Decrease Java heap size (-Xmx/-Xms)
#   Decrease number of Java threads
#   Decrease Java thread stack sizes (-Xss)
#   Set larger code cache with -XX:ReservedCodeCacheSize=
#   JVM is running with Unscaled Compressed Oops mode in which the Java heap is
#     placed in the first 4GB address space. The Java Heap base address is the
#     maximum limit for the native heap growth. Please use -XX:HeapBaseMinAddress
#     to set the Java Heap base and to place the Java Heap above 4GB virtual address.
# This output file may be truncated or incomplete.
#
#  Out of Memory Error (./src/hotspot/share/memory/arena.cpp:197), pid=10016, tid=11044
#
# JRE version: OpenJDK Runtime Environment (11.0.11+9) (build 11.0.11+9-b60-7590822)
# Java VM: OpenJDK 64-Bit Server VM (11.0.11+9-b60-7590822, mixed mode, tiered, compressed oops, g1 gc, windows-amd64)
# No core dump will be written. Minidumps are not enabled by default on client versions of Windows
#

---------------  S U M M A R Y ------------

Command Line: --add-opens=java.base/java.util=ALL-UNNAMED --add-opens=java.base/java.lang=ALL-UNNAMED --add-opens=java.base/java.lang.invoke=ALL-UNNAMED --add-opens=java.base/java.util=ALL-UNNAMED --add-opens=java.prefs/java.util.prefs=ALL-UNNAMED --add-opens=java.prefs/java.util.prefs=ALL-UNNAMED --add-opens=java.base/java.nio.charset=ALL-UNNAMED --add-opens=java.base/java.net=ALL-UNNAMED --add-opens=java.base/java.util.concurrent.atomic=ALL-UNNAMED -Xmx2048m -Dfile.encoding=UTF-8 -Duser.country=ID -Duser.language=en -Duser.variant org.gradle.launcher.daemon.bootstrap.GradleDaemon 7.2

Host: Intel(R) Core(TM) i5-10300H CPU @ 2.50GHz, 8 cores, 7G,  Windows 10 , 64 bit Build 22621 (10.0.22621.1635)
Time: Tue May 16 23:32:11 2023 SE Asia Standard Time elapsed time: 6.440639 seconds (0d 0h 0m 6s)

---------------  T H R E A D  ---------------

Current thread (0x000002c225ccb800):  JavaThread "C2 CompilerThread1" daemon [_thread_in_native, id=11044, stack(0x000000fd48000000,0x000000fd48100000)]


Current CompileTask:
C2:   6440 5253       4       java.util.Arrays::fill (21 bytes)

Stack: [0x000000fd48000000,0x000000fd48100000]
Native frames: (J=compiled Java code, j=interpreted, Vv=VM code, C=native code)
V  [jvm.dll+0x5f214a]
V  [jvm.dll+0x726fb5]
V  [jvm.dll+0x7285cd]
V  [jvm.dll+0x728c83]
V  [jvm.dll+0x243278]
V  [jvm.dll+0xbc53c]
V  [jvm.dll+0xbca3c]
V  [jvm.dll+0x2b5c34]
V  [jvm.dll+0x508488]
V  [jvm.dll+0x203d53]
V  [jvm.dll+0x1fdbac]
V  [jvm.dll+0x1fb35f]
V  [jvm.dll+0x183d6c]
V  [jvm.dll+0x209a57]
V  [jvm.dll+0x2082a1]
V  [jvm.dll+0x6ef58f]
V  [jvm.dll+0x6e80b5]
V  [jvm.dll+0x5f1036]
C  [ucrtbase.dll+0x29363]
C  [KERNEL32.DLL+0x126ad]
C  [ntdll.dll+0x5a9f8]


---------------  P R O C E S S  ---------------

Threads class SMR info:
_java_thread_list=0x000002c223770830, length=123, elements={
0x000002c20847c000, 0x000002c2228f2800, 0x000002c2228fc800, 0x000002c222911800,
0x000002c222913000, 0x000002c222914000, 0x000002c222916000, 0x000002c222918000,
0x000002c22326e800, 0x000002c2233dd000, 0x000002c224de9800, 0x000002c2237b5800,
0x000002c2250ac000, 0x000002c22361e800, 0x000002c2234be000, 0x000002c225ac8000,
0x000002c2252fc000, 0x000002c2254f5800, 0x000002c2263fc000, 0x000002c225460000,
0x000002c225461000, 0x000002c225462800, 0x000002c225462000, 0x000002c225ccb800,
0x000002c225bc9000, 0x000002c22631d800, 0x000002c225bc7800, 0x000002c225bc8000,
0x000002c225bc6000, 0x000002c225bca000, 0x000002c225bca800, 0x000002c225bc6800,
0x000002c226bbc800, 0x000002c226bbd000, 0x000002c226bb9000, 0x000002c226bbf000,
0x000002c226bc0800, 0x000002c226bbf800, 0x000002c226bbb000, 0x000002c226bc1800,
0x000002c226bbb800, 0x000002c226bc4000, 0x000002c226bc6000, 0x000002c226bc4800,
0x000002c226bc5800, 0x000002c226bc2000, 0x000002c226bc3000, 0x000002c226bc7000,
0x000002c2263e3000, 0x000002c2263e2800, 0x000002c2263e5000, 0x000002c2263e5800,
0x000002c2263e4000, 0x000002c2263e0800, 0x000002c2263e0000, 0x000002c2263e6800,
0x000002c2263e7800, 0x000002c2263e1800, 0x000002c2263eb800, 0x000002c2263e9800,
0x000002c2263ea800, 0x000002c2263ed000, 0x000002c2263e8000, 0x000002c2263ec000,
0x000002c2263ee000, 0x000002c2263ee800, 0x000002c2263e9000, 0x000002c229c62000,
0x000002c229c5f800, 0x000002c229c60800, 0x000002c229c61800, 0x000002c229c5e000,
0x000002c229c63000, 0x000002c229c64000, 0x000002c229c64800, 0x000002c229c5f000,
0x000002c229c67000, 0x000002c229c69800, 0x000002c229c65800, 0x000002c229c68000,
0x000002c229c68800, 0x000002c229c6a800, 0x000002c229c6b000, 0x000002c229c6c000,
0x000002c229c66800, 0x000002c229c6d000, 0x000002c228416000, 0x000002c228412800,
0x000002c228416800, 0x000002c228412000, 0x000002c228417800, 0x000002c228418800,
0x000002c228419000, 0x000002c228413800, 0x000002c22841a000, 0x000002c228414800,
0x000002c22841b000, 0x000002c228415000, 0x000002c22841c800, 0x000002c22841f000,
0x000002c22841e000, 0x000002c22841f800, 0x000002c228420800, 0x000002c22841b800,
0x000002c22841d000, 0x000002c22a348800, 0x000002c22a34a000, 0x000002c22a347000,
0x000002c22a34b000, 0x000002c22a34b800, 0x000002c22a349800, 0x000002c22a346000,
0x000002c22a347800, 0x000002c22a34e000, 0x000002c22a34c800, 0x000002c22a350800,
0x000002c22a350000, 0x000002c22a352800, 0x000002c22a34f000, 0x000002c22a351800,
0x000002c22a353000, 0x000002c22a34d800, 0x000002c22a354800
}

Java Threads: ( => current thread )
  0x000002c20847c000 JavaThread "main" [_thread_blocked, id=3716, stack(0x000000fd45a00000,0x000000fd45b00000)]
  0x000002c2228f2800 JavaThread "Reference Handler" daemon [_thread_blocked, id=21652, stack(0x000000fd46100000,0x000000fd46200000)]
  0x000002c2228fc800 JavaThread "Finalizer" daemon [_thread_blocked, id=21232, stack(0x000000fd46200000,0x000000fd46300000)]
  0x000002c222911800 JavaThread "Signal Dispatcher" daemon [_thread_blocked, id=2700, stack(0x000000fd46300000,0x000000fd46400000)]
  0x000002c222913000 JavaThread "Attach Listener" daemon [_thread_blocked, id=3092, stack(0x000000fd46400000,0x000000fd46500000)]
  0x000002c222914000 JavaThread "Service Thread" daemon [_thread_blocked, id=19136, stack(0x000000fd46500000,0x000000fd46600000)]
  0x000002c222916000 JavaThread "C2 CompilerThread0" daemon [_thread_in_native, id=16864, stack(0x000000fd46600000,0x000000fd46700000)]
  0x000002c222918000 JavaThread "C1 CompilerThread0" daemon [_thread_blocked, id=22772, stack(0x000000fd46700000,0x000000fd46800000)]
  0x000002c22326e800 JavaThread "Sweeper thread" daemon [_thread_blocked, id=3120, stack(0x000000fd46800000,0x000000fd46900000)]
  0x000002c2233dd000 JavaThread "Common-Cleaner" daemon [_thread_blocked, id=16468, stack(0x000000fd46900000,0x000000fd46a00000)]
  0x000002c224de9800 JavaThread "Daemon health stats" [_thread_blocked, id=3912, stack(0x000000fd46f00000,0x000000fd47000000)]
  0x000002c2237b5800 JavaThread "Incoming local TCP Connector on port 19144" [_thread_in_native, id=4352, stack(0x000000fd46b00000,0x000000fd46c00000)]
  0x000002c2250ac000 JavaThread "Daemon periodic checks" [_thread_blocked, id=19408, stack(0x000000fd46c00000,0x000000fd46d00000)]
  0x000002c22361e800 JavaThread "Daemon" [_thread_blocked, id=22516, stack(0x000000fd47000000,0x000000fd47100000)]
  0x000002c2234be000 JavaThread "Handler for socket connection from /127.0.0.1:19144 to /127.0.0.1:19145" [_thread_in_native, id=21720, stack(0x000000fd47100000,0x000000fd47200000)]
  0x000002c225ac8000 JavaThread "Cancel handler" [_thread_blocked, id=3952, stack(0x000000fd47200000,0x000000fd47300000)]
  0x000002c2252fc000 JavaThread "Daemon worker" [_thread_in_native, id=23508, stack(0x000000fd47300000,0x000000fd47400000)]
  0x000002c2254f5800 JavaThread "Asynchronous log dispatcher for DefaultDaemonConnection: socket connection from /127.0.0.1:19144 to /127.0.0.1:19145" [_thread_blocked, id=2692, stack(0x000000fd47400000,0x000000fd47500000)]
  0x000002c2263fc000 JavaThread "Stdin handler" [_thread_blocked, id=3056, stack(0x000000fd47500000,0x000000fd47600000)]
  0x000002c225460000 JavaThread "Daemon client event forwarder" [_thread_blocked, id=19664, stack(0x000000fd47600000,0x000000fd47700000)]
  0x000002c225461000 JavaThread "Cache worker for journal cache (F:\AndroidStudio\Coffee\app\src\main\res\drawable\caches\journal-1)" [_thread_blocked, id=4756, stack(0x000000fd47c00000,0x000000fd47d00000)]
  0x000002c225462800 JavaThread "File lock request listener" [_thread_in_native, id=19940, stack(0x000000fd47d00000,0x000000fd47e00000)]
  0x000002c225462000 JavaThread "Cache worker for file hash cache (F:\AndroidStudio\Coffee\app\src\main\res\drawable\caches\7.2\fileHashes)" [_thread_blocked, id=9452, stack(0x000000fd47e00000,0x000000fd47f00000)]
=>0x000002c225ccb800 JavaThread "C2 CompilerThread1" daemon [_thread_in_native, id=11044, stack(0x000000fd48000000,0x000000fd48100000)]
  0x000002c225bc9000 JavaThread "Cache worker for file hash cache (F:\AndroidStudio\MoCalc\.gradle\7.2\fileHashes)" [_thread_blocked, id=7764, stack(0x000000fd48100000,0x000000fd48200000)]
  0x000002c22631d800 JavaThread "C2 CompilerThread2" daemon [_thread_blocked, id=21988, stack(0x000000fd48200000,0x000000fd48300000)]
  0x000002c225bc7800 JavaThread "File watcher server" daemon [_thread_in_native, id=2140, stack(0x000000fd48300000,0x000000fd48400000)]
  0x000002c225bc8000 JavaThread "File watcher consumer" daemon [_thread_blocked, id=19208, stack(0x000000fd48400000,0x000000fd48500000)]
  0x000002c225bc6000 JavaThread "Cache worker for checksums cache (F:\AndroidStudio\MoCalc\.gradle\checksums)" [_thread_blocked, id=19800, stack(0x000000fd48500000,0x000000fd48600000)]
  0x000002c225bca000 JavaThread "Cache worker for cache directory md-supplier (F:\AndroidStudio\Coffee\app\src\main\res\drawable\caches\7.2\md-supplier)" [_thread_blocked, id=4068, stack(0x000000fd48600000,0x000000fd48700000)]
  0x000002c225bca800 JavaThread "Cache worker for cache directory md-rule (F:\AndroidStudio\Coffee\app\src\main\res\drawable\caches\7.2\md-rule)" [_thread_blocked, id=17036, stack(0x000000fd48700000,0x000000fd48800000)]
  0x000002c225bc6800 JavaThread "Cache worker for execution history cache (F:\AndroidStudio\Coffee\app\src\main\res\drawable\caches\7.2\executionHistory)" [_thread_blocked, id=13996, stack(0x000000fd48800000,0x000000fd48900000)]
  0x000002c226bbc800 JavaThread "jar transforms" [_thread_blocked, id=21752, stack(0x000000fd48900000,0x000000fd48a00000)]
  0x000002c226bbd000 JavaThread "jar transforms Thread 2" [_thread_blocked, id=17808, stack(0x000000fd48a00000,0x000000fd48b00000)]
  0x000002c226bb9000 JavaThread "Cache worker for file content cache (F:\AndroidStudio\Coffee\app\src\main\res\drawable\caches\7.2\fileContent)" [_thread_blocked, id=5720, stack(0x000000fd48b00000,0x000000fd48c00000)]
  0x000002c226bbf000 JavaThread "Cache worker for dependencies-accessors (F:\AndroidStudio\MoCalc\.gradle\7.2\dependencies-accessors)" [_thread_blocked, id=14648, stack(0x000000fd48c00000,0x000000fd48d00000)]
  0x000002c226bc0800 JavaThread "jar transforms Thread 3" [_thread_blocked, id=17596, stack(0x000000fd48d00000,0x000000fd48e00000)]
  0x000002c226bbf800 JavaThread "Cache worker for Build Output Cleanup Cache (F:\AndroidStudio\MoCalc\.gradle\buildOutputCleanup)" [_thread_blocked, id=11720, stack(0x000000fd48e00000,0x000000fd48f00000)]
  0x000002c226bbb000 JavaThread "Unconstrained build operations" [_thread_blocked, id=11216, stack(0x000000fd48f00000,0x000000fd49000000)]
  0x000002c226bc1800 JavaThread "Unconstrained build operations Thread 2" [_thread_blocked, id=15812, stack(0x000000fd49000000,0x000000fd49100000)]
  0x000002c226bbb800 JavaThread "Unconstrained build operations Thread 3" [_thread_blocked, id=19304, stack(0x000000fd49100000,0x000000fd49200000)]
  0x000002c226bc4000 JavaThread "Unconstrained build operations Thread 4" [_thread_blocked, id=18676, stack(0x000000fd49200000,0x000000fd49300000)]
  0x000002c226bc6000 JavaThread "Unconstrained build operations Thread 5" [_thread_blocked, id=19816, stack(0x000000fd49300000,0x000000fd49400000)]
  0x000002c226bc4800 JavaThread "Unconstrained build operations Thread 6" [_thread_blocked, id=4440, stack(0x000000fd49400000,0x000000fd49500000)]
  0x000002c226bc5800 JavaThread "Unconstrained build operations Thread 7" [_thread_blocked, id=18988, stack(0x000000fd49500000,0x000000fd49600000)]
  0x000002c226bc2000 JavaThread "Unconstrained build operations Thread 8" [_thread_blocked, id=7816, stack(0x000000fd49600000,0x000000fd49700000)]
  0x000002c226bc3000 JavaThread "Unconstrained build operations Thread 9" [_thread_blocked, id=16624, stack(0x000000fd49700000,0x000000fd49800000)]
  0x000002c226bc7000 JavaThread "Unconstrained build operations Thread 10" [_thread_blocked, id=16396, stack(0x000000fd49800000,0x000000fd49900000)]
  0x000002c2263e3000 JavaThread "Unconstrained build operations Thread 11" [_thread_blocked, id=2636, stack(0x000000fd49900000,0x000000fd49a00000)]
  0x000002c2263e2800 JavaThread "Unconstrained build operations Thread 12" [_thread_blocked, id=6308, stack(0x000000fd49a00000,0x000000fd49b00000)]
  0x000002c2263e5000 JavaThread "Unconstrained build operations Thread 13" [_thread_blocked, id=4284, stack(0x000000fd49b00000,0x000000fd49c00000)]
  0x000002c2263e5800 JavaThread "Unconstrained build operations Thread 14" [_thread_blocked, id=8928, stack(0x000000fd49c00000,0x000000fd49d00000)]
  0x000002c2263e4000 JavaThread "Unconstrained build operations Thread 15" [_thread_blocked, id=20880, stack(0x000000fd49d00000,0x000000fd49e00000)]
  0x000002c2263e0800 JavaThread "Unconstrained build operations Thread 16" [_thread_blocked, id=22584, stack(0x000000fd49e00000,0x000000fd49f00000)]
  0x000002c2263e0000 JavaThread "Unconstrained build operations Thread 17" [_thread_blocked, id=9656, stack(0x000000fd49f00000,0x000000fd4a000000)]
  0x000002c2263e6800 JavaThread "Unconstrained build operations Thread 18" [_thread_blocked, id=22184, stack(0x000000fd4a000000,0x000000fd4a100000)]
  0x000002c2263e7800 JavaThread "Unconstrained build operations Thread 19" [_thread_blocked, id=9632, stack(0x000000fd4a100000,0x000000fd4a200000)]
  0x000002c2263e1800 JavaThread "Unconstrained build operations Thread 20" [_thread_blocked, id=7708, stack(0x000000fd4a200000,0x000000fd4a300000)]
  0x000002c2263eb800 JavaThread "Unconstrained build operations Thread 21" [_thread_blocked, id=11308, stack(0x000000fd4a300000,0x000000fd4a400000)]
  0x000002c2263e9800 JavaThread "Unconstrained build operations Thread 22" [_thread_blocked, id=20704, stack(0x000000fd4a400000,0x000000fd4a500000)]
  0x000002c2263ea800 JavaThread "Unconstrained build operations Thread 23" [_thread_blocked, id=18856, stack(0x000000fd4a500000,0x000000fd4a600000)]
  0x000002c2263ed000 JavaThread "Unconstrained build operations Thread 24" [_thread_blocked, id=15468, stack(0x000000fd4a600000,0x000000fd4a700000)]
  0x000002c2263e8000 JavaThread "Unconstrained build operations Thread 25" [_thread_blocked, id=20184, stack(0x000000fd4a700000,0x000000fd4a800000)]
  0x000002c2263ec000 JavaThread "Unconstrained build operations Thread 26" [_thread_blocked, id=18936, stack(0x000000fd4a800000,0x000000fd4a900000)]
  0x000002c2263ee000 JavaThread "Unconstrained build operations Thread 27" [_thread_blocked, id=22168, stack(0x000000fd4a900000,0x000000fd4aa00000)]
  0x000002c2263ee800 JavaThread "Unconstrained build operations Thread 28" [_thread_blocked, id=3944, stack(0x000000fd4aa00000,0x000000fd4ab00000)]
  0x000002c2263e9000 JavaThread "Unconstrained build operations Thread 29" [_thread_blocked, id=21940, stack(0x000000fd4ab00000,0x000000fd4ac00000)]
  0x000002c229c62000 JavaThread "Unconstrained build operations Thread 30" [_thread_blocked, id=12676, stack(0x000000fd4ac00000,0x000000fd4ad00000)]
  0x000002c229c5f800 JavaThread "Unconstrained build operations Thread 31" [_thread_blocked, id=15628, stack(0x000000fd4ad00000,0x000000fd4ae00000)]
  0x000002c229c60800 JavaThread "Unconstrained build operations Thread 32" [_thread_blocked, id=19028, stack(0x000000fd4ae00000,0x000000fd4af00000)]
  0x000002c229c61800 JavaThread "Unconstrained build operations Thread 33" [_thread_blocked, id=17452, stack(0x000000fd4af00000,0x000000fd4b000000)]
  0x000002c229c5e000 JavaThread "Unconstrained build operations Thread 34" [_thread_blocked, id=6972, stack(0x000000fd4b000000,0x000000fd4b100000)]
  0x000002c229c63000 JavaThread "Unconstrained build operations Thread 35" [_thread_blocked, id=24148, stack(0x000000fd4b100000,0x000000fd4b200000)]
  0x000002c229c64000 JavaThread "Unconstrained build operations Thread 36" [_thread_blocked, id=10228, stack(0x000000fd4b200000,0x000000fd4b300000)]
  0x000002c229c64800 JavaThread "Unconstrained build operations Thread 37" [_thread_blocked, id=4596, stack(0x000000fd4b300000,0x000000fd4b400000)]
  0x000002c229c5f000 JavaThread "Unconstrained build operations Thread 38" [_thread_blocked, id=20544, stack(0x000000fd4b400000,0x000000fd4b500000)]
  0x000002c229c67000 JavaThread "Unconstrained build operations Thread 39" [_thread_blocked, id=13860, stack(0x000000fd4b500000,0x000000fd4b600000)]
  0x000002c229c69800 JavaThread "Unconstrained build operations Thread 40" [_thread_blocked, id=19660, stack(0x000000fd4b600000,0x000000fd4b700000)]
  0x000002c229c65800 JavaThread "Unconstrained build operations Thread 41" [_thread_blocked, id=17248, stack(0x000000fd4b700000,0x000000fd4b800000)]
  0x000002c229c68000 JavaThread "Unconstrained build operations Thread 42" [_thread_blocked, id=6412, stack(0x000000fd4b800000,0x000000fd4b900000)]
  0x000002c229c68800 JavaThread "Unconstrained build operations Thread 43" [_thread_blocked, id=22972, stack(0x000000fd4b900000,0x000000fd4ba00000)]
  0x000002c229c6a800 JavaThread "Unconstrained build operations Thread 44" [_thread_blocked, id=23720, stack(0x000000fd4ba00000,0x000000fd4bb00000)]
  0x000002c229c6b000 JavaThread "Unconstrained build operations Thread 45" [_thread_blocked, id=5596, stack(0x000000fd4bb00000,0x000000fd4bc00000)]
  0x000002c229c6c000 JavaThread "Unconstrained build operations Thread 46" [_thread_blocked, id=20176, stack(0x000000fd4bc00000,0x000000fd4bd00000)]
  0x000002c229c66800 JavaThread "Unconstrained build operations Thread 47" [_thread_blocked, id=24580, stack(0x000000fd4bd00000,0x000000fd4be00000)]
  0x000002c229c6d000 JavaThread "Unconstrained build operations Thread 48" [_thread_blocked, id=24584, stack(0x000000fd4be00000,0x000000fd4bf00000)]
  0x000002c228416000 JavaThread "Unconstrained build operations Thread 49" [_thread_blocked, id=24588, stack(0x000000fd4bf00000,0x000000fd4c000000)]
  0x000002c228412800 JavaThread "Unconstrained build operations Thread 50" [_thread_blocked, id=24592, stack(0x000000fd4c000000,0x000000fd4c100000)]
  0x000002c228416800 JavaThread "Unconstrained build operations Thread 51" [_thread_blocked, id=24596, stack(0x000000fd4c100000,0x000000fd4c200000)]
  0x000002c228412000 JavaThread "Unconstrained build operations Thread 52" [_thread_blocked, id=24600, stack(0x000000fd4c200000,0x000000fd4c300000)]
  0x000002c228417800 JavaThread "Unconstrained build operations Thread 53" [_thread_blocked, id=24604, stack(0x000000fd4c300000,0x000000fd4c400000)]
  0x000002c228418800 JavaThread "Unconstrained build operations Thread 54" [_thread_blocked, id=24608, stack(0x000000fd4c400000,0x000000fd4c500000)]
  0x000002c228419000 JavaThread "Unconstrained build operations Thread 55" [_thread_blocked, id=24612, stack(0x000000fd4c500000,0x000000fd4c600000)]
  0x000002c228413800 JavaThread "Unconstrained build operations Thread 56" [_thread_blocked, id=24616, stack(0x000000fd4c600000,0x000000fd4c700000)]
  0x000002c22841a000 JavaThread "Unconstrained build operations Thread 57" [_thread_blocked, id=24620, stack(0x000000fd4c700000,0x000000fd4c800000)]
  0x000002c228414800 JavaThread "Unconstrained build operations Thread 58" [_thread_blocked, id=24624, stack(0x000000fd4c800000,0x000000fd4c900000)]
  0x000002c22841b000 JavaThread "Unconstrained build operations Thread 59" [_thread_blocked, id=24628, stack(0x000000fd4c900000,0x000000fd4ca00000)]
  0x000002c228415000 JavaThread "Unconstrained build operations Thread 60" [_thread_blocked, id=24632, stack(0x000000fd4ca00000,0x000000fd4cb00000)]
  0x000002c22841c800 JavaThread "Unconstrained build operations Thread 61" [_thread_blocked, id=24636, stack(0x000000fd4cb00000,0x000000fd4cc00000)]
  0x000002c22841f000 JavaThread "Unconstrained build operations Thread 62" [_thread_blocked, id=24640, stack(0x000000fd4cc00000,0x000000fd4cd00000)]
  0x000002c22841e000 JavaThread "Unconstrained build operations Thread 63" [_thread_blocked, id=24644, stack(0x000000fd4cd00000,0x000000fd4ce00000)]
  0x000002c22841f800 JavaThread "Unconstrained build operations Thread 64" [_thread_blocked, id=24648, stack(0x000000fd4ce00000,0x000000fd4cf00000)]
  0x000002c228420800 JavaThread "Unconstrained build operations Thread 65" [_thread_blocked, id=24652, stack(0x000000fd4cf00000,0x000000fd4d000000)]
  0x000002c22841b800 JavaThread "Unconstrained build operations Thread 66" [_thread_blocked, id=24656, stack(0x000000fd4d000000,0x000000fd4d100000)]
  0x000002c22841d000 JavaThread "Unconstrained build operations Thread 67" [_thread_blocked, id=24660, stack(0x000000fd4d100000,0x000000fd4d200000)]
  0x000002c22a348800 JavaThread "Unconstrained build operations Thread 68" [_thread_blocked, id=24664, stack(0x000000fd4d200000,0x000000fd4d300000)]
  0x000002c22a34a000 JavaThread "Unconstrained build operations Thread 69" [_thread_blocked, id=24668, stack(0x000000fd4d300000,0x000000fd4d400000)]
  0x000002c22a347000 JavaThread "Unconstrained build operations Thread 70" [_thread_blocked, id=24672, stack(0x000000fd4d400000,0x000000fd4d500000)]
  0x000002c22a34b000 JavaThread "Unconstrained build operations Thread 71" [_thread_blocked, id=24676, stack(0x000000fd4d500000,0x000000fd4d600000)]
  0x000002c22a34b800 JavaThread "Unconstrained build operations Thread 72" [_thread_blocked, id=24680, stack(0x000000fd4d600000,0x000000fd4d700000)]
  0x000002c22a349800 JavaThread "Unconstrained build operations Thread 73" [_thread_blocked, id=24684, stack(0x000000fd4d700000,0x000000fd4d800000)]
  0x000002c22a346000 JavaThread "Unconstrained build operations Thread 74" [_thread_blocked, id=24688, stack(0x000000fd4d800000,0x000000fd4d900000)]
  0x000002c22a347800 JavaThread "Unconstrained build operations Thread 75" [_thread_blocked, id=24692, stack(0x000000fd4d900000,0x000000fd4da00000)]
  0x000002c22a34e000 JavaThread "Unconstrained build operations Thread 76" [_thread_blocked, id=24696, stack(0x000000fd4da00000,0x000000fd4db00000)]
  0x000002c22a34c800 JavaThread "Unconstrained build operations Thread 77" [_thread_blocked, id=24700, stack(0x000000fd4db00000,0x000000fd4dc00000)]
  0x000002c22a350800 JavaThread "Unconstrained build operations Thread 78" [_thread_blocked, id=24704, stack(0x000000fd4dc00000,0x000000fd4dd00000)]
  0x000002c22a350000 JavaThread "Unconstrained build operations Thread 79" [_thread_blocked, id=24708, stack(0x000000fd4dd00000,0x000000fd4de00000)]
  0x000002c22a352800 JavaThread "Unconstrained build operations Thread 80" [_thread_blocked, id=24712, stack(0x000000fd4de00000,0x000000fd4df00000)]
  0x000002c22a34f000 JavaThread "jar transforms Thread 4" [_thread_blocked, id=24792, stack(0x000000fd4df00000,0x000000fd4e000000)]
  0x000002c22a351800 JavaThread "jar transforms Thread 5" [_thread_blocked, id=24796, stack(0x000000fd4e000000,0x000000fd4e100000)]
  0x000002c22a353000 JavaThread "jar transforms Thread 6" [_thread_blocked, id=24800, stack(0x000000fd4e100000,0x000000fd4e200000)]
  0x000002c22a34d800 JavaThread "jar transforms Thread 7" [_thread_blocked, id=24804, stack(0x000000fd4e200000,0x000000fd4e300000)]
  0x000002c22a354800 JavaThread "jar transforms Thread 8" [_thread_blocked, id=24808, stack(0x000000fd4e300000,0x000000fd4e400000)]

Other Threads:
  0x000002c2228f1000 VMThread "VM Thread" [stack: 0x000000fd46000000,0x000000fd46100000] [id=22644]
  0x000002c22343c000 WatcherThread [stack: 0x000000fd46a00000,0x000000fd46b00000] [id=10900]
  0x000002c208494800 GCTaskThread "GC Thread#0" [stack: 0x000000fd45b00000,0x000000fd45c00000] [id=10044]
  0x000002c22463f000 GCTaskThread "GC Thread#1" [stack: 0x000000fd46d00000,0x000000fd46e00000] [id=18784]
  0x000002c224640000 GCTaskThread "GC Thread#2" [stack: 0x000000fd46e00000,0x000000fd46f00000] [id=4888]
  0x000002c2244e6000 GCTaskThread "GC Thread#3" [stack: 0x000000fd47700000,0x000000fd47800000] [id=21076]
  0x000002c2244e7000 GCTaskThread "GC Thread#4" [stack: 0x000000fd47800000,0x000000fd47900000] [id=6532]
  0x000002c226263800 GCTaskThread "GC Thread#5" [stack: 0x000000fd47900000,0x000000fd47a00000] [id=22652]
  0x000002c22517e800 GCTaskThread "GC Thread#6" [stack: 0x000000fd47a00000,0x000000fd47b00000] [id=23016]
  0x000002c22549d000 GCTaskThread "GC Thread#7" [stack: 0x000000fd47b00000,0x000000fd47c00000] [id=21764]
  0x000002c2084c9000 ConcurrentGCThread "G1 Main Marker" [stack: 0x000000fd45c00000,0x000000fd45d00000] [id=10592]
  0x000002c2084cb000 ConcurrentGCThread "G1 Conc#0" [stack: 0x000000fd45d00000,0x000000fd45e00000] [id=21576]
  0x000002c2254a0800 ConcurrentGCThread "G1 Conc#1" [stack: 0x000000fd47f00000,0x000000fd48000000] [id=19196]
  0x000002c20854c800 ConcurrentGCThread "G1 Refine#0" [stack: 0x000000fd45e00000,0x000000fd45f00000] [id=4704]
  0x000002c222742800 ConcurrentGCThread "G1 Young RemSet Sampling" [stack: 0x000000fd45f00000,0x000000fd46000000] [id=23172]

Threads with active compile tasks:
C2 CompilerThread1   6468 5253       4       java.util.Arrays::fill (21 bytes)

VM state:not at safepoint (normal execution)

VM Mutex/Monitor currently owned by a thread: None

Heap address: 0x0000000080000000, size: 2048 MB, Compressed Oops mode: 32-bit
Narrow klass base: 0x0000000000000000, Narrow klass shift: 3
Compressed class space size: 1073741824 Address: 0x0000000100000000

Heap:
 garbage-first heap   total 155648K, used 72393K [0x0000000080000000, 0x0000000100000000)
  region size 1024K, 49 young (50176K), 8 survivors (8192K)
 Metaspace       used 47666K, capacity 48873K, committed 49100K, reserved 1091584K
  class space    used 6077K, capacity 6500K, committed 6604K, reserved 1048576K
Heap Regions: E=young(eden), S=young(survivor), O=old, HS=humongous(starts), HC=humongous(continues), CS=collection set, F=free, A=archive, TAMS=top-at-mark-start (previous, next)
|   0|0x0000000080000000, 0x0000000080100000, 0x0000000080100000|100%| O|  |TAMS 0x0000000080100000, 0x0000000080000000| Untracked 
|   1|0x0000000080100000, 0x0000000080200000, 0x0000000080200000|100%| O|  |TAMS 0x0000000080200000, 0x0000000080100000| Untracked 
|   2|0x0000000080200000, 0x0000000080300000, 0x0000000080300000|100%| O|  |TAMS 0x0000000080300000, 0x0000000080200000| Untracked 
|   3|0x0000000080300000, 0x0000000080400000, 0x0000000080400000|100%|HS|  |TAMS 0x0000000080400000, 0x0000000080300000| Complete 
|   4|0x0000000080400000, 0x0000000080500000, 0x0000000080500000|100%|HC|  |TAMS 0x0000000080500000, 0x0000000080400000| Complete 
|   5|0x0000000080500000, 0x0000000080600000, 0x0000000080600000|100%|HC|  |TAMS 0x0000000080600000, 0x0000000080500000| Complete 
|   6|0x0000000080600000, 0x0000000080700000, 0x0000000080700000|100%| O|  |TAMS 0x0000000080700000, 0x0000000080600000| Untracked 
|   7|0x0000000080700000, 0x0000000080800000, 0x0000000080800000|100%| O|  |TAMS 0x0000000080800000, 0x0000000080700000| Untracked 
|   8|0x0000000080800000, 0x0000000080900000, 0x0000000080900000|100%| O|  |TAMS 0x0000000080900000, 0x0000000080800000| Untracked 
|   9|0x0000000080900000, 0x0000000080a00000, 0x0000000080a00000|100%| O|  |TAMS 0x0000000080a00000, 0x0000000080900000| Untracked 
|  10|0x0000000080a00000, 0x0000000080b00000, 0x0000000080b00000|100%| O|  |TAMS 0x0000000080b00000, 0x0000000080a00000| Untracked 
|  11|0x0000000080b00000, 0x0000000080c00000, 0x0000000080c00000|100%| O|  |TAMS 0x0000000080c00000, 0x0000000080b00000| Untracked 
|  12|0x0000000080c00000, 0x0000000080d00000, 0x0000000080d00000|100%| O|  |TAMS 0x0000000080d00000, 0x0000000080c00000| Untracked 
|  13|0x0000000080d00000, 0x0000000080e00000, 0x0000000080e00000|100%| O|  |TAMS 0x0000000080e00000, 0x0000000080d00000| Untracked 
|  14|0x0000000080e00000, 0x0000000080f00000, 0x0000000080f00000|100%| O|  |TAMS 0x0000000080f00000, 0x0000000080e00000| Untracked 
|  15|0x0000000080f00000, 0x0000000081000000, 0x0000000081000000|100%| O|  |TAMS 0x0000000080f49800, 0x0000000080f00000| Untracked 
|  16|0x0000000081000000, 0x0000000081100000, 0x0000000081100000|100%|HS|  |TAMS 0x0000000081000000, 0x0000000081000000| Complete 
|  17|0x0000000081100000, 0x0000000081200000, 0x0000000081200000|100%| O|  |TAMS 0x0000000081100000, 0x0000000081100000| Untracked 
|  18|0x0000000081200000, 0x0000000081300000, 0x0000000081300000|100%| O|  |TAMS 0x0000000081200000, 0x0000000081200000| Untracked 
|  19|0x0000000081300000, 0x0000000081400000, 0x0000000081400000|100%| O|  |TAMS 0x0000000081300000, 0x0000000081300000| Untracked 
|  20|0x0000000081400000, 0x0000000081500000, 0x0000000081500000|100%| O|  |TAMS 0x0000000081400000, 0x0000000081400000| Untracked 
|  21|0x0000000081500000, 0x0000000081600000, 0x0000000081600000|100%| O|  |TAMS 0x0000000081500000, 0x0000000081500000| Untracked 
|  22|0x0000000081600000, 0x00000000816bd400, 0x0000000081700000| 73%| O|  |TAMS 0x0000000081600000, 0x0000000081600000| Untracked 
|  23|0x0000000081700000, 0x0000000081800000, 0x0000000081800000|100%|HS|  |TAMS 0x0000000081700000, 0x0000000081700000| Complete 
|  24|0x0000000081800000, 0x0000000081800000, 0x0000000081900000|  0%| F|  |TAMS 0x0000000081800000, 0x0000000081800000| Untracked 
|  25|0x0000000081900000, 0x0000000081900000, 0x0000000081a00000|  0%| F|  |TAMS 0x0000000081900000, 0x0000000081900000| Untracked 
|  26|0x0000000081a00000, 0x0000000081a00000, 0x0000000081b00000|  0%| F|  |TAMS 0x0000000081a00000, 0x0000000081a00000| Untracked 
|  27|0x0000000081b00000, 0x0000000081b00000, 0x0000000081c00000|  0%| F|  |TAMS 0x0000000081b00000, 0x0000000081b00000| Untracked 
|  28|0x0000000081c00000, 0x0000000081c00000, 0x0000000081d00000|  0%| F|  |TAMS 0x0000000081c00000, 0x0000000081c00000| Untracked 
|  29|0x0000000081d00000, 0x0000000081d00000, 0x0000000081e00000|  0%| F|  |TAMS 0x0000000081d00000, 0x0000000081d00000| Untracked 
|  30|0x0000000081e00000, 0x0000000081e00000, 0x0000000081f00000|  0%| F|  |TAMS 0x0000000081e00000, 0x0000000081e00000| Untracked 
|  31|0x0000000081f00000, 0x0000000081f00000, 0x0000000082000000|  0%| F|  |TAMS 0x0000000081f00000, 0x0000000081f00000| Untracked 
|  32|0x0000000082000000, 0x0000000082000000, 0x0000000082100000|  0%| F|  |TAMS 0x0000000082000000, 0x0000000082000000| Untracked 
|  33|0x0000000082100000, 0x0000000082100000, 0x0000000082200000|  0%| F|  |TAMS 0x0000000082100000, 0x0000000082100000| Untracked 
|  34|0x0000000082200000, 0x0000000082200000, 0x0000000082300000|  0%| F|  |TAMS 0x0000000082200000, 0x0000000082200000| Untracked 
|  35|0x0000000082300000, 0x0000000082300000, 0x0000000082400000|  0%| F|  |TAMS 0x0000000082300000, 0x0000000082300000| Untracked 
|  36|0x0000000082400000, 0x0000000082400000, 0x0000000082500000|  0%| F|  |TAMS 0x0000000082400000, 0x0000000082400000| Untracked 
|  37|0x0000000082500000, 0x0000000082500000, 0x0000000082600000|  0%| F|  |TAMS 0x0000000082500000, 0x0000000082500000| Untracked 
|  38|0x0000000082600000, 0x0000000082600000, 0x0000000082700000|  0%| F|  |TAMS 0x0000000082600000, 0x0000000082600000| Untracked 
|  39|0x0000000082700000, 0x0000000082700000, 0x0000000082800000|  0%| F|  |TAMS 0x0000000082700000, 0x0000000082700000| Untracked 
|  40|0x0000000082800000, 0x0000000082800000, 0x0000000082900000|  0%| F|  |TAMS 0x0000000082800000, 0x0000000082800000| Untracked 
|  41|0x0000000082900000, 0x0000000082900000, 0x0000000082a00000|  0%| F|  |TAMS 0x0000000082900000, 0x0000000082900000| Untracked 
|  42|0x0000000082a00000, 0x0000000082a00000, 0x0000000082b00000|  0%| F|  |TAMS 0x0000000082a00000, 0x0000000082a00000| Untracked 
|  43|0x0000000082b00000, 0x0000000082b00000, 0x0000000082c00000|  0%| F|  |TAMS 0x0000000082b00000, 0x0000000082b00000| Untracked 
|  44|0x0000000082c00000, 0x0000000082c00000, 0x0000000082d00000|  0%| F|  |TAMS 0x0000000082c00000, 0x0000000082c00000| Untracked 
|  45|0x0000000082d00000, 0x0000000082d00000, 0x0000000082e00000|  0%| F|  |TAMS 0x0000000082d00000, 0x0000000082d00000| Untracked 
|  46|0x0000000082e00000, 0x0000000082e00000, 0x0000000082f00000|  0%| F|  |TAMS 0x0000000082e00000, 0x0000000082e00000| Untracked 
|  47|0x0000000082f00000, 0x0000000082f00000, 0x0000000083000000|  0%| F|  |TAMS 0x0000000082f00000, 0x0000000082f00000| Untracked 
|  48|0x0000000083000000, 0x0000000083000000, 0x0000000083100000|  0%| F|  |TAMS 0x0000000083000000, 0x0000000083000000| Untracked 
|  49|0x0000000083100000, 0x0000000083100000, 0x0000000083200000|  0%| F|  |TAMS 0x0000000083100000, 0x0000000083100000| Untracked 
|  50|0x0000000083200000, 0x0000000083200000, 0x0000000083300000|  0%| F|  |TAMS 0x0000000083200000, 0x0000000083200000| Untracked 
|  51|0x0000000083300000, 0x00000000833f5130, 0x0000000083400000| 95%| S|CS|TAMS 0x0000000083300000, 0x0000000083300000| Complete 
|  52|0x0000000083400000, 0x0000000083500000, 0x0000000083500000|100%| S|CS|TAMS 0x0000000083400000, 0x0000000083400000| Complete 
|  53|0x0000000083500000, 0x0000000083600000, 0x0000000083600000|100%| S|CS|TAMS 0x0000000083500000, 0x0000000083500000| Complete 
|  54|0x0000000083600000, 0x0000000083700000, 0x0000000083700000|100%| S|CS|TAMS 0x0000000083600000, 0x0000000083600000| Complete 
|  55|0x0000000083700000, 0x0000000083800000, 0x0000000083800000|100%| S|CS|TAMS 0x0000000083700000, 0x0000000083700000| Complete 
|  56|0x0000000083800000, 0x0000000083900000, 0x0000000083900000|100%| S|CS|TAMS 0x0000000083800000, 0x0000000083800000| Complete 
|  57|0x0000000083900000, 0x0000000083a00000, 0x0000000083a00000|100%| S|CS|TAMS 0x0000000083900000, 0x0000000083900000| Complete 
|  58|0x0000000083a00000, 0x0000000083b00000, 0x0000000083b00000|100%| S|CS|TAMS 0x0000000083a00000, 0x0000000083a00000| Complete 
|  59|0x0000000083b00000, 0x0000000083b00000, 0x0000000083c00000|  0%| F|  |TAMS 0x0000000083b00000, 0x0000000083b00000| Untracked 
|  60|0x0000000083c00000, 0x0000000083c00000, 0x0000000083d00000|  0%| F|  |TAMS 0x0000000083c00000, 0x0000000083c00000| Untracked 
|  61|0x0000000083d00000, 0x0000000083d00000, 0x0000000083e00000|  0%| F|  |TAMS 0x0000000083d00000, 0x0000000083d00000| Untracked 
|  62|0x0000000083e00000, 0x0000000083e00000, 0x0000000083f00000|  0%| F|  |TAMS 0x0000000083e00000, 0x0000000083e00000| Untracked 
|  63|0x0000000083f00000, 0x0000000083f00000, 0x0000000084000000|  0%| F|  |TAMS 0x0000000083f00000, 0x0000000083f00000| Untracked 
|  64|0x0000000084000000, 0x0000000084000000, 0x0000000084100000|  0%| F|  |TAMS 0x0000000084000000, 0x0000000084000000| Untracked 
|  65|0x0000000084100000, 0x0000000084100000, 0x0000000084200000|  0%| F|  |TAMS 0x0000000084100000, 0x0000000084100000| Untracked 
|  66|0x0000000084200000, 0x0000000084200000, 0x0000000084300000|  0%| F|  |TAMS 0x0000000084200000, 0x0000000084200000| Untracked 
|  67|0x0000000084300000, 0x0000000084300000, 0x0000000084400000|  0%| F|  |TAMS 0x0000000084300000, 0x0000000084300000| Untracked 
|  68|0x0000000084400000, 0x0000000084400000, 0x0000000084500000|  0%| F|  |TAMS 0x0000000084400000, 0x0000000084400000| Untracked 
|  69|0x0000000084500000, 0x0000000084500000, 0x0000000084600000|  0%| F|  |TAMS 0x0000000084500000, 0x0000000084500000| Untracked 
|  70|0x0000000084600000, 0x0000000084600000, 0x0000000084700000|  0%| F|  |TAMS 0x0000000084600000, 0x0000000084600000| Untracked 
|  71|0x0000000084700000, 0x0000000084700000, 0x0000000084800000|  0%| F|  |TAMS 0x0000000084700000, 0x0000000084700000| Untracked 
|  72|0x0000000084800000, 0x0000000084800000, 0x0000000084900000|  0%| F|  |TAMS 0x0000000084800000, 0x0000000084800000| Untracked 
|  73|0x0000000084900000, 0x0000000084900000, 0x0000000084a00000|  0%| F|  |TAMS 0x0000000084900000, 0x0000000084900000| Untracked 
|  74|0x0000000084a00000, 0x0000000084a00000, 0x0000000084b00000|  0%| F|  |TAMS 0x0000000084a00000, 0x0000000084a00000| Untracked 
|  75|0x0000000084b00000, 0x0000000084b00000, 0x0000000084c00000|  0%| F|  |TAMS 0x0000000084b00000, 0x0000000084b00000| Untracked 
|  76|0x0000000084c00000, 0x0000000084c00000, 0x0000000084d00000|  0%| F|  |TAMS 0x0000000084c00000, 0x0000000084c00000| Untracked 
|  77|0x0000000084d00000, 0x0000000084d00000, 0x0000000084e00000|  0%| F|  |TAMS 0x0000000084d00000, 0x0000000084d00000| Untracked 
|  78|0x0000000084e00000, 0x0000000084e00000, 0x0000000084f00000|  0%| F|  |TAMS 0x0000000084e00000, 0x0000000084e00000| Untracked 
|  79|0x0000000084f00000, 0x0000000084f00000, 0x0000000085000000|  0%| F|  |TAMS 0x0000000084f00000, 0x0000000084f00000| Untracked 
|  80|0x0000000085000000, 0x0000000085000000, 0x0000000085100000|  0%| F|  |TAMS 0x0000000085000000, 0x0000000085000000| Untracked 
|  81|0x0000000085100000, 0x0000000085100000, 0x0000000085200000|  0%| F|  |TAMS 0x0000000085100000, 0x0000000085100000| Untracked 
|  82|0x0000000085200000, 0x0000000085200000, 0x0000000085300000|  0%| F|  |TAMS 0x0000000085200000, 0x0000000085200000| Untracked 
|  83|0x0000000085300000, 0x0000000085300000, 0x0000000085400000|  0%| F|  |TAMS 0x0000000085300000, 0x0000000085300000| Untracked 
|  84|0x0000000085400000, 0x0000000085400000, 0x0000000085500000|  0%| F|  |TAMS 0x0000000085400000, 0x0000000085400000| Untracked 
|  85|0x0000000085500000, 0x0000000085500000, 0x0000000085600000|  0%| F|  |TAMS 0x0000000085500000, 0x0000000085500000| Untracked 
|  86|0x0000000085600000, 0x0000000085600000, 0x0000000085700000|  0%| F|  |TAMS 0x0000000085600000, 0x0000000085600000| Untracked 
|  87|0x0000000085700000, 0x0000000085700000, 0x0000000085800000|  0%| F|  |TAMS 0x0000000085700000, 0x0000000085700000| Untracked 
|  88|0x0000000085800000, 0x0000000085800000, 0x0000000085900000|  0%| F|  |TAMS 0x0000000085800000, 0x0000000085800000| Untracked 
|  89|0x0000000085900000, 0x0000000085900000, 0x0000000085a00000|  0%| F|  |TAMS 0x0000000085900000, 0x0000000085900000| Untracked 
|  90|0x0000000085a00000, 0x0000000085a00000, 0x0000000085b00000|  0%| F|  |TAMS 0x0000000085a00000, 0x0000000085a00000| Untracked 
|  91|0x0000000085b00000, 0x0000000085b00000, 0x0000000085c00000|  0%| F|  |TAMS 0x0000000085b00000, 0x0000000085b00000| Untracked 
|  92|0x0000000085c00000, 0x0000000085c00000, 0x0000000085d00000|  0%| F|  |TAMS 0x0000000085c00000, 0x0000000085c00000| Untracked 
|  93|0x0000000085d00000, 0x0000000085d00000, 0x0000000085e00000|  0%| F|  |TAMS 0x0000000085d00000, 0x0000000085d00000| Untracked 
|  94|0x0000000085e00000, 0x0000000085e00000, 0x0000000085f00000|  0%| F|  |TAMS 0x0000000085e00000, 0x0000000085e00000| Untracked 
|  95|0x0000000085f00000, 0x0000000085f00000, 0x0000000086000000|  0%| F|  |TAMS 0x0000000085f00000, 0x0000000085f00000| Untracked 
|  96|0x0000000086000000, 0x0000000086000000, 0x0000000086100000|  0%| F|  |TAMS 0x0000000086000000, 0x0000000086000000| Untracked 
|  97|0x0000000086100000, 0x0000000086100000, 0x0000000086200000|  0%| F|  |TAMS 0x0000000086100000, 0x0000000086100000| Untracked 
|  98|0x0000000086200000, 0x0000000086200000, 0x0000000086300000|  0%| F|  |TAMS 0x0000000086200000, 0x0000000086200000| Untracked 
|  99|0x0000000086300000, 0x0000000086300000, 0x0000000086400000|  0%| F|  |TAMS 0x0000000086300000, 0x0000000086300000| Untracked 
| 100|0x0000000086400000, 0x0000000086400000, 0x0000000086500000|  0%| F|  |TAMS 0x0000000086400000, 0x0000000086400000| Untracked 
| 101|0x0000000086500000, 0x0000000086500000, 0x0000000086600000|  0%| F|  |TAMS 0x0000000086500000, 0x0000000086500000| Untracked 
| 102|0x0000000086600000, 0x0000000086600000, 0x0000000086700000|  0%| F|  |TAMS 0x0000000086600000, 0x0000000086600000| Untracked 
| 103|0x0000000086700000, 0x0000000086700000, 0x0000000086800000|  0%| F|  |TAMS 0x0000000086700000, 0x0000000086700000| Untracked 
| 104|0x0000000086800000, 0x0000000086800000, 0x0000000086900000|  0%| F|  |TAMS 0x0000000086800000, 0x0000000086800000| Untracked 
| 105|0x0000000086900000, 0x0000000086900000, 0x0000000086a00000|  0%| F|  |TAMS 0x0000000086900000, 0x0000000086900000| Untracked 
| 106|0x0000000086a00000, 0x0000000086a00000, 0x0000000086b00000|  0%| F|  |TAMS 0x0000000086a00000, 0x0000000086a00000| Untracked 
| 107|0x0000000086b00000, 0x0000000086b00000, 0x0000000086c00000|  0%| F|  |TAMS 0x0000000086b00000, 0x0000000086b00000| Untracked 
| 108|0x0000000086c00000, 0x0000000086c00000, 0x0000000086d00000|  0%| F|  |TAMS 0x0000000086c00000, 0x0000000086c00000| Untracked 
| 109|0x0000000086d00000, 0x0000000086d00000, 0x0000000086e00000|  0%| F|  |TAMS 0x0000000086d00000, 0x0000000086d00000| Untracked 
| 110|0x0000000086e00000, 0x0000000086e00000, 0x0000000086f00000|  0%| F|  |TAMS 0x0000000086e00000, 0x0000000086e00000| Untracked 
| 111|0x0000000086f00000, 0x0000000086f80800, 0x0000000087000000| 50%| E|  |TAMS 0x0000000086f00000, 0x0000000086f00000| Complete 
| 112|0x0000000087000000, 0x0000000087100000, 0x0000000087100000|100%| E|CS|TAMS 0x0000000087000000, 0x0000000087000000| Complete 
| 113|0x0000000087100000, 0x0000000087200000, 0x0000000087200000|100%| E|CS|TAMS 0x0000000087100000, 0x0000000087100000| Complete 
| 114|0x0000000087200000, 0x0000000087300000, 0x0000000087300000|100%| E|CS|TAMS 0x0000000087200000, 0x0000000087200000| Complete 
| 115|0x0000000087300000, 0x0000000087400000, 0x0000000087400000|100%| E|CS|TAMS 0x0000000087300000, 0x0000000087300000| Complete 
| 116|0x0000000087400000, 0x0000000087500000, 0x0000000087500000|100%| E|CS|TAMS 0x0000000087400000, 0x0000000087400000| Complete 
| 117|0x0000000087500000, 0x0000000087600000, 0x0000000087600000|100%| E|CS|TAMS 0x0000000087500000, 0x0000000087500000| Complete 
| 118|0x0000000087600000, 0x0000000087700000, 0x0000000087700000|100%| E|CS|TAMS 0x0000000087600000, 0x0000000087600000| Complete 
| 119|0x0000000087700000, 0x0000000087800000, 0x0000000087800000|100%| E|CS|TAMS 0x0000000087700000, 0x0000000087700000| Complete 
| 120|0x0000000087800000, 0x0000000087900000, 0x0000000087900000|100%| E|CS|TAMS 0x0000000087800000, 0x0000000087800000| Complete 
| 121|0x0000000087900000, 0x0000000087a00000, 0x0000000087a00000|100%| E|CS|TAMS 0x0000000087900000, 0x0000000087900000| Complete 
| 122|0x0000000087a00000, 0x0000000087b00000, 0x0000000087b00000|100%| E|CS|TAMS 0x0000000087a00000, 0x0000000087a00000| Complete 
| 123|0x0000000087b00000, 0x0000000087c00000, 0x0000000087c00000|100%| E|CS|TAMS 0x0000000087b00000, 0x0000000087b00000| Complete 
| 124|0x0000000087c00000, 0x0000000087d00000, 0x0000000087d00000|100%| E|CS|TAMS 0x0000000087c00000, 0x0000000087c00000| Complete 
| 125|0x0000000087d00000, 0x0000000087e00000, 0x0000000087e00000|100%| E|CS|TAMS 0x0000000087d00000, 0x0000000087d00000| Complete 
| 126|0x0000000087e00000, 0x0000000087f00000, 0x0000000087f00000|100%| E|CS|TAMS 0x0000000087e00000, 0x0000000087e00000| Complete 
| 127|0x0000000087f00000, 0x0000000088000000, 0x0000000088000000|100%| E|  |TAMS 0x0000000087f00000, 0x0000000087f00000| Complete 
| 128|0x0000000088000000, 0x0000000088100000, 0x0000000088100000|100%| E|CS|TAMS 0x0000000088000000, 0x0000000088000000| Complete 
| 129|0x0000000088100000, 0x0000000088200000, 0x0000000088200000|100%| E|CS|TAMS 0x0000000088100000, 0x0000000088100000| Complete 
| 130|0x0000000088200000, 0x0000000088300000, 0x0000000088300000|100%| E|CS|TAMS 0x0000000088200000, 0x0000000088200000| Complete 
| 131|0x0000000088300000, 0x0000000088400000, 0x0000000088400000|100%| E|CS|TAMS 0x0000000088300000, 0x0000000088300000| Complete 
| 132|0x0000000088400000, 0x0000000088500000, 0x0000000088500000|100%| E|CS|TAMS 0x0000000088400000, 0x0000000088400000| Complete 
| 133|0x0000000088500000, 0x0000000088600000, 0x0000000088600000|100%| E|CS|TAMS 0x0000000088500000, 0x0000000088500000| Complete 
| 134|0x0000000088600000, 0x0000000088700000, 0x0000000088700000|100%| E|CS|TAMS 0x0000000088600000, 0x0000000088600000| Complete 
| 135|0x0000000088700000, 0x0000000088800000, 0x0000000088800000|100%| E|CS|TAMS 0x0000000088700000, 0x0000000088700000| Complete 
| 136|0x0000000088800000, 0x0000000088900000, 0x0000000088900000|100%| E|CS|TAMS 0x0000000088800000, 0x0000000088800000| Complete 
| 137|0x0000000088900000, 0x0000000088a00000, 0x0000000088a00000|100%| E|CS|TAMS 0x0000000088900000, 0x0000000088900000| Complete 
| 138|0x0000000088a00000, 0x0000000088b00000, 0x0000000088b00000|100%| E|CS|TAMS 0x0000000088a00000, 0x0000000088a00000| Complete 
| 139|0x0000000088b00000, 0x0000000088c00000, 0x0000000088c00000|100%| E|CS|TAMS 0x0000000088b00000, 0x0000000088b00000| Complete 
| 140|0x0000000088c00000, 0x0000000088d00000, 0x0000000088d00000|100%| E|CS|TAMS 0x0000000088c00000, 0x0000000088c00000| Complete 
| 141|0x0000000088d00000, 0x0000000088e00000, 0x0000000088e00000|100%| E|CS|TAMS 0x0000000088d00000, 0x0000000088d00000| Complete 
| 142|0x0000000088e00000, 0x0000000088f00000, 0x0000000088f00000|100%| E|CS|TAMS 0x0000000088e00000, 0x0000000088e00000| Complete 
| 143|0x0000000088f00000, 0x0000000089000000, 0x0000000089000000|100%| E|CS|TAMS 0x0000000088f00000, 0x0000000088f00000| Complete 
| 144|0x0000000089000000, 0x0000000089100000, 0x0000000089100000|100%| E|CS|TAMS 0x0000000089000000, 0x0000000089000000| Complete 
| 145|0x0000000089100000, 0x0000000089200000, 0x0000000089200000|100%| E|CS|TAMS 0x0000000089100000, 0x0000000089100000| Complete 
| 146|0x0000000089200000, 0x0000000089300000, 0x0000000089300000|100%| E|CS|TAMS 0x0000000089200000, 0x0000000089200000| Complete 
| 147|0x0000000089300000, 0x0000000089400000, 0x0000000089400000|100%| E|CS|TAMS 0x0000000089300000, 0x0000000089300000| Complete 
| 148|0x0000000089400000, 0x0000000089500000, 0x0000000089500000|100%| E|CS|TAMS 0x0000000089400000, 0x0000000089400000| Complete 
| 149|0x0000000089500000, 0x0000000089600000, 0x0000000089600000|100%| E|CS|TAMS 0x0000000089500000, 0x0000000089500000| Complete 
| 150|0x0000000089600000, 0x0000000089700000, 0x0000000089700000|100%| E|CS|TAMS 0x0000000089600000, 0x0000000089600000| Complete 
| 151|0x0000000089700000, 0x0000000089800000, 0x0000000089800000|100%| E|CS|TAMS 0x0000000089700000, 0x0000000089700000| Complete 

Card table byte_map: [0x000002c21b6a0000,0x000002c21baa0000] _byte_map_base: 0x000002c21b2a0000

Marking Bits (Prev, Next): (CMBitMap*) 0x000002c2084c0538, (CMBitMap*) 0x000002c2084c0570
 Prev Bits: [0x000002c21bea0000, 0x000002c21dea0000)
 Next Bits: [0x000002c21dea0000, 0x000002c21fea0000)

Polling page: 0x000002c206400000

Metaspace:

Usage:
  Non-class:     41.38 MB capacity,    40.61 MB ( 98%) used,   659.84 KB (  2%) free+waste,   123.63 KB ( <1%) overhead. 
      Class:      6.35 MB capacity,     5.93 MB ( 93%) used,   364.18 KB (  6%) free+waste,    58.69 KB ( <1%) overhead. 
       Both:     47.73 MB capacity,    46.55 MB ( 98%) used,     1.00 MB (  2%) free+waste,   182.31 KB ( <1%) overhead. 

Virtual space:
  Non-class space:       42.00 MB reserved,      41.50 MB ( 99%) committed 
      Class space:        1.00 GB reserved,       6.45 MB ( <1%) committed 
             Both:        1.04 GB reserved,      47.95 MB (  4%) committed 

Chunk freelists:
   Non-Class:  3.00 KB
       Class:  0 bytes
        Both:  3.00 KB

MaxMetaspaceSize: 17179869184.00 GB
CompressedClassSpaceSize: 1.00 GB

CodeHeap 'non-profiled nmethods': size=120000Kb used=2906Kb max_used=2906Kb free=117093Kb
 bounds [0x000002c213a40000, 0x000002c213d20000, 0x000002c21af70000]
CodeHeap 'profiled nmethods': size=120000Kb used=10527Kb max_used=10527Kb free=109472Kb
 bounds [0x000002c20c510000, 0x000002c20cf60000, 0x000002c213a40000]
CodeHeap 'non-nmethods': size=5760Kb used=2216Kb max_used=2269Kb free=3543Kb
 bounds [0x000002c20bf70000, 0x000002c20c1e0000, 0x000002c20c510000]
 total_blobs=6043 nmethods=5257 adapters=697
 compilation: enabled
              stopped_count=0, restarted_count=0
 full_count=0

Compilation events (20 events):
Event: 6.392 Thread 0x000002c222918000 nmethod 5244 0x000002c20cf43710 code [0x000002c20cf43900, 0x000002c20cf43d58]
Event: 6.392 Thread 0x000002c222918000 5245       3       org.codehaus.groovy.util.ReferenceType$WeakRef::<init> (12 bytes)
Event: 6.392 Thread 0x000002c222918000 nmethod 5245 0x000002c20cf43f10 code [0x000002c20cf440e0, 0x000002c20cf44478]
Event: 6.396 Thread 0x000002c225ccb800 5246       4       java.util.stream.SpinedBuffer::accept (94 bytes)
Event: 6.397 Thread 0x000002c222918000 5247       3       java.util.TimSort::sort (229 bytes)
Event: 6.398 Thread 0x000002c222918000 nmethod 5247 0x000002c20cf44590 code [0x000002c20cf447e0, 0x000002c20cf44eb8]
Event: 6.399 Thread 0x000002c225ccb800 nmethod 5246 0x000002c213d0a010 code [0x000002c213d0a1e0, 0x000002c213d0a5b8]
Event: 6.400 Thread 0x000002c225ccb800 5248       4       org.codehaus.groovy.reflection.CachedMethod::isStatic (8 bytes)
Event: 6.400 Thread 0x000002c222918000 5249       1       groovy.lang.MetaClassImpl$MethodIndexAction::skipClass (2 bytes)
Event: 6.400 Thread 0x000002c222918000 nmethod 5249 0x000002c213d0a810 code [0x000002c213d0a9c0, 0x000002c213d0aa78]
Event: 6.400 Thread 0x000002c225ccb800 nmethod 5248 0x000002c213d0ab10 code [0x000002c213d0aca0, 0x000002c213d0ad38]
Event: 6.404 Thread 0x000002c222916000 nmethod 5239 0x000002c213d0ae10 code [0x000002c213d0afe0, 0x000002c213d0bbf8]
Event: 6.413 Thread 0x000002c222918000 5250       3       java.util.zip.ZipFile$Source::initCEN (658 bytes)
Event: 6.415 Thread 0x000002c222918000 nmethod 5250 0x000002c20cf45290 code [0x000002c20cf458e0, 0x000002c20cf49248]
Event: 6.417 Thread 0x000002c222918000 5251  s    3       java.io.FileDescriptor::close (9 bytes)
Event: 6.418 Thread 0x000002c222918000 nmethod 5251 0x000002c20cf4ac90 code [0x000002c20cf4ae80, 0x000002c20cf4b438]
Event: 6.418 Thread 0x000002c222918000 5252  s    3       java.io.FileDescriptor::unregisterCleanup (20 bytes)
Event: 6.418 Thread 0x000002c222918000 nmethod 5252 0x000002c20cf4b590 code [0x000002c20cf4b760, 0x000002c20cf4bb08]
Event: 6.420 Thread 0x000002c22631d800 nmethod 4708 0x000002c213d0c090 code [0x000002c213d0c6c0, 0x000002c213d13120]
Event: 6.437 Thread 0x000002c225ccb800 5253       4       java.util.Arrays::fill (21 bytes)

GC Heap History (14 events):
Event: 0.556 GC heap before
{Heap before GC invocations=0 (full 0):
 garbage-first heap   total 129024K, used 29696K [0x0000000080000000, 0x0000000100000000)
  region size 1024K, 24 young (24576K), 0 survivors (0K)
 Metaspace       used 10138K, capacity 10330K, committed 10624K, reserved 1058816K
  class space    used 1061K, capacity 1107K, committed 1152K, reserved 1048576K
}
Event: 0.560 GC heap after
{Heap after GC invocations=1 (full 0):
 garbage-first heap   total 129024K, used 9465K [0x0000000080000000, 0x0000000100000000)
  region size 1024K, 3 young (3072K), 3 survivors (3072K)
 Metaspace       used 10138K, capacity 10330K, committed 10624K, reserved 1058816K
  class space    used 1061K, capacity 1107K, committed 1152K, reserved 1048576K
}
Event: 1.952 GC heap before
{Heap before GC invocations=1 (full 0):
 garbage-first heap   total 129024K, used 83193K [0x0000000080000000, 0x0000000100000000)
  region size 1024K, 75 young (76800K), 3 survivors (3072K)
 Metaspace       used 17453K, capacity 17833K, committed 18176K, reserved 1064960K
  class space    used 2053K, capacity 2186K, committed 2304K, reserved 1048576K
}
Event: 1.958 GC heap after
{Heap after GC invocations=2 (full 0):
 garbage-first heap   total 129024K, used 15909K [0x0000000080000000, 0x0000000100000000)
  region size 1024K, 10 young (10240K), 10 survivors (10240K)
 Metaspace       used 17453K, capacity 17833K, committed 18176K, reserved 1064960K
  class space    used 2053K, capacity 2186K, committed 2304K, reserved 1048576K
}
Event: 2.220 GC heap before
{Heap before GC invocations=2 (full 0):
 garbage-first heap   total 129024K, used 44581K [0x0000000080000000, 0x0000000100000000)
  region size 1024K, 39 young (39936K), 10 survivors (10240K)
 Metaspace       used 20689K, capacity 21082K, committed 21248K, reserved 1067008K
  class space    used 2539K, capacity 2694K, committed 2816K, reserved 1048576K
}
Event: 2.227 GC heap after
{Heap after GC invocations=3 (full 0):
 garbage-first heap   total 129024K, used 16836K [0x0000000080000000, 0x0000000100000000)
  region size 1024K, 2 young (2048K), 2 survivors (2048K)
 Metaspace       used 20689K, capacity 21082K, committed 21248K, reserved 1067008K
  class space    used 2539K, capacity 2694K, committed 2816K, reserved 1048576K
}
Event: 2.858 GC heap before
{Heap before GC invocations=4 (full 0):
 garbage-first heap   total 129024K, used 81348K [0x0000000080000000, 0x0000000100000000)
  region size 1024K, 65 young (66560K), 2 survivors (2048K)
 Metaspace       used 26769K, capacity 27309K, committed 27648K, reserved 1073152K
  class space    used 3523K, capacity 3736K, committed 3840K, reserved 1048576K
}
Event: 2.862 GC heap after
{Heap after GC invocations=5 (full 0):
 garbage-first heap   total 129024K, used 18943K [0x0000000080000000, 0x0000000100000000)
  region size 1024K, 4 young (4096K), 4 survivors (4096K)
 Metaspace       used 26769K, capacity 27309K, committed 27648K, reserved 1073152K
  class space    used 3523K, capacity 3736K, committed 3840K, reserved 1048576K
}
Event: 3.586 GC heap before
{Heap before GC invocations=5 (full 0):
 garbage-first heap   total 129024K, used 66047K [0x0000000080000000, 0x0000000100000000)
  region size 1024K, 51 young (52224K), 4 survivors (4096K)
 Metaspace       used 35032K, capacity 35793K, committed 35840K, reserved 1081344K
  class space    used 4557K, capacity 4864K, committed 4864K, reserved 1048576K
}
Event: 3.594 GC heap after
{Heap after GC invocations=6 (full 0):
 garbage-first heap   total 129024K, used 22333K [0x0000000080000000, 0x0000000100000000)
  region size 1024K, 7 young (7168K), 7 survivors (7168K)
 Metaspace       used 35032K, capacity 35793K, committed 35840K, reserved 1081344K
  class space    used 4557K, capacity 4864K, committed 4864K, reserved 1048576K
}
Event: 4.439 GC heap before
{Heap before GC invocations=7 (full 0):
 garbage-first heap   total 129024K, used 94013K [0x0000000080000000, 0x0000000100000000)
  region size 1024K, 75 young (76800K), 7 survivors (7168K)
 Metaspace       used 41431K, capacity 42404K, committed 42572K, reserved 1085440K
  class space    used 5346K, capacity 5691K, committed 5708K, reserved 1048576K
}
Event: 4.447 GC heap after
{Heap after GC invocations=8 (full 0):
 garbage-first heap   total 129024K, used 26890K [0x0000000080000000, 0x0000000100000000)
  region size 1024K, 8 young (8192K), 8 survivors (8192K)
 Metaspace       used 41431K, capacity 42404K, committed 42572K, reserved 1085440K
  class space    used 5346K, capacity 5691K, committed 5708K, reserved 1048576K
}
Event: 5.869 GC heap before
{Heap before GC invocations=8 (full 0):
 garbage-first heap   total 129024K, used 96522K [0x0000000080000000, 0x0000000100000000)
  region size 1024K, 75 young (76800K), 8 survivors (8192K)
 Metaspace       used 46480K, capacity 47557K, committed 47692K, reserved 1091584K
  class space    used 5952K, capacity 6364K, committed 6476K, reserved 1048576K
}
Event: 5.878 GC heap after
{Heap after GC invocations=9 (full 0):
 garbage-first heap   total 155648K, used 30409K [0x0000000080000000, 0x0000000100000000)
  region size 1024K, 8 young (8192K), 8 survivors (8192K)
 Metaspace       used 46480K, capacity 47557K, committed 47692K, reserved 1091584K
  class space    used 5952K, capacity 6364K, committed 6476K, reserved 1048576K
}

Deoptimization events (20 events):
Event: 6.088 Thread 0x000002c229c6d000 DEOPT PACKING pc=0x000002c213aed14c sp=0x000000fd4befe5f0
Event: 6.088 Thread 0x000002c229c6d000 DEOPT UNPACKING pc=0x000002c20bf9662f sp=0x000000fd4befe530 mode 2
Event: 6.094 Thread 0x000002c229c60800 DEOPT PACKING pc=0x000002c20cb95374 sp=0x000000fd4aefd6b0
Event: 6.094 Thread 0x000002c229c60800 DEOPT UNPACKING pc=0x000002c20bf96dde sp=0x000000fd4aefcc50 mode 0
Event: 6.258 Thread 0x000002c22a351800 DEOPT PACKING pc=0x000002c20cb95374 sp=0x000000fd4e0fe9e0
Event: 6.258 Thread 0x000002c22a351800 DEOPT UNPACKING pc=0x000002c20bf96dde sp=0x000000fd4e0fdf80 mode 0
Event: 6.284 Thread 0x000002c226bbc800 DEOPT PACKING pc=0x000002c20cb95374 sp=0x000000fd489fe570
Event: 6.284 Thread 0x000002c226bbc800 DEOPT UNPACKING pc=0x000002c20bf96dde sp=0x000000fd489fdb10 mode 0
Event: 6.292 Thread 0x000002c225461000 DEOPT PACKING pc=0x000002c20c85267a sp=0x000000fd47cfe370
Event: 6.292 Thread 0x000002c225461000 DEOPT UNPACKING pc=0x000002c20bf96dde sp=0x000000fd47cfd7a8 mode 0
Event: 6.358 Thread 0x000002c225462000 DEOPT PACKING pc=0x000002c20ce641fd sp=0x000000fd47efe290
Event: 6.358 Thread 0x000002c225462000 DEOPT UNPACKING pc=0x000002c20bf96dde sp=0x000000fd47efd6c8 mode 0
Event: 6.372 Thread 0x000002c2252fc000 DEOPT PACKING pc=0x000002c20cceb4f1 sp=0x000000fd473f9790
Event: 6.372 Thread 0x000002c2252fc000 DEOPT UNPACKING pc=0x000002c20bf96dde sp=0x000000fd473f8c88 mode 0
Event: 6.373 Thread 0x000002c2252fc000 DEOPT PACKING pc=0x000002c20cceb4f1 sp=0x000000fd473f9790
Event: 6.373 Thread 0x000002c2252fc000 DEOPT UNPACKING pc=0x000002c20bf96dde sp=0x000000fd473f8c88 mode 0
Event: 6.427 Thread 0x000002c2252fc000 DEOPT PACKING pc=0x000002c20cf48a2a sp=0x000000fd473f1a00
Event: 6.427 Thread 0x000002c2252fc000 DEOPT UNPACKING pc=0x000002c20bf96dde sp=0x000000fd473f0fd8 mode 0
Event: 6.437 Thread 0x000002c2252fc000 DEOPT PACKING pc=0x000002c20c85595a sp=0x000000fd473f19c0
Event: 6.438 Thread 0x000002c2252fc000 DEOPT UNPACKING pc=0x000002c20bf96dde sp=0x000000fd473f0e48 mode 0

Classes redefined (0 events):
No events

Internal exceptions (20 events):
Event: 4.837 Thread 0x000002c2252fc000 Exception <a 'java/lang/ClassNotFoundException'{0x0000000086283a80}: org/gradle/api/internal/artifacts/dsl/dependencies/DefaultDependencyHandlerCustomizer> (0x0000000086283a80) thrown at [./src/hotspot/share/classfile/systemDictionary.cpp, line 231]
Event: 4.841 Thread 0x000002c2252fc000 Exception <a 'java/lang/ClassNotFoundException'{0x00000000862eb8e8}: org/gradle/api/internal/artifacts/dsl/dependencies/DefaultDependencyHandler_DecoratedCustomizer> (0x00000000862eb8e8) thrown at [./src/hotspot/share/classfile/systemDictionary.cpp, line 231]
Event: 5.288 Thread 0x000002c2252fc000 Exception <a 'java/lang/NoSuchMethodError'{0x0000000084fc3ca8}: 'java.lang.Object java.lang.invoke.DelegatingMethodHandle$Holder.reinvoke_L(java.lang.Object, java.lang.Object, java.lang.Object, java.lang.Object, java.lang.Object, java.lang.Object, java.lang.Object, java.lang.Object, java.lang.Object, java.lang.Object, java.lang.Object, java.lang.Object, java.lang.Object, java.lang.Object, java.lang.Object, java.lang.Object, java.lang.Object, java.lang.Object, java.lang.Object, java.lang.Object)'> (0x000000
Event: 5.289 Thread 0x000002c2252fc000 Exception <a 'java/lang/NoSuchMethodError'{0x0000000084fcf928}: 'java.lang.Object java.lang.invoke.DirectMethodHandle$Holder.invokeSpecial(java.lang.Object, java.lang.Object, java.lang.Object, java.lang.Object, java.lang.Object, java.lang.Object, java.lang.Object, java.lang.Object, java.lang.Object, java.lang.Object, java.lang.Object, java.lang.Object, java.lang.Object, java.lang.Object, java.lang.Object, java.lang.Object, java.lang.Object, java.lang.Object, java.lang.Object, java.lang.Object)'> (0x0000000
Event: 5.290 Thread 0x000002c2252fc000 Exception <a 'java/lang/NoSuchMethodError'{0x0000000084fd5868}: 'java.lang.Object java.lang.invoke.Invokers$Holder.invoker(java.lang.Object, java.lang.Object, java.lang.Object, java.lang.Object, java.lang.Object, java.lang.Object, java.lang.Object, java.lang.Object, java.lang.Object, java.lang.Object, java.lang.Object, java.lang.Object, java.lang.Object, java.lang.Object, java.lang.Object, java.lang.Object, java.lang.Object, java.lang.Object, java.lang.Object, java.lang.Object)'> (0x0000000084fd5868) throw
Event: 5.294 Thread 0x000002c2252fc000 Exception <a 'java/lang/NoSuchMethodError'{0x0000000084fdc978}: 'java.lang.Object java.lang.invoke.DelegatingMethodHandle$Holder.delegate(java.lang.Object, java.lang.Object, java.lang.Object, java.lang.Object, java.lang.Object, java.lang.Object, java.lang.Object, java.lang.Object, java.lang.Object, java.lang.Object, java.lang.Object, java.lang.Object, java.lang.Object, java.lang.Object, java.lang.Object, java.lang.Object, java.lang.Object, java.lang.Object, java.lang.Object, java.lang.Object)'> (0x00000000
Event: 5.319 Thread 0x000002c2252fc000 Exception <a 'java/lang/NoSuchMethodError'{0x0000000084e24950}: 'java.lang.Object java.lang.invoke.DirectMethodHandle$Holder.invokeStatic(java.lang.Object, java.lang.Object, java.lang.Object, java.lang.Object, java.lang.Object, java.lang.Object, java.lang.Object, java.lang.Object, java.lang.Object, java.lang.Object, java.lang.Object, java.lang.Object, java.lang.Object, java.lang.Object, java.lang.Object)'> (0x0000000084e24950) thrown at [./src/hotspot/share/interpreter/linkResolver.cpp, line 773]
Event: 5.329 Thread 0x000002c2252fc000 Exception <a 'java/lang/NoSuchMethodError'{0x0000000084e350a0}: 'java.lang.Object java.lang.invoke.DirectMethodHandle$Holder.invokeStatic(java.lang.Object, java.lang.Object, java.lang.Object, java.lang.Object, java.lang.Object, java.lang.Object, java.lang.Object, java.lang.Object, java.lang.Object, java.lang.Object, java.lang.Object, java.lang.Object, java.lang.Object, java.lang.Object, java.lang.Object, java.lang.Object)'> (0x0000000084e350a0) thrown at [./src/hotspot/share/interpreter/linkResolver.cpp, l
Event: 5.330 Thread 0x000002c2252fc000 Exception <a 'java/lang/NoSuchMethodError'{0x0000000084e45578}: 'java.lang.Object java.lang.invoke.DelegatingMethodHandle$Holder.reinvoke_L(java.lang.Object, java.lang.Object, java.lang.Object, java.lang.Object, java.lang.Object, java.lang.Object, java.lang.Object, java.lang.Object, java.lang.Object, java.lang.Object, java.lang.Object, java.lang.Object, java.lang.Object, java.lang.Object, java.lang.Object, java.lang.Object, java.lang.Object, java.lang.Object, java.lang.Object)'> (0x0000000084e45578) thrown
Event: 5.425 Thread 0x000002c2252fc000 Exception <a 'java/lang/IncompatibleClassChangeError'{0x0000000084bb2fb0}: Found class java.lang.Object, but interface was expected> (0x0000000084bb2fb0) thrown at [./src/hotspot/share/interpreter/linkResolver.cpp, line 839]
Event: 5.545 Thread 0x000002c2252fc000 Exception <a 'java/lang/NoSuchMethodError'{0x00000000843f7ae0}: 'int java.lang.invoke.DirectMethodHandle$Holder.invokeStaticInit(java.lang.Object)'> (0x00000000843f7ae0) thrown at [./src/hotspot/share/interpreter/linkResolver.cpp, line 773]
Event: 5.980 Thread 0x000002c2252fc000 Exception <a 'java/lang/NoSuchMethodError'{0x0000000089236938}: 'void java.lang.invoke.DirectMethodHandle$Holder.invokeStatic(java.lang.Object, java.lang.Object, java.lang.Object, int, java.lang.Object)'> (0x0000000089236938) thrown at [./src/hotspot/share/interpreter/linkResolver.cpp, line 773]
Event: 6.048 Thread 0x000002c226bc5800 Implicit null exception at 0x000002c213ce020f to 0x000002c213ce0448
Event: 6.388 Thread 0x000002c2252fc000 Exception <a 'java/lang/ClassNotFoundException'{0x000000008722a270}: build_a9ttowidb7wqghb27t684j1ifBeanInfo> (0x000000008722a270) thrown at [./src/hotspot/share/classfile/systemDictionary.cpp, line 231]
Event: 6.388 Thread 0x000002c2252fc000 Exception <a 'java/lang/ClassNotFoundException'{0x00000000872351c8}: build_a9ttowidb7wqghb27t684j1ifCustomizer> (0x00000000872351c8) thrown at [./src/hotspot/share/classfile/systemDictionary.cpp, line 231]
Event: 6.417 Thread 0x000002c2252fc000 Exception <a 'java/io/IOException'{0x000000008715f978}> (0x000000008715f978) thrown at [./src/hotspot/share/prims/jni.cpp, line 615]
Event: 6.417 Thread 0x000002c2252fc000 Exception <a 'java/security/PrivilegedActionException'{0x0000000087160c48}> (0x0000000087160c48) thrown at [./src/hotspot/share/prims/jvm.cpp, line 1306]
Event: 6.417 Thread 0x000002c2252fc000 Exception <a 'java/security/PrivilegedActionException'{0x0000000087161f08}> (0x0000000087161f08) thrown at [./src/hotspot/share/prims/jvm.cpp, line 1306]
Event: 6.439 Thread 0x000002c2252fc000 Exception <a 'java/security/PrivilegedActionException'{0x00000000871db3c0}> (0x00000000871db3c0) thrown at [./src/hotspot/share/prims/jvm.cpp, line 1306]
Event: 6.439 Thread 0x000002c2252fc000 Exception <a 'java/security/PrivilegedActionException'{0x00000000871dc680}> (0x00000000871dc680) thrown at [./src/hotspot/share/prims/jvm.cpp, line 1306]

Events (20 events):
Event: 6.385 loading class groovy/runtime/metaclass/build_a9ttowidb7wqghb27t684j1ifMetaClass
Event: 6.385 loading class groovy/runtime/metaclass/build_a9ttowidb7wqghb27t684j1ifMetaClass done
Event: 6.387 loading class build_a9ttowidb7wqghb27t684j1ifBeanInfo
Event: 6.387 loading class build_a9ttowidb7wqghb27t684j1ifBeanInfo done
Event: 6.388 loading class build_a9ttowidb7wqghb27t684j1ifBeanInfo
Event: 6.388 loading class build_a9ttowidb7wqghb27t684j1ifBeanInfo done
Event: 6.388 loading class build_a9ttowidb7wqghb27t684j1ifCustomizer
Event: 6.388 loading class build_a9ttowidb7wqghb27t684j1ifCustomizer done
Event: 6.388 loading class build_a9ttowidb7wqghb27t684j1ifCustomizer
Event: 6.388 loading class build_a9ttowidb7wqghb27t684j1ifCustomizer done
Event: 6.391 loading class groovy/runtime/metaclass/build_a9ttowidb7wqghb27t684j1if$_run_closure1MetaClass
Event: 6.391 loading class groovy/runtime/metaclass/build_a9ttowidb7wqghb27t684j1if$_run_closure1MetaClass done
Event: 6.392 loading class groovy/runtime/metaclass/org/gradle/api/internal/project/DefaultProject_DecoratedMetaClass
Event: 6.392 loading class groovy/runtime/metaclass/org/gradle/api/internal/project/DefaultProject_DecoratedMetaClass done
Event: 6.400 loading class org/gradle/api/internal/project/DefaultProject_DecoratedBeanInfo
Event: 6.400 loading class org/gradle/api/internal/project/DefaultProject_DecoratedBeanInfo done
Event: 6.400 loading class org/gradle/api/internal/project/DefaultProject_DecoratedBeanInfo
Event: 6.400 loading class org/gradle/api/internal/project/DefaultProject_DecoratedBeanInfo done
Event: 6.400 loading class org/gradle/api/internal/project/DefaultProject_DecoratedBeanInfo
Event: 6.400 loading class org/gradle/api/internal/project/DefaultProject_DecoratedBeanInfo done


Dynamic libraries:
0x00007ff70c1e0000 - 0x00007ff70c1ea000 	C:\Program Files\Android\Android Studio\jre\bin\java.exe
0x00007ff951370000 - 0x00007ff951584000 	C:\WINDOWS\SYSTEM32\ntdll.dll
0x00007ff950a80000 - 0x00007ff950b42000 	C:\WINDOWS\System32\KERNEL32.DLL
0x00007ff94ed10000 - 0x00007ff94f0b3000 	C:\WINDOWS\System32\KERNELBASE.dll
0x00007ff94e8a0000 - 0x00007ff94e9b1000 	C:\WINDOWS\System32\ucrtbase.dll
0x00007ff948410000 - 0x00007ff948427000 	C:\Program Files\Android\Android Studio\jre\bin\VCRUNTIME140.dll
0x00007ff948050000 - 0x00007ff948069000 	C:\Program Files\Android\Android Studio\jre\bin\jli.dll
0x00007ff94fcf0000 - 0x00007ff94fe9b000 	C:\WINDOWS\System32\USER32.dll
0x00007ff939080000 - 0x00007ff93930e000 	C:\WINDOWS\WinSxS\amd64_microsoft.windows.common-controls_6595b64144ccf1df_6.0.22621.1635_none_270f70857386168e\COMCTL32.dll
0x00007ff94f0c0000 - 0x00007ff94f0e6000 	C:\WINDOWS\System32\win32u.dll
0x00007ff94f430000 - 0x00007ff94f4d7000 	C:\WINDOWS\System32\msvcrt.dll
0x00007ff94fec0000 - 0x00007ff94fee9000 	C:\WINDOWS\System32\GDI32.dll
0x00007ff94ebf0000 - 0x00007ff94ed08000 	C:\WINDOWS\System32\gdi32full.dll
0x00007ff94e800000 - 0x00007ff94e89a000 	C:\WINDOWS\System32\msvcp_win.dll
0x00007ff950d40000 - 0x00007ff950d71000 	C:\WINDOWS\System32\IMM32.DLL
0x00007ff921810000 - 0x00007ff9218ad000 	C:\Program Files\Android\Android Studio\jre\bin\msvcp140.dll
0x00007ff904250000 - 0x00007ff904d25000 	C:\Program Files\Android\Android Studio\jre\bin\server\jvm.dll
0x00007ff950e00000 - 0x00007ff950eae000 	C:\WINDOWS\System32\ADVAPI32.dll
0x00007ff94f250000 - 0x00007ff94f2f4000 	C:\WINDOWS\System32\sechost.dll
0x00007ff94f300000 - 0x00007ff94f417000 	C:\WINDOWS\System32\RPCRT4.dll
0x00007ff951180000 - 0x00007ff951188000 	C:\WINDOWS\System32\PSAPI.DLL
0x00007ff949c50000 - 0x00007ff949c59000 	C:\WINDOWS\SYSTEM32\WSOCK32.dll
0x00007ff946360000 - 0x00007ff946394000 	C:\WINDOWS\SYSTEM32\WINMM.dll
0x00007ff940470000 - 0x00007ff94047a000 	C:\WINDOWS\SYSTEM32\VERSION.dll
0x00007ff950bb0000 - 0x00007ff950c21000 	C:\WINDOWS\System32\WS2_32.dll
0x00007ff94d8d0000 - 0x00007ff94d8e8000 	C:\WINDOWS\SYSTEM32\kernel.appcore.dll
0x00007ff9483c0000 - 0x00007ff9483d1000 	C:\Program Files\Android\Android Studio\jre\bin\verify.dll
0x00007ff94bd10000 - 0x00007ff94bf3e000 	C:\WINDOWS\SYSTEM32\DBGHELP.DLL
0x00007ff950530000 - 0x00007ff9508b9000 	C:\WINDOWS\System32\combase.dll
0x00007ff950450000 - 0x00007ff950527000 	C:\WINDOWS\System32\OLEAUT32.dll
0x00007ff936740000 - 0x00007ff936772000 	C:\WINDOWS\SYSTEM32\dbgcore.DLL
0x00007ff94f0f0000 - 0x00007ff94f16b000 	C:\WINDOWS\System32\bcryptPrimitives.dll
0x00007ff948390000 - 0x00007ff9483b9000 	C:\Program Files\Android\Android Studio\jre\bin\java.dll
0x00007ff949c20000 - 0x00007ff949c2b000 	C:\Program Files\Android\Android Studio\jre\bin\jimage.dll
0x00007ff948370000 - 0x00007ff948388000 	C:\Program Files\Android\Android Studio\jre\bin\zip.dll
0x00007ff94f4e0000 - 0x00007ff94fcda000 	C:\WINDOWS\System32\SHELL32.dll
0x00007ff94c7a0000 - 0x00007ff94d06e000 	C:\WINDOWS\SYSTEM32\windows.storage.dll
0x00007ff94c660000 - 0x00007ff94c79e000 	C:\WINDOWS\SYSTEM32\wintypes.dll
0x00007ff951080000 - 0x00007ff951171000 	C:\WINDOWS\System32\SHCORE.dll
0x00007ff94fef0000 - 0x00007ff94ff4e000 	C:\WINDOWS\System32\shlwapi.dll
0x00007ff94e6c0000 - 0x00007ff94e6e1000 	C:\WINDOWS\SYSTEM32\profapi.dll
0x00007ff948350000 - 0x00007ff94836a000 	C:\Program Files\Android\Android Studio\jre\bin\net.dll
0x00007ff9476c0000 - 0x00007ff9477f7000 	C:\WINDOWS\SYSTEM32\WINHTTP.dll
0x00007ff94dd40000 - 0x00007ff94dda9000 	C:\WINDOWS\system32\mswsock.dll
0x00007ff948330000 - 0x00007ff948344000 	C:\Program Files\Android\Android Studio\jre\bin\nio.dll
0x00007ff93baa0000 - 0x00007ff93bac7000 	F:\AndroidStudio\Coffee\app\src\main\res\drawable\native\e1d6ef7f7dcc3fd88c89a11ec53ec762bb8ba0a96d01ffa2cd45eb1d1d8dd5c5\windows-amd64\native-platform.dll
0x00007ff908b80000 - 0x00007ff908cc4000 	F:\AndroidStudio\Coffee\app\src\main\res\drawable\native\5664cfc778a61ccfe75a443a1ab52a65af34e5dc3c78e0209fed803814484fcb\windows-amd64\native-platform-file-events.dll
0x00007ff949000000 - 0x00007ff94900a000 	C:\Program Files\Android\Android Studio\jre\bin\management.dll
0x00007ff948d90000 - 0x00007ff948d9d000 	C:\Program Files\Android\Android Studio\jre\bin\management_ext.dll
0x00007ff94dfa0000 - 0x00007ff94dfbb000 	C:\WINDOWS\SYSTEM32\CRYPTSP.dll
0x00007ff94d840000 - 0x00007ff94d875000 	C:\WINDOWS\system32\rsaenh.dll
0x00007ff94de40000 - 0x00007ff94de68000 	C:\WINDOWS\SYSTEM32\USERENV.dll
0x00007ff94e140000 - 0x00007ff94e168000 	C:\WINDOWS\SYSTEM32\bcrypt.dll
0x00007ff94dfc0000 - 0x00007ff94dfcc000 	C:\WINDOWS\SYSTEM32\CRYPTBASE.dll
0x00007ff94d340000 - 0x00007ff94d36d000 	C:\WINDOWS\SYSTEM32\IPHLPAPI.DLL
0x00007ff950c30000 - 0x00007ff950c39000 	C:\WINDOWS\System32\NSI.dll
0x00007ff947820000 - 0x00007ff947839000 	C:\WINDOWS\SYSTEM32\dhcpcsvc6.DLL
0x00007ff947340000 - 0x00007ff94735f000 	C:\WINDOWS\SYSTEM32\dhcpcsvc.DLL
0x00007ff94d370000 - 0x00007ff94d463000 	C:\WINDOWS\SYSTEM32\DNSAPI.dll

dbghelp: loaded successfully - version: 4.0.5 - missing functions: none
symbol engine: initialized successfully - sym options: 0x614 - pdb path: .;C:\Program Files\Android\Android Studio\jre\bin;C:\WINDOWS\SYSTEM32;C:\WINDOWS\WinSxS\amd64_microsoft.windows.common-controls_6595b64144ccf1df_6.0.22621.1635_none_270f70857386168e;C:\Program Files\Android\Android Studio\jre\bin\server;F:\AndroidStudio\Coffee\app\src\main\res\drawable\native\e1d6ef7f7dcc3fd88c89a11ec53ec762bb8ba0a96d01ffa2cd45eb1d1d8dd5c5\windows-amd64;F:\AndroidStudio\Coffee\app\src\main\res\drawable\native\5664cfc778a61ccfe75a443a1ab52a65af34e5dc3c78e0209fed803814484fcb\windows-amd64

VM Arguments:
jvm_args: --add-opens=java.base/java.util=ALL-UNNAMED --add-opens=java.base/java.lang=ALL-UNNAMED --add-opens=java.base/java.lang.invoke=ALL-UNNAMED --add-opens=java.base/java.util=ALL-UNNAMED --add-opens=java.prefs/java.util.prefs=ALL-UNNAMED --add-opens=java.prefs/java.util.prefs=ALL-UNNAMED --add-opens=java.base/java.nio.charset=ALL-UNNAMED --add-opens=java.base/java.net=ALL-UNNAMED --add-opens=java.base/java.util.concurrent.atomic=ALL-UNNAMED -Xmx2048m -Dfile.encoding=UTF-8 -Duser.country=ID -Duser.language=en -Duser.variant 
java_command: org.gradle.launcher.daemon.bootstrap.GradleDaemon 7.2
java_class_path (initial): F:\AndroidStudio\Coffee\app\src\main\res\drawable\wrapper\dists\gradle-7.2-all\260hg96vuh6ex27h9vo47iv4d\gradle-7.2\lib\gradle-launcher-7.2.jar
Launcher Type: SUN_STANDARD

[Global flags]
     intx CICompilerCount                          = 4                                         {product} {ergonomic}
     uint ConcGCThreads                            = 2                                         {product} {ergonomic}
     uint G1ConcRefinementThreads                  = 8                                         {product} {ergonomic}
   size_t G1HeapRegionSize                         = 1048576                                   {product} {ergonomic}
    uintx GCDrainStackTargetSize                   = 64                                        {product} {ergonomic}
   size_t InitialHeapSize                          = 132120576                                 {product} {ergonomic}
   size_t MarkStackSize                            = 4194304                                   {product} {ergonomic}
   size_t MaxHeapSize                              = 2147483648                                {product} {command line}
   size_t MaxNewSize                               = 1287651328                                {product} {ergonomic}
   size_t MinHeapDeltaBytes                        = 1048576                                   {product} {ergonomic}
    uintx NonNMethodCodeHeapSize                   = 5836300                                {pd product} {ergonomic}
    uintx NonProfiledCodeHeapSize                  = 122910970                              {pd product} {ergonomic}
    uintx ProfiledCodeHeapSize                     = 122910970                              {pd product} {ergonomic}
    uintx ReservedCodeCacheSize                    = 251658240                              {pd product} {ergonomic}
     bool SegmentedCodeCache                       = true                                      {product} {ergonomic}
     bool UseCompressedClassPointers               = true                                 {lp64_product} {ergonomic}
     bool UseCompressedOops                        = true                                 {lp64_product} {ergonomic}
     bool UseG1GC                                  = true                                      {product} {ergonomic}
     bool UseLargePagesIndividualAllocation        = false                                  {pd product} {ergonomic}

Logging:
Log output configuration:
 #0: stdout all=warning uptime,level,tags
 #1: stderr all=off uptime,level,tags

Environment Variables:
JAVA_HOME=C:\Program Files (x86)\Java\jdk1.8.0_31\bin
PATH=C:\Program Files (x86)\VMware\VMware Player\bin\;C:\Program Files (x86)\Common Files\Intel\Shared Libraries\redist\intel64\compiler;C:\Program Files (x86)\Common Files\Oracle\Java\javapath;C:\ProgramData\Oracle\Java\javapath;C:\Windows\system32;C:\Windows;C:\Windows\System32\Wbem;C:\Windows\System32\WindowsPowerShell\v1.0\;C:\Windows\System32\OpenSSH\;C:\Program Files (x86)\NVIDIA Corporation\PhysX\Common;C:\Program Files\NVIDIA Corporation\NVIDIA NvDLISR;C:\Program Files\Microsoft\Web Platform Installer\;C:\Program Files (x86)\Microsoft ASP.NET\ASP.NET Web Pages\v1.0\;C:\Program Files (x86)\Windows Kits\8.0\Windows Performance Toolkit\;C:\Program Files\Microsoft SQL Server\110\Tools\Binn\;C:\Users\Tomo\AppData\Local\Programs\Python\Python39\Scripts;C:\WINDOWS\system32;C:\WINDOWS;C:\WINDOWS\System32\Wbem;C:\WINDOWS\System32\WindowsPowerShell\v1.0\;C:\WINDOWS\System32\OpenSSH\;C:\Program Files (x86)\Java\jdk1.8.0_31\bin;C:\Program Files\MySQL\MySQL Server 8.0\bin;C:\Program Files\MySQL\MySQL Shell 8.0\bin\;C:\Users\Tomo\AppData\Local\Microsoft\WindowsApps;C:\Users\Tomo\AppData\Local\Programs\Microsoft VS Code\bin;F:\php-8.1.11-Win32-vs16-x64;
USERNAME=Tomo
OS=Windows_NT
PROCESSOR_IDENTIFIER=Intel64 Family 6 Model 165 Stepping 2, GenuineIntel



---------------  S Y S T E M  ---------------

OS: Windows 10 , 64 bit Build 22621 (10.0.22621.1635)
OS uptime: 1 days 9:05 hours

CPU:total 8 (initial active 8) (4 cores per cpu, 2 threads per core) family 6 model 165 stepping 2 microcode 0xe2, cmov, cx8, fxsr, mmx, sse, sse2, sse3, ssse3, sse4.1, sse4.2, popcnt, avx, avx2, aes, clmul, erms, 3dnowpref, lzcnt, ht, tsc, tscinvbit, bmi1, bmi2, adx, fma

Memory: 4k page, system-wide physical 8060M (62M free)
TotalPageFile size 20560M (AvailPageFile size 0M)
current process WorkingSet (physical memory assigned to process): 281M, peak: 292M
current process commit charge ("private bytes"): 347M, peak: 358M

vm_info: OpenJDK 64-Bit Server VM (11.0.11+9-b60-7590822) for windows-amd64 JRE (11.0.11+9-b60-7590822), built on Jul 29 2021 21:43:44 by "builder" with MS VC++ 14.0 (VS2015)

END.
